{"/Users/everestode/Desktop/POMI/pomi-app/backend/src/app.ts": {"path":"/Users/everestode/Desktop/POMI/pomi-app/backend/src/app.ts","statementMap":{"0":{"start":{"line":1,"column":0},"end":{"line":1,"column":62}},"1":{"start":{"line":2,"column":0},"end":{"line":2,"column":24}},"2":{"start":{"line":3,"column":0},"end":{"line":3,"column":28}},"3":{"start":{"line":4,"column":0},"end":{"line":4,"column":32}},"4":{"start":{"line":5,"column":0},"end":{"line":5,"column":23}},"5":{"start":{"line":6,"column":0},"end":{"line":6,"column":42}},"6":{"start":{"line":8,"column":21},"end":{"line":8,"column":30}},"7":{"start":{"line":9,"column":13},"end":{"line":9,"column":37}},"8":{"start":{"line":10,"column":20},"end":{"line":10,"column":120}},"9":{"start":{"line":13,"column":0},"end":{"line":13,"column":18}},"10":{"start":{"line":14,"column":0},"end":{"line":17,"column":4}},"11":{"start":{"line":18,"column":0},"end":{"line":18,"column":24}},"12":{"start":{"line":19,"column":0},"end":{"line":19,"column":48}},"13":{"start":{"line":22,"column":18},"end":{"line":30,"column":1}},"14":{"start":{"line":23,"column":2},"end":{"line":29,"column":3}},"15":{"start":{"line":24,"column":4},"end":{"line":24,"column":40}},"16":{"start":{"line":25,"column":4},"end":{"line":25,"column":52}},"17":{"start":{"line":27,"column":4},"end":{"line":27,"column":57}},"18":{"start":{"line":28,"column":4},"end":{"line":28,"column":20}},"19":{"start":{"line":33,"column":0},"end":{"line":33,"column":12}},"20":{"start":{"line":36,"column":0},"end":{"line":43,"column":3}},"21":{"start":{"line":37,"column":2},"end":{"line":42,"column":5}},"22":{"start":{"line":46,"column":0},"end":{"line":46,"column":30}},"23":{"start":{"line":49,"column":0},"end":{"line":52,"column":3}},"24":{"start":{"line":50,"column":2},"end":{"line":50,"column":21}},"25":{"start":{"line":51,"column":2},"end":{"line":51,"column":59}},"26":{"start":{"line":56,"column":0},"end":{"line":56,"column":19}}},"fnMap":{"0":{"name":"(anonymous_1)","decl":{"start":{"line":22,"column":18},"end":{"line":22,"column":23}},"loc":{"start":{"line":22,"column":29},"end":{"line":30,"column":1}}},"1":{"name":"(anonymous_2)","decl":{"start":{"line":36,"column":19},"end":{"line":36,"column":20}},"loc":{"start":{"line":36,"column":51},"end":{"line":43,"column":1}}},"2":{"name":"(anonymous_3)","decl":{"start":{"line":49,"column":8},"end":{"line":49,"column":9}},"loc":{"start":{"line":49,"column":50},"end":{"line":52,"column":1}}}},"branchMap":{"0":{"loc":{"start":{"line":9,"column":13},"end":{"line":9,"column":37}},"type":"binary-expr","locations":[{"start":{"line":9,"column":13},"end":{"line":9,"column":29}},{"start":{"line":9,"column":33},"end":{"line":9,"column":37}}]},"1":{"loc":{"start":{"line":10,"column":20},"end":{"line":10,"column":120}},"type":"binary-expr","locations":[{"start":{"line":10,"column":20},"end":{"line":10,"column":43}},{"start":{"line":10,"column":47},"end":{"line":10,"column":120}}]},"2":{"loc":{"start":{"line":15,"column":10},"end":{"line":15,"column":83}},"type":"binary-expr","locations":[{"start":{"line":15,"column":10},"end":{"line":15,"column":54}},{"start":{"line":15,"column":58},"end":{"line":15,"column":83}}]},"3":{"loc":{"start":{"line":41,"column":13},"end":{"line":41,"column":80}},"type":"cond-expr","locations":[{"start":{"line":41,"column":52},"end":{"line":41,"column":63}},{"start":{"line":41,"column":66},"end":{"line":41,"column":80}}]}},"s":{"0":0,"1":0,"2":0,"3":0,"4":0,"5":0,"6":0,"7":0,"8":0,"9":0,"10":0,"11":0,"12":0,"13":0,"14":0,"15":0,"16":0,"17":0,"18":0,"19":0,"20":0,"21":0,"22":0,"23":0,"24":0,"25":0,"26":0},"f":{"0":0,"1":0,"2":0},"b":{"0":[0,0],"1":[0,0],"2":[0,0],"3":[0,0]}}
,"/Users/everestode/Desktop/POMI/pomi-app/backend/src/config/s3.ts": {"path":"/Users/everestode/Desktop/POMI/pomi-app/backend/src/config/s3.ts","statementMap":{"0":{"start":{"line":1,"column":0},"end":{"line":1,"column":48}},"1":{"start":{"line":4,"column":18},"end":{"line":11,"column":2}},"2":{"start":{"line":13,"column":0},"end":{"line":13,"column":null}}},"fnMap":{},"branchMap":{"0":{"loc":{"start":{"line":6,"column":15},"end":{"line":6,"column":56}},"type":"binary-expr","locations":[{"start":{"line":6,"column":15},"end":{"line":6,"column":40}},{"start":{"line":6,"column":44},"end":{"line":6,"column":56}}]},"1":{"loc":{"start":{"line":7,"column":19},"end":{"line":7,"column":60}},"type":"binary-expr","locations":[{"start":{"line":7,"column":19},"end":{"line":7,"column":44}},{"start":{"line":7,"column":48},"end":{"line":7,"column":60}}]},"2":{"loc":{"start":{"line":8,"column":10},"end":{"line":8,"column":41}},"type":"binary-expr","locations":[{"start":{"line":8,"column":10},"end":{"line":8,"column":31}},{"start":{"line":8,"column":35},"end":{"line":8,"column":41}}]},"3":{"loc":{"start":{"line":9,"column":10},"end":{"line":9,"column":47}},"type":"binary-expr","locations":[{"start":{"line":9,"column":10},"end":{"line":9,"column":32}},{"start":{"line":9,"column":36},"end":{"line":9,"column":47}}]}},"s":{"0":0,"1":0,"2":0},"f":{},"b":{"0":[0,0],"1":[0,0],"2":[0,0],"3":[0,0]}}
,"/Users/everestode/Desktop/POMI/pomi-app/backend/src/controllers/admin.controller.ts": {"path":"/Users/everestode/Desktop/POMI/pomi-app/backend/src/controllers/admin.controller.ts","statementMap":{"0":{"start":{"line":3,"column":0},"end":{"line":3,"column":37}},"1":{"start":{"line":4,"column":0},"end":{"line":4,"column":39}},"2":{"start":{"line":5,"column":0},"end":{"line":5,"column":45}},"3":{"start":{"line":7,"column":32},"end":{"line":46,"column":1}},"4":{"start":{"line":8,"column":2},"end":{"line":45,"column":3}},"5":{"start":{"line":10,"column":6},"end":{"line":28,"column":8}},"6":{"start":{"line":31,"column":6},"end":{"line":31,"column":59}},"7":{"start":{"line":33,"column":4},"end":{"line":41,"column":7}},"8":{"start":{"line":43,"column":4},"end":{"line":43,"column":50}},"9":{"start":{"line":44,"column":4},"end":{"line":44,"column":69}},"10":{"start":{"line":7,"column":13},"end":{"line":7,"column":32}},"11":{"start":{"line":48,"column":30},"end":{"line":86,"column":1}},"12":{"start":{"line":49,"column":2},"end":{"line":85,"column":3}},"13":{"start":{"line":50,"column":19},"end":{"line":53,"column":25}},"14":{"start":{"line":55,"column":28},"end":{"line":79,"column":7}},"15":{"start":{"line":55,"column":51},"end":{"line":79,"column":6}},"16":{"start":{"line":72,"column":65},"end":{"line":78,"column":8}},"17":{"start":{"line":81,"column":4},"end":{"line":81,"column":54}},"18":{"start":{"line":83,"column":4},"end":{"line":83,"column":48}},"19":{"start":{"line":84,"column":4},"end":{"line":84,"column":71}},"20":{"start":{"line":48,"column":13},"end":{"line":48,"column":30}},"21":{"start":{"line":88,"column":34},"end":{"line":119,"column":1}},"22":{"start":{"line":89,"column":2},"end":{"line":118,"column":3}},"23":{"start":{"line":90,"column":23},"end":{"line":92,"column":30}},"24":{"start":{"line":94,"column":32},"end":{"line":112,"column":7}},"25":{"start":{"line":94,"column":67},"end":{"line":112,"column":6}},"26":{"start":{"line":114,"column":4},"end":{"line":114,"column":62}},"27":{"start":{"line":116,"column":4},"end":{"line":116,"column":52}},"28":{"start":{"line":117,"column":4},"end":{"line":117,"column":75}},"29":{"start":{"line":88,"column":13},"end":{"line":88,"column":34}},"30":{"start":{"line":121,"column":36},"end":{"line":181,"column":1}},"31":{"start":{"line":125,"column":2},"end":{"line":180,"column":3}},"32":{"start":{"line":126,"column":19},"end":{"line":126,"column":29}},"33":{"start":{"line":127,"column":33},"end":{"line":127,"column":41}},"34":{"start":{"line":129,"column":28},"end":{"line":129,"column":59}},"35":{"start":{"line":131,"column":4},"end":{"line":136,"column":5}},"36":{"start":{"line":132,"column":6},"end":{"line":134,"column":76}},"37":{"start":{"line":135,"column":6},"end":{"line":135,"column":13}},"38":{"start":{"line":138,"column":4},"end":{"line":141,"column":5}},"39":{"start":{"line":139,"column":6},"end":{"line":139,"column":65}},"40":{"start":{"line":140,"column":6},"end":{"line":140,"column":13}},"41":{"start":{"line":143,"column":41},"end":{"line":143,"column":43}},"42":{"start":{"line":144,"column":4},"end":{"line":146,"column":5}},"43":{"start":{"line":145,"column":6},"end":{"line":145,"column":30}},"44":{"start":{"line":147,"column":4},"end":{"line":149,"column":5}},"45":{"start":{"line":148,"column":6},"end":{"line":148,"column":34}},"46":{"start":{"line":151,"column":21},"end":{"line":153,"column":62}},"47":{"start":{"line":155,"column":4},"end":{"line":158,"column":5}},"48":{"start":{"line":156,"column":6},"end":{"line":156,"column":60}},"49":{"start":{"line":157,"column":6},"end":{"line":157,"column":13}},"50":{"start":{"line":160,"column":4},"end":{"line":176,"column":7}},"51":{"start":{"line":178,"column":4},"end":{"line":178,"column":57}},"52":{"start":{"line":179,"column":4},"end":{"line":179,"column":72}},"53":{"start":{"line":121,"column":13},"end":{"line":121,"column":36}}},"fnMap":{"0":{"name":"(anonymous_1)","decl":{"start":{"line":7,"column":32},"end":{"line":7,"column":37}},"loc":{"start":{"line":7,"column":74},"end":{"line":46,"column":1}}},"1":{"name":"(anonymous_2)","decl":{"start":{"line":48,"column":30},"end":{"line":48,"column":35}},"loc":{"start":{"line":48,"column":72},"end":{"line":86,"column":1}}},"2":{"name":"(anonymous_3)","decl":{"start":{"line":55,"column":39},"end":{"line":55,"column":40}},"loc":{"start":{"line":55,"column":51},"end":{"line":79,"column":6}}},"3":{"name":"(anonymous_4)","decl":{"start":{"line":72,"column":45},"end":{"line":72,"column":46}},"loc":{"start":{"line":72,"column":65},"end":{"line":78,"column":8}}},"4":{"name":"(anonymous_5)","decl":{"start":{"line":88,"column":34},"end":{"line":88,"column":39}},"loc":{"start":{"line":88,"column":76},"end":{"line":119,"column":1}}},"5":{"name":"(anonymous_6)","decl":{"start":{"line":94,"column":47},"end":{"line":94,"column":48}},"loc":{"start":{"line":94,"column":67},"end":{"line":112,"column":6}}},"6":{"name":"(anonymous_7)","decl":{"start":{"line":121,"column":36},"end":{"line":121,"column":41}},"loc":{"start":{"line":124,"column":4},"end":{"line":181,"column":1}}}},"branchMap":{"0":{"loc":{"start":{"line":31,"column":6},"end":{"line":31,"column":59}},"type":"cond-expr","locations":[{"start":{"line":31,"column":33},"end":{"line":31,"column":55}},{"start":{"line":31,"column":58},"end":{"line":31,"column":59}}]},"1":{"loc":{"start":{"line":62,"column":24},"end":{"line":70,"column":14}},"type":"cond-expr","locations":[{"start":{"line":63,"column":10},"end":{"line":69,"column":null}},{"start":{"line":70,"column":10},"end":{"line":70,"column":14}}]},"2":{"loc":{"start":{"line":71,"column":21},"end":{"line":71,"column":49}},"type":"binary-expr","locations":[{"start":{"line":71,"column":21},"end":{"line":71,"column":44}},{"start":{"line":71,"column":48},"end":{"line":71,"column":49}}]},"3":{"loc":{"start":{"line":72,"column":18},"end":{"line":72,"column":39}},"type":"binary-expr","locations":[{"start":{"line":72,"column":18},"end":{"line":72,"column":33}},{"start":{"line":72,"column":37},"end":{"line":72,"column":39}}]},"4":{"loc":{"start":{"line":103,"column":13},"end":{"line":111,"column":14}},"type":"cond-expr","locations":[{"start":{"line":104,"column":10},"end":{"line":110,"column":null}},{"start":{"line":111,"column":10},"end":{"line":111,"column":14}}]},"5":{"loc":{"start":{"line":131,"column":4},"end":{"line":136,"column":5}},"type":"if","locations":[{"start":{"line":131,"column":4},"end":{"line":136,"column":5}}]},"6":{"loc":{"start":{"line":131,"column":8},"end":{"line":131,"column":48}},"type":"binary-expr","locations":[{"start":{"line":131,"column":8},"end":{"line":131,"column":15}},{"start":{"line":131,"column":19},"end":{"line":131,"column":48}}]},"7":{"loc":{"start":{"line":138,"column":4},"end":{"line":141,"column":5}},"type":"if","locations":[{"start":{"line":138,"column":4},"end":{"line":141,"column":5}}]},"8":{"loc":{"start":{"line":138,"column":8},"end":{"line":138,"column":51}},"type":"binary-expr","locations":[{"start":{"line":138,"column":8},"end":{"line":138,"column":14}},{"start":{"line":138,"column":18},"end":{"line":138,"column":51}}]},"9":{"loc":{"start":{"line":144,"column":4},"end":{"line":146,"column":5}},"type":"if","locations":[{"start":{"line":144,"column":4},"end":{"line":146,"column":5}}]},"10":{"loc":{"start":{"line":147,"column":4},"end":{"line":149,"column":5}},"type":"if","locations":[{"start":{"line":147,"column":4},"end":{"line":149,"column":5}}]},"11":{"loc":{"start":{"line":155,"column":4},"end":{"line":158,"column":5}},"type":"if","locations":[{"start":{"line":155,"column":4},"end":{"line":158,"column":5}}]},"12":{"loc":{"start":{"line":168,"column":15},"end":{"line":174,"column":16}},"type":"cond-expr","locations":[{"start":{"line":169,"column":12},"end":{"line":173,"column":null}},{"start":{"line":174,"column":12},"end":{"line":174,"column":16}}]}},"s":{"0":0,"1":0,"2":0,"3":0,"4":0,"5":0,"6":0,"7":0,"8":0,"9":0,"10":0,"11":0,"12":0,"13":0,"14":0,"15":0,"16":0,"17":0,"18":0,"19":0,"20":0,"21":0,"22":0,"23":0,"24":0,"25":0,"26":0,"27":0,"28":0,"29":0,"30":0,"31":0,"32":0,"33":0,"34":0,"35":0,"36":0,"37":0,"38":0,"39":0,"40":0,"41":0,"42":0,"43":0,"44":0,"45":0,"46":0,"47":0,"48":0,"49":0,"50":0,"51":0,"52":0,"53":0},"f":{"0":0,"1":0,"2":0,"3":0,"4":0,"5":0,"6":0},"b":{"0":[0,0],"1":[0,0],"2":[0,0],"3":[0,0],"4":[0,0],"5":[0],"6":[0,0],"7":[0],"8":[0,0],"9":[0],"10":[0],"11":[0],"12":[0,0]}}
,"/Users/everestode/Desktop/POMI/pomi-app/backend/src/controllers/auth.controller.ts": {"path":"/Users/everestode/Desktop/POMI/pomi-app/backend/src/controllers/auth.controller.ts","statementMap":{"0":{"start":{"line":3,"column":0},"end":{"line":3,"column":65}},"1":{"start":{"line":4,"column":0},"end":{"line":4,"column":93}},"2":{"start":{"line":5,"column":0},"end":{"line":5,"column":null}},"3":{"start":{"line":10,"column":0},"end":{"line":10,"column":37}},"4":{"start":{"line":12,"column":21},"end":{"line":28,"column":2}},"5":{"start":{"line":30,"column":26},"end":{"line":30,"column":55}},"6":{"start":{"line":36,"column":24},"end":{"line":175,"column":1}},"7":{"start":{"line":40,"column":2},"end":{"line":174,"column":3}},"8":{"start":{"line":41,"column":42},"end":{"line":41,"column":50}},"9":{"start":{"line":42,"column":19},"end":{"line":42,"column":31}},"10":{"start":{"line":43,"column":20},"end":{"line":43,"column":33}},"11":{"start":{"line":44,"column":28},"end":{"line":44,"column":49}},"12":{"start":{"line":45,"column":28},"end":{"line":45,"column":52}},"13":{"start":{"line":48,"column":23},"end":{"line":48,"column":74}},"14":{"start":{"line":49,"column":4},"end":{"line":52,"column":5}},"15":{"start":{"line":50,"column":6},"end":{"line":50,"column":58}},"16":{"start":{"line":51,"column":6},"end":{"line":51,"column":13}},"17":{"start":{"line":55,"column":29},"end":{"line":55,"column":63}},"18":{"start":{"line":56,"column":4},"end":{"line":59,"column":5}},"19":{"start":{"line":57,"column":6},"end":{"line":57,"column":64}},"20":{"start":{"line":58,"column":6},"end":{"line":58,"column":13}},"21":{"start":{"line":61,"column":4},"end":{"line":64,"column":5}},"22":{"start":{"line":62,"column":6},"end":{"line":62,"column":57}},"23":{"start":{"line":63,"column":6},"end":{"line":63,"column":13}},"24":{"start":{"line":67,"column":6},"end":{"line":67,"column":72}},"25":{"start":{"line":68,"column":4},"end":{"line":71,"column":5}},"26":{"start":{"line":69,"column":6},"end":{"line":69,"column":62}},"27":{"start":{"line":70,"column":6},"end":{"line":70,"column":13}},"28":{"start":{"line":72,"column":4},"end":{"line":75,"column":5}},"29":{"start":{"line":73,"column":6},"end":{"line":73,"column":72}},"30":{"start":{"line":74,"column":6},"end":{"line":74,"column":13}},"31":{"start":{"line":77,"column":4},"end":{"line":80,"column":5}},"32":{"start":{"line":78,"column":6},"end":{"line":78,"column":58}},"33":{"start":{"line":79,"column":6},"end":{"line":79,"column":13}},"34":{"start":{"line":81,"column":24},"end":{"line":81,"column":38}},"35":{"start":{"line":82,"column":4},"end":{"line":85,"column":5}},"36":{"start":{"line":83,"column":6},"end":{"line":83,"column":68}},"37":{"start":{"line":84,"column":6},"end":{"line":84,"column":13}},"38":{"start":{"line":87,"column":4},"end":{"line":90,"column":5}},"39":{"start":{"line":88,"column":6},"end":{"line":88,"column":73}},"40":{"start":{"line":89,"column":6},"end":{"line":89,"column":13}},"41":{"start":{"line":91,"column":32},"end":{"line":91,"column":54}},"42":{"start":{"line":93,"column":18},"end":{"line":93,"column":23}},"43":{"start":{"line":94,"column":4},"end":{"line":104,"column":5}},"44":{"start":{"line":95,"column":6},"end":{"line":98,"column":7}},"45":{"start":{"line":96,"column":8},"end":{"line":96,"column":74}},"46":{"start":{"line":97,"column":8},"end":{"line":97,"column":15}},"47":{"start":{"line":99,"column":6},"end":{"line":102,"column":7}},"48":{"start":{"line":100,"column":8},"end":{"line":100,"column":69}},"49":{"start":{"line":101,"column":8},"end":{"line":101,"column":15}},"50":{"start":{"line":103,"column":6},"end":{"line":103,"column":21}},"51":{"start":{"line":107,"column":25},"end":{"line":107,"column":54}},"52":{"start":{"line":108,"column":4},"end":{"line":111,"column":5}},"53":{"start":{"line":109,"column":6},"end":{"line":109,"column":66}},"54":{"start":{"line":110,"column":6},"end":{"line":110,"column":13}},"55":{"start":{"line":114,"column":20},"end":{"line":122,"column":6}},"56":{"start":{"line":124,"column":4},"end":{"line":128,"column":7}},"57":{"start":{"line":130,"column":4},"end":{"line":130,"column":25}},"58":{"start":{"line":132,"column":4},"end":{"line":136,"column":7}},"59":{"start":{"line":139,"column":42},"end":{"line":143,"column":null}},"60":{"start":{"line":147,"column":30},"end":{"line":152,"column":6}},"61":{"start":{"line":155,"column":4},"end":{"line":157,"column":5}},"62":{"start":{"line":156,"column":6},"end":{"line":156,"column":37}},"63":{"start":{"line":158,"column":4},"end":{"line":160,"column":5}},"64":{"start":{"line":159,"column":6},"end":{"line":159,"column":39}},"65":{"start":{"line":161,"column":4},"end":{"line":163,"column":5}},"66":{"start":{"line":162,"column":6},"end":{"line":162,"column":55}},"67":{"start":{"line":164,"column":4},"end":{"line":164,"column":43}},"68":{"start":{"line":166,"column":4},"end":{"line":170,"column":7}},"69":{"start":{"line":172,"column":4},"end":{"line":172,"column":48}},"70":{"start":{"line":173,"column":4},"end":{"line":173,"column":59}},"71":{"start":{"line":36,"column":13},"end":{"line":36,"column":24}},"72":{"start":{"line":181,"column":21},"end":{"line":231,"column":1}},"73":{"start":{"line":182,"column":2},"end":{"line":230,"column":3}},"74":{"start":{"line":183,"column":32},"end":{"line":183,"column":40}},"75":{"start":{"line":186,"column":23},"end":{"line":186,"column":57}},"76":{"start":{"line":187,"column":4},"end":{"line":190,"column":5}},"77":{"start":{"line":188,"column":6},"end":{"line":188,"column":58}},"78":{"start":{"line":189,"column":6},"end":{"line":189,"column":13}},"79":{"start":{"line":193,"column":17},"end":{"line":193,"column":66}},"80":{"start":{"line":194,"column":4},"end":{"line":197,"column":5}},"81":{"start":{"line":195,"column":6},"end":{"line":195,"column":67}},"82":{"start":{"line":196,"column":6},"end":{"line":196,"column":13}},"83":{"start":{"line":200,"column":26},"end":{"line":200,"column":62}},"84":{"start":{"line":201,"column":4},"end":{"line":204,"column":5}},"85":{"start":{"line":202,"column":6},"end":{"line":202,"column":67}},"86":{"start":{"line":203,"column":6},"end":{"line":203,"column":13}},"87":{"start":{"line":207,"column":28},"end":{"line":211,"column":null}},"88":{"start":{"line":214,"column":4},"end":{"line":226,"column":7}},"89":{"start":{"line":228,"column":4},"end":{"line":228,"column":41}},"90":{"start":{"line":229,"column":4},"end":{"line":229,"column":52}},"91":{"start":{"line":181,"column":13},"end":{"line":181,"column":21}},"92":{"start":{"line":237,"column":34},"end":{"line":278,"column":1}},"93":{"start":{"line":241,"column":2},"end":{"line":277,"column":3}},"94":{"start":{"line":242,"column":29},"end":{"line":242,"column":37}},"95":{"start":{"line":244,"column":4},"end":{"line":247,"column":5}},"96":{"start":{"line":245,"column":6},"end":{"line":245,"column":64}},"97":{"start":{"line":246,"column":6},"end":{"line":246,"column":13}},"98":{"start":{"line":250,"column":20},"end":{"line":250,"column":45}},"99":{"start":{"line":251,"column":4},"end":{"line":254,"column":5}},"100":{"start":{"line":252,"column":6},"end":{"line":252,"column":63}},"101":{"start":{"line":253,"column":6},"end":{"line":253,"column":13}},"102":{"start":{"line":257,"column":17},"end":{"line":257,"column":49}},"103":{"start":{"line":258,"column":4},"end":{"line":261,"column":5}},"104":{"start":{"line":259,"column":6},"end":{"line":259,"column":56}},"105":{"start":{"line":260,"column":6},"end":{"line":260,"column":13}},"106":{"start":{"line":264,"column":28},"end":{"line":268,"column":null}},"107":{"start":{"line":271,"column":4},"end":{"line":273,"column":7}},"108":{"start":{"line":275,"column":4},"end":{"line":275,"column":49}},"109":{"start":{"line":276,"column":4},"end":{"line":276,"column":60}},"110":{"start":{"line":237,"column":13},"end":{"line":237,"column":34}},"111":{"start":{"line":284,"column":30},"end":{"line":317,"column":1}},"112":{"start":{"line":288,"column":2},"end":{"line":316,"column":3}},"113":{"start":{"line":289,"column":4},"end":{"line":292,"column":5}},"114":{"start":{"line":290,"column":6},"end":{"line":290,"column":59}},"115":{"start":{"line":291,"column":6},"end":{"line":291,"column":13}},"116":{"start":{"line":295,"column":17},"end":{"line":295,"column":49}},"117":{"start":{"line":296,"column":4},"end":{"line":299,"column":5}},"118":{"start":{"line":297,"column":6},"end":{"line":297,"column":56}},"119":{"start":{"line":298,"column":6},"end":{"line":298,"column":13}},"120":{"start":{"line":301,"column":4},"end":{"line":312,"column":7}},"121":{"start":{"line":314,"column":4},"end":{"line":314,"column":44}},"122":{"start":{"line":315,"column":4},"end":{"line":315,"column":63}},"123":{"start":{"line":284,"column":13},"end":{"line":284,"column":30}},"124":{"start":{"line":323,"column":22},"end":{"line":332,"column":1}},"125":{"start":{"line":324,"column":2},"end":{"line":331,"column":3}},"126":{"start":{"line":327,"column":4},"end":{"line":327,"column":59}},"127":{"start":{"line":329,"column":4},"end":{"line":329,"column":42}},"128":{"start":{"line":330,"column":4},"end":{"line":330,"column":53}},"129":{"start":{"line":323,"column":13},"end":{"line":323,"column":22}}},"fnMap":{"0":{"name":"(anonymous_1)","decl":{"start":{"line":36,"column":24},"end":{"line":36,"column":29}},"loc":{"start":{"line":39,"column":19},"end":{"line":175,"column":1}}},"1":{"name":"(anonymous_2)","decl":{"start":{"line":181,"column":21},"end":{"line":181,"column":26}},"loc":{"start":{"line":181,"column":78},"end":{"line":231,"column":1}}},"2":{"name":"(anonymous_3)","decl":{"start":{"line":237,"column":34},"end":{"line":237,"column":39}},"loc":{"start":{"line":240,"column":19},"end":{"line":278,"column":1}}},"3":{"name":"(anonymous_4)","decl":{"start":{"line":284,"column":30},"end":{"line":284,"column":35}},"loc":{"start":{"line":287,"column":19},"end":{"line":317,"column":1}}},"4":{"name":"(anonymous_5)","decl":{"start":{"line":323,"column":22},"end":{"line":323,"column":27}},"loc":{"start":{"line":323,"column":79},"end":{"line":332,"column":1}}}},"branchMap":{"0":{"loc":{"start":{"line":49,"column":4},"end":{"line":52,"column":5}},"type":"if","locations":[{"start":{"line":49,"column":4},"end":{"line":52,"column":5}}]},"1":{"loc":{"start":{"line":56,"column":4},"end":{"line":59,"column":5}},"type":"if","locations":[{"start":{"line":56,"column":4},"end":{"line":59,"column":5}}]},"2":{"loc":{"start":{"line":61,"column":4},"end":{"line":64,"column":5}},"type":"if","locations":[{"start":{"line":61,"column":4},"end":{"line":64,"column":5}}]},"3":{"loc":{"start":{"line":61,"column":8},"end":{"line":61,"column":64}},"type":"binary-expr","locations":[{"start":{"line":61,"column":8},"end":{"line":61,"column":28}},{"start":{"line":61,"column":32},"end":{"line":61,"column":47}},{"start":{"line":61,"column":51},"end":{"line":61,"column":64}}]},"4":{"loc":{"start":{"line":67,"column":6},"end":{"line":67,"column":72}},"type":"cond-expr","locations":[{"start":{"line":67,"column":35},"end":{"line":67,"column":55}},{"start":{"line":67,"column":58},"end":{"line":67,"column":72}}]},"5":{"loc":{"start":{"line":68,"column":4},"end":{"line":71,"column":5}},"type":"if","locations":[{"start":{"line":68,"column":4},"end":{"line":71,"column":5}}]},"6":{"loc":{"start":{"line":72,"column":4},"end":{"line":75,"column":5}},"type":"if","locations":[{"start":{"line":72,"column":4},"end":{"line":75,"column":5}}]},"7":{"loc":{"start":{"line":72,"column":8},"end":{"line":72,"column":41}},"type":"binary-expr","locations":[{"start":{"line":72,"column":8},"end":{"line":72,"column":22}},{"start":{"line":72,"column":26},"end":{"line":72,"column":41}}]},"8":{"loc":{"start":{"line":77,"column":4},"end":{"line":80,"column":5}},"type":"if","locations":[{"start":{"line":77,"column":4},"end":{"line":80,"column":5}}]},"9":{"loc":{"start":{"line":77,"column":8},"end":{"line":77,"column":60}},"type":"binary-expr","locations":[{"start":{"line":77,"column":8},"end":{"line":77,"column":35}},{"start":{"line":77,"column":39},"end":{"line":77,"column":60}}]},"10":{"loc":{"start":{"line":82,"column":4},"end":{"line":85,"column":5}},"type":"if","locations":[{"start":{"line":82,"column":4},"end":{"line":85,"column":5}}]},"11":{"loc":{"start":{"line":87,"column":4},"end":{"line":90,"column":5}},"type":"if","locations":[{"start":{"line":87,"column":4},"end":{"line":90,"column":5}}]},"12":{"loc":{"start":{"line":87,"column":8},"end":{"line":87,"column":76}},"type":"binary-expr","locations":[{"start":{"line":87,"column":8},"end":{"line":87,"column":43}},{"start":{"line":87,"column":47},"end":{"line":87,"column":76}}]},"13":{"loc":{"start":{"line":94,"column":4},"end":{"line":104,"column":5}},"type":"if","locations":[{"start":{"line":94,"column":4},"end":{"line":104,"column":5}}]},"14":{"loc":{"start":{"line":95,"column":6},"end":{"line":98,"column":7}},"type":"if","locations":[{"start":{"line":95,"column":6},"end":{"line":98,"column":7}}]},"15":{"loc":{"start":{"line":99,"column":6},"end":{"line":102,"column":7}},"type":"if","locations":[{"start":{"line":99,"column":6},"end":{"line":102,"column":7}}]},"16":{"loc":{"start":{"line":108,"column":4},"end":{"line":111,"column":5}},"type":"if","locations":[{"start":{"line":108,"column":4},"end":{"line":111,"column":5}}]},"17":{"loc":{"start":{"line":155,"column":4},"end":{"line":157,"column":5}},"type":"if","locations":[{"start":{"line":155,"column":4},"end":{"line":157,"column":5}}]},"18":{"loc":{"start":{"line":155,"column":8},"end":{"line":155,"column":57}},"type":"binary-expr","locations":[{"start":{"line":155,"column":8},"end":{"line":155,"column":33}},{"start":{"line":155,"column":37},"end":{"line":155,"column":57}}]},"19":{"loc":{"start":{"line":158,"column":4},"end":{"line":160,"column":5}},"type":"if","locations":[{"start":{"line":158,"column":4},"end":{"line":160,"column":5}}]},"20":{"loc":{"start":{"line":158,"column":8},"end":{"line":158,"column":59}},"type":"binary-expr","locations":[{"start":{"line":158,"column":8},"end":{"line":158,"column":34}},{"start":{"line":158,"column":38},"end":{"line":158,"column":59}}]},"21":{"loc":{"start":{"line":161,"column":4},"end":{"line":163,"column":5}},"type":"if","locations":[{"start":{"line":161,"column":4},"end":{"line":163,"column":5}}]},"22":{"loc":{"start":{"line":161,"column":8},"end":{"line":161,"column":75}},"type":"binary-expr","locations":[{"start":{"line":161,"column":8},"end":{"line":161,"column":42}},{"start":{"line":161,"column":46},"end":{"line":161,"column":75}}]},"23":{"loc":{"start":{"line":187,"column":4},"end":{"line":190,"column":5}},"type":"if","locations":[{"start":{"line":187,"column":4},"end":{"line":190,"column":5}}]},"24":{"loc":{"start":{"line":194,"column":4},"end":{"line":197,"column":5}},"type":"if","locations":[{"start":{"line":194,"column":4},"end":{"line":197,"column":5}}]},"25":{"loc":{"start":{"line":201,"column":4},"end":{"line":204,"column":5}},"type":"if","locations":[{"start":{"line":201,"column":4},"end":{"line":204,"column":5}}]},"26":{"loc":{"start":{"line":244,"column":4},"end":{"line":247,"column":5}},"type":"if","locations":[{"start":{"line":244,"column":4},"end":{"line":247,"column":5}}]},"27":{"loc":{"start":{"line":251,"column":4},"end":{"line":254,"column":5}},"type":"if","locations":[{"start":{"line":251,"column":4},"end":{"line":254,"column":5}}]},"28":{"loc":{"start":{"line":258,"column":4},"end":{"line":261,"column":5}},"type":"if","locations":[{"start":{"line":258,"column":4},"end":{"line":261,"column":5}}]},"29":{"loc":{"start":{"line":289,"column":4},"end":{"line":292,"column":5}},"type":"if","locations":[{"start":{"line":289,"column":4},"end":{"line":292,"column":5}}]},"30":{"loc":{"start":{"line":296,"column":4},"end":{"line":299,"column":5}},"type":"if","locations":[{"start":{"line":296,"column":4},"end":{"line":299,"column":5}}]}},"s":{"0":0,"1":0,"2":0,"3":0,"4":0,"5":0,"6":0,"7":0,"8":0,"9":0,"10":0,"11":0,"12":0,"13":0,"14":0,"15":0,"16":0,"17":0,"18":0,"19":0,"20":0,"21":0,"22":0,"23":0,"24":0,"25":0,"26":0,"27":0,"28":0,"29":0,"30":0,"31":0,"32":0,"33":0,"34":0,"35":0,"36":0,"37":0,"38":0,"39":0,"40":0,"41":0,"42":0,"43":0,"44":0,"45":0,"46":0,"47":0,"48":0,"49":0,"50":0,"51":0,"52":0,"53":0,"54":0,"55":0,"56":0,"57":0,"58":0,"59":0,"60":0,"61":0,"62":0,"63":0,"64":0,"65":0,"66":0,"67":0,"68":0,"69":0,"70":0,"71":0,"72":0,"73":0,"74":0,"75":0,"76":0,"77":0,"78":0,"79":0,"80":0,"81":0,"82":0,"83":0,"84":0,"85":0,"86":0,"87":0,"88":0,"89":0,"90":0,"91":0,"92":0,"93":0,"94":0,"95":0,"96":0,"97":0,"98":0,"99":0,"100":0,"101":0,"102":0,"103":0,"104":0,"105":0,"106":0,"107":0,"108":0,"109":0,"110":0,"111":0,"112":0,"113":0,"114":0,"115":0,"116":0,"117":0,"118":0,"119":0,"120":0,"121":0,"122":0,"123":0,"124":0,"125":0,"126":0,"127":0,"128":0,"129":0},"f":{"0":0,"1":0,"2":0,"3":0,"4":0},"b":{"0":[0],"1":[0],"2":[0],"3":[0,0,0],"4":[0,0],"5":[0],"6":[0],"7":[0,0],"8":[0],"9":[0,0],"10":[0],"11":[0],"12":[0,0],"13":[0],"14":[0],"15":[0],"16":[0],"17":[0],"18":[0,0],"19":[0],"20":[0,0],"21":[0],"22":[0,0],"23":[0],"24":[0],"25":[0],"26":[0],"27":[0],"28":[0],"29":[0],"30":[0]}}
,"/Users/everestode/Desktop/POMI/pomi-app/backend/src/controllers/authController.ts": {"path":"/Users/everestode/Desktop/POMI/pomi-app/backend/src/controllers/authController.ts","statementMap":{"0":{"start":{"line":2,"column":0},"end":{"line":2,"column":31}},"1":{"start":{"line":3,"column":0},"end":{"line":3,"column":37}},"2":{"start":{"line":5,"column":19},"end":{"line":5,"column":83}},"3":{"start":{"line":6,"column":19},"end":{"line":6,"column":49}},"4":{"start":{"line":7,"column":26},"end":{"line":7,"column":55}},"5":{"start":{"line":9,"column":21},"end":{"line":25,"column":2}},"6":{"start":{"line":28,"column":22},"end":{"line":30,"column":1}},"7":{"start":{"line":29,"column":2},"end":{"line":29,"column":76}},"8":{"start":{"line":33,"column":24},"end":{"line":151,"column":1}},"9":{"start":{"line":34,"column":2},"end":{"line":150,"column":3}},"10":{"start":{"line":35,"column":42},"end":{"line":35,"column":50}},"11":{"start":{"line":36,"column":19},"end":{"line":36,"column":31}},"12":{"start":{"line":37,"column":20},"end":{"line":37,"column":33}},"13":{"start":{"line":38,"column":28},"end":{"line":38,"column":49}},"14":{"start":{"line":39,"column":28},"end":{"line":39,"column":52}},"15":{"start":{"line":42,"column":4},"end":{"line":44,"column":5}},"16":{"start":{"line":43,"column":6},"end":{"line":43,"column":91}},"17":{"start":{"line":47,"column":23},"end":{"line":47,"column":51}},"18":{"start":{"line":48,"column":4},"end":{"line":50,"column":5}},"19":{"start":{"line":49,"column":6},"end":{"line":49,"column":69}},"20":{"start":{"line":53,"column":4},"end":{"line":55,"column":5}},"21":{"start":{"line":54,"column":6},"end":{"line":54,"column":87}},"22":{"start":{"line":58,"column":25},"end":{"line":58,"column":75}},"23":{"start":{"line":59,"column":4},"end":{"line":61,"column":5}},"24":{"start":{"line":60,"column":6},"end":{"line":60,"column":73}},"25":{"start":{"line":64,"column":4},"end":{"line":66,"column":5}},"26":{"start":{"line":65,"column":6},"end":{"line":65,"column":64}},"27":{"start":{"line":69,"column":6},"end":{"line":69,"column":72}},"28":{"start":{"line":70,"column":4},"end":{"line":72,"column":5}},"29":{"start":{"line":71,"column":6},"end":{"line":71,"column":69}},"30":{"start":{"line":73,"column":4},"end":{"line":75,"column":5}},"31":{"start":{"line":74,"column":6},"end":{"line":74,"column":79}},"32":{"start":{"line":76,"column":4},"end":{"line":76,"column":27}},"33":{"start":{"line":78,"column":4},"end":{"line":80,"column":5}},"34":{"start":{"line":79,"column":6},"end":{"line":79,"column":65}},"35":{"start":{"line":81,"column":24},"end":{"line":81,"column":38}},"36":{"start":{"line":82,"column":4},"end":{"line":84,"column":5}},"37":{"start":{"line":83,"column":6},"end":{"line":83,"column":75}},"38":{"start":{"line":86,"column":4},"end":{"line":88,"column":5}},"39":{"start":{"line":87,"column":6},"end":{"line":87,"column":80}},"40":{"start":{"line":89,"column":31},"end":{"line":89,"column":53}},"41":{"start":{"line":91,"column":18},"end":{"line":91,"column":23}},"42":{"start":{"line":92,"column":4},"end":{"line":100,"column":5}},"43":{"start":{"line":93,"column":6},"end":{"line":95,"column":7}},"44":{"start":{"line":94,"column":8},"end":{"line":94,"column":81}},"45":{"start":{"line":96,"column":6},"end":{"line":98,"column":7}},"46":{"start":{"line":97,"column":8},"end":{"line":97,"column":76}},"47":{"start":{"line":99,"column":6},"end":{"line":99,"column":21}},"48":{"start":{"line":103,"column":20},"end":{"line":111,"column":6}},"49":{"start":{"line":113,"column":4},"end":{"line":113,"column":25}},"50":{"start":{"line":116,"column":18},"end":{"line":116,"column":55}},"51":{"start":{"line":119,"column":32},"end":{"line":128,"column":6}},"52":{"start":{"line":130,"column":4},"end":{"line":134,"column":7}},"53":{"start":{"line":136,"column":4},"end":{"line":136,"column":44}},"54":{"start":{"line":139,"column":4},"end":{"line":142,"column":5}},"55":{"start":{"line":140,"column":23},"end":{"line":140,"column":81}},"56":{"start":{"line":140,"column":69},"end":{"line":140,"column":80}},"57":{"start":{"line":141,"column":6},"end":{"line":141,"column":66}},"58":{"start":{"line":145,"column":4},"end":{"line":147,"column":5}},"59":{"start":{"line":146,"column":6},"end":{"line":146,"column":73}},"60":{"start":{"line":149,"column":4},"end":{"line":149,"column":59}},"61":{"start":{"line":33,"column":13},"end":{"line":33,"column":24}},"62":{"start":{"line":154,"column":21},"end":{"line":199,"column":1}},"63":{"start":{"line":155,"column":2},"end":{"line":198,"column":3}},"64":{"start":{"line":156,"column":32},"end":{"line":156,"column":40}},"65":{"start":{"line":159,"column":4},"end":{"line":161,"column":5}},"66":{"start":{"line":160,"column":6},"end":{"line":160,"column":80}},"67":{"start":{"line":164,"column":17},"end":{"line":164,"column":87}},"68":{"start":{"line":165,"column":4},"end":{"line":167,"column":5}},"69":{"start":{"line":166,"column":6},"end":{"line":166,"column":74}},"70":{"start":{"line":170,"column":28},"end":{"line":170,"column":64}},"71":{"start":{"line":171,"column":4},"end":{"line":173,"column":5}},"72":{"start":{"line":172,"column":6},"end":{"line":172,"column":74}},"73":{"start":{"line":176,"column":18},"end":{"line":176,"column":52}},"74":{"start":{"line":179,"column":32},"end":{"line":188,"column":6}},"75":{"start":{"line":190,"column":4},"end":{"line":194,"column":7}},"76":{"start":{"line":196,"column":4},"end":{"line":196,"column":41}},"77":{"start":{"line":197,"column":4},"end":{"line":197,"column":52}},"78":{"start":{"line":154,"column":13},"end":{"line":154,"column":21}},"79":{"start":{"line":202,"column":30},"end":{"line":231,"column":1}},"80":{"start":{"line":203,"column":2},"end":{"line":230,"column":3}},"81":{"start":{"line":204,"column":20},"end":{"line":204,"column":38}},"82":{"start":{"line":206,"column":4},"end":{"line":208,"column":5}},"83":{"start":{"line":207,"column":6},"end":{"line":207,"column":61}},"84":{"start":{"line":210,"column":17},"end":{"line":210,"column":44}},"85":{"start":{"line":211,"column":4},"end":{"line":213,"column":5}},"86":{"start":{"line":212,"column":6},"end":{"line":212,"column":63}},"87":{"start":{"line":215,"column":4},"end":{"line":226,"column":7}},"88":{"start":{"line":228,"column":4},"end":{"line":228,"column":52}},"89":{"start":{"line":229,"column":4},"end":{"line":229,"column":60}},"90":{"start":{"line":202,"column":13},"end":{"line":202,"column":30}}},"fnMap":{"0":{"name":"(anonymous_1)","decl":{"start":{"line":28,"column":22},"end":{"line":28,"column":23}},"loc":{"start":{"line":28,"column":49},"end":{"line":30,"column":1}}},"1":{"name":"(anonymous_2)","decl":{"start":{"line":33,"column":24},"end":{"line":33,"column":29}},"loc":{"start":{"line":33,"column":62},"end":{"line":151,"column":1}}},"2":{"name":"(anonymous_3)","decl":{"start":{"line":140,"column":55},"end":{"line":140,"column":56}},"loc":{"start":{"line":140,"column":69},"end":{"line":140,"column":80}}},"3":{"name":"(anonymous_4)","decl":{"start":{"line":154,"column":21},"end":{"line":154,"column":26}},"loc":{"start":{"line":154,"column":59},"end":{"line":199,"column":1}}},"4":{"name":"(anonymous_5)","decl":{"start":{"line":202,"column":30},"end":{"line":202,"column":35}},"loc":{"start":{"line":202,"column":68},"end":{"line":231,"column":1}}}},"branchMap":{"0":{"loc":{"start":{"line":5,"column":19},"end":{"line":5,"column":83}},"type":"binary-expr","locations":[{"start":{"line":5,"column":19},"end":{"line":5,"column":41}},{"start":{"line":5,"column":45},"end":{"line":5,"column":83}}]},"1":{"loc":{"start":{"line":6,"column":19},"end":{"line":6,"column":49}},"type":"binary-expr","locations":[{"start":{"line":6,"column":19},"end":{"line":6,"column":41}},{"start":{"line":6,"column":45},"end":{"line":6,"column":49}}]},"2":{"loc":{"start":{"line":42,"column":4},"end":{"line":44,"column":5}},"type":"if","locations":[{"start":{"line":42,"column":4},"end":{"line":44,"column":5}}]},"3":{"loc":{"start":{"line":42,"column":8},"end":{"line":42,"column":40}},"type":"binary-expr","locations":[{"start":{"line":42,"column":8},"end":{"line":42,"column":14}},{"start":{"line":42,"column":18},"end":{"line":42,"column":27}},{"start":{"line":42,"column":31},"end":{"line":42,"column":40}}]},"4":{"loc":{"start":{"line":48,"column":4},"end":{"line":50,"column":5}},"type":"if","locations":[{"start":{"line":48,"column":4},"end":{"line":50,"column":5}}]},"5":{"loc":{"start":{"line":53,"column":4},"end":{"line":55,"column":5}},"type":"if","locations":[{"start":{"line":53,"column":4},"end":{"line":55,"column":5}}]},"6":{"loc":{"start":{"line":59,"column":4},"end":{"line":61,"column":5}},"type":"if","locations":[{"start":{"line":59,"column":4},"end":{"line":61,"column":5}}]},"7":{"loc":{"start":{"line":64,"column":4},"end":{"line":66,"column":5}},"type":"if","locations":[{"start":{"line":64,"column":4},"end":{"line":66,"column":5}}]},"8":{"loc":{"start":{"line":64,"column":8},"end":{"line":64,"column":64}},"type":"binary-expr","locations":[{"start":{"line":64,"column":8},"end":{"line":64,"column":28}},{"start":{"line":64,"column":32},"end":{"line":64,"column":47}},{"start":{"line":64,"column":51},"end":{"line":64,"column":64}}]},"9":{"loc":{"start":{"line":69,"column":6},"end":{"line":69,"column":72}},"type":"cond-expr","locations":[{"start":{"line":69,"column":35},"end":{"line":69,"column":55}},{"start":{"line":69,"column":58},"end":{"line":69,"column":72}}]},"10":{"loc":{"start":{"line":70,"column":4},"end":{"line":72,"column":5}},"type":"if","locations":[{"start":{"line":70,"column":4},"end":{"line":72,"column":5}}]},"11":{"loc":{"start":{"line":73,"column":4},"end":{"line":75,"column":5}},"type":"if","locations":[{"start":{"line":73,"column":4},"end":{"line":75,"column":5}}]},"12":{"loc":{"start":{"line":73,"column":8},"end":{"line":73,"column":43}},"type":"binary-expr","locations":[{"start":{"line":73,"column":8},"end":{"line":73,"column":23}},{"start":{"line":73,"column":27},"end":{"line":73,"column":43}}]},"13":{"loc":{"start":{"line":78,"column":4},"end":{"line":80,"column":5}},"type":"if","locations":[{"start":{"line":78,"column":4},"end":{"line":80,"column":5}}]},"14":{"loc":{"start":{"line":78,"column":8},"end":{"line":78,"column":60}},"type":"binary-expr","locations":[{"start":{"line":78,"column":8},"end":{"line":78,"column":35}},{"start":{"line":78,"column":39},"end":{"line":78,"column":60}}]},"15":{"loc":{"start":{"line":82,"column":4},"end":{"line":84,"column":5}},"type":"if","locations":[{"start":{"line":82,"column":4},"end":{"line":84,"column":5}}]},"16":{"loc":{"start":{"line":86,"column":4},"end":{"line":88,"column":5}},"type":"if","locations":[{"start":{"line":86,"column":4},"end":{"line":88,"column":5}}]},"17":{"loc":{"start":{"line":86,"column":8},"end":{"line":86,"column":76}},"type":"binary-expr","locations":[{"start":{"line":86,"column":8},"end":{"line":86,"column":43}},{"start":{"line":86,"column":47},"end":{"line":86,"column":76}}]},"18":{"loc":{"start":{"line":92,"column":4},"end":{"line":100,"column":5}},"type":"if","locations":[{"start":{"line":92,"column":4},"end":{"line":100,"column":5}}]},"19":{"loc":{"start":{"line":93,"column":6},"end":{"line":95,"column":7}},"type":"if","locations":[{"start":{"line":93,"column":6},"end":{"line":95,"column":7}}]},"20":{"loc":{"start":{"line":96,"column":6},"end":{"line":98,"column":7}},"type":"if","locations":[{"start":{"line":96,"column":6},"end":{"line":98,"column":7}}]},"21":{"loc":{"start":{"line":139,"column":4},"end":{"line":142,"column":5}},"type":"if","locations":[{"start":{"line":139,"column":4},"end":{"line":142,"column":5}}]},"22":{"loc":{"start":{"line":145,"column":4},"end":{"line":147,"column":5}},"type":"if","locations":[{"start":{"line":145,"column":4},"end":{"line":147,"column":5}}]},"23":{"loc":{"start":{"line":159,"column":4},"end":{"line":161,"column":5}},"type":"if","locations":[{"start":{"line":159,"column":4},"end":{"line":161,"column":5}}]},"24":{"loc":{"start":{"line":159,"column":8},"end":{"line":159,"column":27}},"type":"binary-expr","locations":[{"start":{"line":159,"column":8},"end":{"line":159,"column":14}},{"start":{"line":159,"column":18},"end":{"line":159,"column":27}}]},"25":{"loc":{"start":{"line":165,"column":4},"end":{"line":167,"column":5}},"type":"if","locations":[{"start":{"line":165,"column":4},"end":{"line":167,"column":5}}]},"26":{"loc":{"start":{"line":171,"column":4},"end":{"line":173,"column":5}},"type":"if","locations":[{"start":{"line":171,"column":4},"end":{"line":173,"column":5}}]},"27":{"loc":{"start":{"line":184,"column":10},"end":{"line":184,"column":78}},"type":"cond-expr","locations":[{"start":{"line":184,"column":56},"end":{"line":184,"column":73}},{"start":{"line":184,"column":76},"end":{"line":184,"column":78}}]},"28":{"loc":{"start":{"line":184,"column":10},"end":{"line":184,"column":53}},"type":"binary-expr","locations":[{"start":{"line":184,"column":10},"end":{"line":184,"column":32}},{"start":{"line":184,"column":36},"end":{"line":184,"column":53}}]},"29":{"loc":{"start":{"line":185,"column":10},"end":{"line":185,"column":46}},"type":"cond-expr","locations":[{"start":{"line":185,"column":22},"end":{"line":185,"column":41}},{"start":{"line":185,"column":44},"end":{"line":185,"column":46}}]},"30":{"loc":{"start":{"line":186,"column":10},"end":{"line":186,"column":70}},"type":"cond-expr","locations":[{"start":{"line":186,"column":30},"end":{"line":186,"column":65}},{"start":{"line":186,"column":68},"end":{"line":186,"column":70}}]},"31":{"loc":{"start":{"line":206,"column":4},"end":{"line":208,"column":5}},"type":"if","locations":[{"start":{"line":206,"column":4},"end":{"line":208,"column":5}}]},"32":{"loc":{"start":{"line":211,"column":4},"end":{"line":213,"column":5}},"type":"if","locations":[{"start":{"line":211,"column":4},"end":{"line":213,"column":5}}]},"33":{"loc":{"start":{"line":221,"column":12},"end":{"line":221,"column":80}},"type":"cond-expr","locations":[{"start":{"line":221,"column":58},"end":{"line":221,"column":75}},{"start":{"line":221,"column":78},"end":{"line":221,"column":80}}]},"34":{"loc":{"start":{"line":221,"column":12},"end":{"line":221,"column":55}},"type":"binary-expr","locations":[{"start":{"line":221,"column":12},"end":{"line":221,"column":34}},{"start":{"line":221,"column":38},"end":{"line":221,"column":55}}]},"35":{"loc":{"start":{"line":222,"column":12},"end":{"line":222,"column":48}},"type":"cond-expr","locations":[{"start":{"line":222,"column":24},"end":{"line":222,"column":43}},{"start":{"line":222,"column":46},"end":{"line":222,"column":48}}]},"36":{"loc":{"start":{"line":223,"column":12},"end":{"line":223,"column":72}},"type":"cond-expr","locations":[{"start":{"line":223,"column":32},"end":{"line":223,"column":67}},{"start":{"line":223,"column":70},"end":{"line":223,"column":72}}]}},"s":{"0":0,"1":0,"2":0,"3":0,"4":0,"5":0,"6":0,"7":0,"8":0,"9":0,"10":0,"11":0,"12":0,"13":0,"14":0,"15":0,"16":0,"17":0,"18":0,"19":0,"20":0,"21":0,"22":0,"23":0,"24":0,"25":0,"26":0,"27":0,"28":0,"29":0,"30":0,"31":0,"32":0,"33":0,"34":0,"35":0,"36":0,"37":0,"38":0,"39":0,"40":0,"41":0,"42":0,"43":0,"44":0,"45":0,"46":0,"47":0,"48":0,"49":0,"50":0,"51":0,"52":0,"53":0,"54":0,"55":0,"56":0,"57":0,"58":0,"59":0,"60":0,"61":0,"62":0,"63":0,"64":0,"65":0,"66":0,"67":0,"68":0,"69":0,"70":0,"71":0,"72":0,"73":0,"74":0,"75":0,"76":0,"77":0,"78":0,"79":0,"80":0,"81":0,"82":0,"83":0,"84":0,"85":0,"86":0,"87":0,"88":0,"89":0,"90":0},"f":{"0":0,"1":0,"2":0,"3":0,"4":0},"b":{"0":[0,0],"1":[0,0],"2":[0],"3":[0,0,0],"4":[0],"5":[0],"6":[0],"7":[0],"8":[0,0,0],"9":[0,0],"10":[0],"11":[0],"12":[0,0],"13":[0],"14":[0,0],"15":[0],"16":[0],"17":[0,0],"18":[0],"19":[0],"20":[0],"21":[0],"22":[0],"23":[0],"24":[0,0],"25":[0],"26":[0],"27":[0,0],"28":[0,0],"29":[0,0],"30":[0,0],"31":[0],"32":[0],"33":[0,0],"34":[0,0],"35":[0,0],"36":[0,0]}}
,"/Users/everestode/Desktop/POMI/pomi-app/backend/src/controllers/business.controller.ts": {"path":"/Users/everestode/Desktop/POMI/pomi-app/backend/src/controllers/business.controller.ts","statementMap":{"0":{"start":{"line":3,"column":0},"end":{"line":3,"column":45}},"1":{"start":{"line":4,"column":0},"end":{"line":4,"column":37}},"2":{"start":{"line":10,"column":30},"end":{"line":55,"column":1}},"3":{"start":{"line":14,"column":2},"end":{"line":54,"column":3}},"4":{"start":{"line":15,"column":75},"end":{"line":15,"column":83}},"5":{"start":{"line":17,"column":20},"end":{"line":17,"column":38}},"6":{"start":{"line":18,"column":4},"end":{"line":21,"column":5}},"7":{"start":{"line":19,"column":6},"end":{"line":19,"column":54}},"8":{"start":{"line":20,"column":6},"end":{"line":20,"column":13}},"9":{"start":{"line":23,"column":4},"end":{"line":26,"column":5}},"10":{"start":{"line":24,"column":6},"end":{"line":24,"column":81}},"11":{"start":{"line":25,"column":6},"end":{"line":25,"column":13}},"12":{"start":{"line":29,"column":17},"end":{"line":29,"column":44}},"13":{"start":{"line":30,"column":4},"end":{"line":33,"column":5}},"14":{"start":{"line":31,"column":6},"end":{"line":31,"column":56}},"15":{"start":{"line":32,"column":6},"end":{"line":32,"column":13}},"16":{"start":{"line":35,"column":21},"end":{"line":46,"column":6}},"17":{"start":{"line":48,"column":4},"end":{"line":48,"column":26}},"18":{"start":{"line":50,"column":4},"end":{"line":50,"column":81}},"19":{"start":{"line":52,"column":4},"end":{"line":52,"column":51}},"20":{"start":{"line":53,"column":4},"end":{"line":53,"column":65}},"21":{"start":{"line":10,"column":13},"end":{"line":10,"column":30}},"22":{"start":{"line":61,"column":30},"end":{"line":103,"column":1}},"23":{"start":{"line":65,"column":2},"end":{"line":102,"column":3}},"24":{"start":{"line":66,"column":65},"end":{"line":66,"column":74}},"25":{"start":{"line":67,"column":20},"end":{"line":67,"column":44}},"26":{"start":{"line":68,"column":21},"end":{"line":68,"column":46}},"27":{"start":{"line":70,"column":24},"end":{"line":70,"column":26}},"28":{"start":{"line":72,"column":4},"end":{"line":74,"column":5}},"29":{"start":{"line":73,"column":6},"end":{"line":73,"column":33}},"30":{"start":{"line":76,"column":4},"end":{"line":78,"column":5}},"31":{"start":{"line":77,"column":6},"end":{"line":77,"column":44}},"32":{"start":{"line":80,"column":4},"end":{"line":82,"column":5}},"33":{"start":{"line":81,"column":6},"end":{"line":81,"column":41}},"34":{"start":{"line":84,"column":18},"end":{"line":84,"column":55}},"35":{"start":{"line":85,"column":23},"end":{"line":89,"column":22}},"36":{"start":{"line":91,"column":4},"end":{"line":98,"column":7}},"37":{"start":{"line":100,"column":4},"end":{"line":100,"column":51}},"38":{"start":{"line":101,"column":4},"end":{"line":101,"column":65}},"39":{"start":{"line":61,"column":13},"end":{"line":61,"column":30}},"40":{"start":{"line":109,"column":27},"end":{"line":129,"column":1}},"41":{"start":{"line":113,"column":2},"end":{"line":128,"column":3}},"42":{"start":{"line":114,"column":19},"end":{"line":114,"column":29}},"43":{"start":{"line":116,"column":21},"end":{"line":117,"column":44}},"44":{"start":{"line":119,"column":4},"end":{"line":122,"column":5}},"45":{"start":{"line":120,"column":6},"end":{"line":120,"column":60}},"46":{"start":{"line":121,"column":6},"end":{"line":121,"column":13}},"47":{"start":{"line":124,"column":4},"end":{"line":124,"column":45}},"48":{"start":{"line":126,"column":4},"end":{"line":126,"column":48}},"49":{"start":{"line":127,"column":4},"end":{"line":127,"column":62}},"50":{"start":{"line":109,"column":13},"end":{"line":109,"column":27}},"51":{"start":{"line":135,"column":30},"end":{"line":176,"column":1}},"52":{"start":{"line":139,"column":2},"end":{"line":175,"column":3}},"53":{"start":{"line":140,"column":19},"end":{"line":140,"column":29}},"54":{"start":{"line":142,"column":20},"end":{"line":142,"column":38}},"55":{"start":{"line":143,"column":4},"end":{"line":146,"column":5}},"56":{"start":{"line":144,"column":6},"end":{"line":144,"column":54}},"57":{"start":{"line":145,"column":6},"end":{"line":145,"column":13}},"58":{"start":{"line":148,"column":21},"end":{"line":148,"column":48}},"59":{"start":{"line":149,"column":4},"end":{"line":152,"column":5}},"60":{"start":{"line":150,"column":6},"end":{"line":150,"column":60}},"61":{"start":{"line":151,"column":6},"end":{"line":151,"column":13}},"62":{"start":{"line":155,"column":4},"end":{"line":158,"column":5}},"63":{"start":{"line":156,"column":6},"end":{"line":156,"column":81}},"64":{"start":{"line":157,"column":6},"end":{"line":157,"column":13}},"65":{"start":{"line":160,"column":26},"end":{"line":160,"column":108}},"66":{"start":{"line":161,"column":25},"end":{"line":161,"column":27}},"67":{"start":{"line":163,"column":4},"end":{"line":167,"column":7}},"68":{"start":{"line":164,"column":6},"end":{"line":166,"column":7}},"69":{"start":{"line":165,"column":8},"end":{"line":165,"column":41}},"70":{"start":{"line":169,"column":28},"end":{"line":169,"column":88}},"71":{"start":{"line":171,"column":4},"end":{"line":171,"column":98}},"72":{"start":{"line":173,"column":4},"end":{"line":173,"column":51}},"73":{"start":{"line":174,"column":4},"end":{"line":174,"column":65}},"74":{"start":{"line":135,"column":13},"end":{"line":135,"column":30}},"75":{"start":{"line":182,"column":30},"end":{"line":214,"column":1}},"76":{"start":{"line":186,"column":2},"end":{"line":213,"column":3}},"77":{"start":{"line":187,"column":19},"end":{"line":187,"column":29}},"78":{"start":{"line":189,"column":20},"end":{"line":189,"column":38}},"79":{"start":{"line":190,"column":4},"end":{"line":193,"column":5}},"80":{"start":{"line":191,"column":6},"end":{"line":191,"column":54}},"81":{"start":{"line":192,"column":6},"end":{"line":192,"column":13}},"82":{"start":{"line":195,"column":21},"end":{"line":195,"column":48}},"83":{"start":{"line":196,"column":4},"end":{"line":199,"column":5}},"84":{"start":{"line":197,"column":6},"end":{"line":197,"column":60}},"85":{"start":{"line":198,"column":6},"end":{"line":198,"column":13}},"86":{"start":{"line":202,"column":4},"end":{"line":205,"column":5}},"87":{"start":{"line":203,"column":6},"end":{"line":203,"column":81}},"88":{"start":{"line":204,"column":6},"end":{"line":204,"column":13}},"89":{"start":{"line":207,"column":4},"end":{"line":207,"column":41}},"90":{"start":{"line":209,"column":4},"end":{"line":209,"column":71}},"91":{"start":{"line":211,"column":4},"end":{"line":211,"column":51}},"92":{"start":{"line":212,"column":4},"end":{"line":212,"column":65}},"93":{"start":{"line":182,"column":13},"end":{"line":182,"column":30}},"94":{"start":{"line":220,"column":34},"end":{"line":245,"column":1}},"95":{"start":{"line":224,"column":2},"end":{"line":244,"column":3}},"96":{"start":{"line":225,"column":19},"end":{"line":225,"column":29}},"97":{"start":{"line":226,"column":37},"end":{"line":226,"column":46}},"98":{"start":{"line":227,"column":20},"end":{"line":227,"column":44}},"99":{"start":{"line":228,"column":21},"end":{"line":228,"column":46}},"100":{"start":{"line":231,"column":27},"end":{"line":231,"column":29}},"101":{"start":{"line":233,"column":4},"end":{"line":240,"column":7}},"102":{"start":{"line":242,"column":4},"end":{"line":242,"column":47}},"103":{"start":{"line":243,"column":4},"end":{"line":243,"column":61}},"104":{"start":{"line":220,"column":13},"end":{"line":220,"column":34}}},"fnMap":{"0":{"name":"(anonymous_1)","decl":{"start":{"line":10,"column":30},"end":{"line":10,"column":35}},"loc":{"start":{"line":13,"column":19},"end":{"line":55,"column":1}}},"1":{"name":"(anonymous_2)","decl":{"start":{"line":61,"column":30},"end":{"line":61,"column":35}},"loc":{"start":{"line":64,"column":19},"end":{"line":103,"column":1}}},"2":{"name":"(anonymous_3)","decl":{"start":{"line":109,"column":27},"end":{"line":109,"column":32}},"loc":{"start":{"line":112,"column":19},"end":{"line":129,"column":1}}},"3":{"name":"(anonymous_4)","decl":{"start":{"line":135,"column":30},"end":{"line":135,"column":35}},"loc":{"start":{"line":138,"column":19},"end":{"line":176,"column":1}}},"4":{"name":"(anonymous_5)","decl":{"start":{"line":163,"column":26},"end":{"line":163,"column":31}},"loc":{"start":{"line":163,"column":34},"end":{"line":167,"column":5}}},"5":{"name":"(anonymous_6)","decl":{"start":{"line":182,"column":30},"end":{"line":182,"column":35}},"loc":{"start":{"line":185,"column":19},"end":{"line":214,"column":1}}},"6":{"name":"(anonymous_7)","decl":{"start":{"line":220,"column":34},"end":{"line":220,"column":39}},"loc":{"start":{"line":223,"column":19},"end":{"line":245,"column":1}}}},"branchMap":{"0":{"loc":{"start":{"line":18,"column":4},"end":{"line":21,"column":5}},"type":"if","locations":[{"start":{"line":18,"column":4},"end":{"line":21,"column":5}}]},"1":{"loc":{"start":{"line":23,"column":4},"end":{"line":26,"column":5}},"type":"if","locations":[{"start":{"line":23,"column":4},"end":{"line":26,"column":5}}]},"2":{"loc":{"start":{"line":23,"column":8},"end":{"line":23,"column":34}},"type":"binary-expr","locations":[{"start":{"line":23,"column":8},"end":{"line":23,"column":21}},{"start":{"line":23,"column":25},"end":{"line":23,"column":34}}]},"3":{"loc":{"start":{"line":30,"column":4},"end":{"line":33,"column":5}},"type":"if","locations":[{"start":{"line":30,"column":4},"end":{"line":33,"column":5}}]},"4":{"loc":{"start":{"line":66,"column":12},"end":{"line":66,"column":20}},"type":"default-arg","locations":[{"start":{"line":66,"column":19},"end":{"line":66,"column":20}}]},"5":{"loc":{"start":{"line":66,"column":22},"end":{"line":66,"column":32}},"type":"default-arg","locations":[{"start":{"line":66,"column":30},"end":{"line":66,"column":32}}]},"6":{"loc":{"start":{"line":72,"column":4},"end":{"line":74,"column":5}},"type":"if","locations":[{"start":{"line":72,"column":4},"end":{"line":74,"column":5}}]},"7":{"loc":{"start":{"line":76,"column":4},"end":{"line":78,"column":5}},"type":"if","locations":[{"start":{"line":76,"column":4},"end":{"line":78,"column":5}}]},"8":{"loc":{"start":{"line":80,"column":4},"end":{"line":82,"column":5}},"type":"if","locations":[{"start":{"line":80,"column":4},"end":{"line":82,"column":5}}]},"9":{"loc":{"start":{"line":119,"column":4},"end":{"line":122,"column":5}},"type":"if","locations":[{"start":{"line":119,"column":4},"end":{"line":122,"column":5}}]},"10":{"loc":{"start":{"line":143,"column":4},"end":{"line":146,"column":5}},"type":"if","locations":[{"start":{"line":143,"column":4},"end":{"line":146,"column":5}}]},"11":{"loc":{"start":{"line":149,"column":4},"end":{"line":152,"column":5}},"type":"if","locations":[{"start":{"line":149,"column":4},"end":{"line":152,"column":5}}]},"12":{"loc":{"start":{"line":155,"column":4},"end":{"line":158,"column":5}},"type":"if","locations":[{"start":{"line":155,"column":4},"end":{"line":158,"column":5}}]},"13":{"loc":{"start":{"line":164,"column":6},"end":{"line":166,"column":7}},"type":"if","locations":[{"start":{"line":164,"column":6},"end":{"line":166,"column":7}}]},"14":{"loc":{"start":{"line":190,"column":4},"end":{"line":193,"column":5}},"type":"if","locations":[{"start":{"line":190,"column":4},"end":{"line":193,"column":5}}]},"15":{"loc":{"start":{"line":196,"column":4},"end":{"line":199,"column":5}},"type":"if","locations":[{"start":{"line":196,"column":4},"end":{"line":199,"column":5}}]},"16":{"loc":{"start":{"line":202,"column":4},"end":{"line":205,"column":5}},"type":"if","locations":[{"start":{"line":202,"column":4},"end":{"line":205,"column":5}}]},"17":{"loc":{"start":{"line":226,"column":12},"end":{"line":226,"column":20}},"type":"default-arg","locations":[{"start":{"line":226,"column":19},"end":{"line":226,"column":20}}]},"18":{"loc":{"start":{"line":226,"column":22},"end":{"line":226,"column":32}},"type":"default-arg","locations":[{"start":{"line":226,"column":30},"end":{"line":226,"column":32}}]}},"s":{"0":0,"1":0,"2":0,"3":0,"4":0,"5":0,"6":0,"7":0,"8":0,"9":0,"10":0,"11":0,"12":0,"13":0,"14":0,"15":0,"16":0,"17":0,"18":0,"19":0,"20":0,"21":0,"22":0,"23":0,"24":0,"25":0,"26":0,"27":0,"28":0,"29":0,"30":0,"31":0,"32":0,"33":0,"34":0,"35":0,"36":0,"37":0,"38":0,"39":0,"40":0,"41":0,"42":0,"43":0,"44":0,"45":0,"46":0,"47":0,"48":0,"49":0,"50":0,"51":0,"52":0,"53":0,"54":0,"55":0,"56":0,"57":0,"58":0,"59":0,"60":0,"61":0,"62":0,"63":0,"64":0,"65":0,"66":0,"67":0,"68":0,"69":0,"70":0,"71":0,"72":0,"73":0,"74":0,"75":0,"76":0,"77":0,"78":0,"79":0,"80":0,"81":0,"82":0,"83":0,"84":0,"85":0,"86":0,"87":0,"88":0,"89":0,"90":0,"91":0,"92":0,"93":0,"94":0,"95":0,"96":0,"97":0,"98":0,"99":0,"100":0,"101":0,"102":0,"103":0,"104":0},"f":{"0":0,"1":0,"2":0,"3":0,"4":0,"5":0,"6":0},"b":{"0":[0],"1":[0],"2":[0,0],"3":[0],"4":[0],"5":[0],"6":[0],"7":[0],"8":[0],"9":[0],"10":[0],"11":[0],"12":[0],"13":[0],"14":[0],"15":[0],"16":[0],"17":[0],"18":[0]}}
,"/Users/everestode/Desktop/POMI/pomi-app/backend/src/controllers/community.controller.ts": {"path":"/Users/everestode/Desktop/POMI/pomi-app/backend/src/controllers/community.controller.ts","statementMap":{"0":{"start":{"line":8,"column":27},"end":{"line":42,"column":1}},"1":{"start":{"line":12,"column":2},"end":{"line":41,"column":3}},"2":{"start":{"line":14,"column":53},"end":{"line":14,"column":61}},"3":{"start":{"line":16,"column":4},"end":{"line":19,"column":5}},"4":{"start":{"line":17,"column":6},"end":{"line":17,"column":54}},"5":{"start":{"line":18,"column":6},"end":{"line":18,"column":13}},"6":{"start":{"line":21,"column":4},"end":{"line":24,"column":5}},"7":{"start":{"line":22,"column":6},"end":{"line":22,"column":78}},"8":{"start":{"line":23,"column":6},"end":{"line":23,"column":13}},"9":{"start":{"line":26,"column":18},"end":{"line":35,"column":6}},"10":{"start":{"line":37,"column":4},"end":{"line":37,"column":75}},"11":{"start":{"line":39,"column":4},"end":{"line":39,"column":48}},"12":{"start":{"line":40,"column":4},"end":{"line":40,"column":62}},"13":{"start":{"line":8,"column":13},"end":{"line":8,"column":27}},"14":{"start":{"line":48,"column":26},"end":{"line":70,"column":1}},"15":{"start":{"line":52,"column":2},"end":{"line":69,"column":3}},"16":{"start":{"line":54,"column":55},"end":{"line":54,"column":64}},"17":{"start":{"line":56,"column":19},"end":{"line":56,"column":21}},"18":{"start":{"line":58,"column":4},"end":{"line":65,"column":7}},"19":{"start":{"line":67,"column":4},"end":{"line":67,"column":47}},"20":{"start":{"line":68,"column":4},"end":{"line":68,"column":61}},"21":{"start":{"line":48,"column":13},"end":{"line":48,"column":26}},"22":{"start":{"line":76,"column":24},"end":{"line":96,"column":1}},"23":{"start":{"line":80,"column":2},"end":{"line":95,"column":3}},"24":{"start":{"line":82,"column":19},"end":{"line":82,"column":29}},"25":{"start":{"line":84,"column":18},"end":{"line":89,"column":6}},"26":{"start":{"line":91,"column":4},"end":{"line":91,"column":42}},"27":{"start":{"line":93,"column":4},"end":{"line":93,"column":45}},"28":{"start":{"line":94,"column":4},"end":{"line":94,"column":59}},"29":{"start":{"line":76,"column":13},"end":{"line":76,"column":24}},"30":{"start":{"line":102,"column":27},"end":{"line":125,"column":1}},"31":{"start":{"line":106,"column":2},"end":{"line":124,"column":3}},"32":{"start":{"line":107,"column":19},"end":{"line":107,"column":29}},"33":{"start":{"line":109,"column":4},"end":{"line":112,"column":5}},"34":{"start":{"line":110,"column":6},"end":{"line":110,"column":54}},"35":{"start":{"line":111,"column":6},"end":{"line":111,"column":13}},"36":{"start":{"line":114,"column":25},"end":{"line":118,"column":6}},"37":{"start":{"line":120,"column":4},"end":{"line":120,"column":89}},"38":{"start":{"line":122,"column":4},"end":{"line":122,"column":48}},"39":{"start":{"line":123,"column":4},"end":{"line":123,"column":62}},"40":{"start":{"line":102,"column":13},"end":{"line":102,"column":27}},"41":{"start":{"line":131,"column":27},"end":{"line":148,"column":1}},"42":{"start":{"line":135,"column":2},"end":{"line":147,"column":3}},"43":{"start":{"line":136,"column":19},"end":{"line":136,"column":29}},"44":{"start":{"line":138,"column":4},"end":{"line":141,"column":5}},"45":{"start":{"line":139,"column":6},"end":{"line":139,"column":54}},"46":{"start":{"line":140,"column":6},"end":{"line":140,"column":13}},"47":{"start":{"line":143,"column":4},"end":{"line":143,"column":68}},"48":{"start":{"line":145,"column":4},"end":{"line":145,"column":48}},"49":{"start":{"line":146,"column":4},"end":{"line":146,"column":62}},"50":{"start":{"line":131,"column":13},"end":{"line":131,"column":27}},"51":{"start":{"line":154,"column":25},"end":{"line":171,"column":1}},"52":{"start":{"line":158,"column":2},"end":{"line":170,"column":3}},"53":{"start":{"line":159,"column":19},"end":{"line":159,"column":29}},"54":{"start":{"line":161,"column":4},"end":{"line":164,"column":5}},"55":{"start":{"line":162,"column":6},"end":{"line":162,"column":54}},"56":{"start":{"line":163,"column":6},"end":{"line":163,"column":13}},"57":{"start":{"line":166,"column":4},"end":{"line":166,"column":67}},"58":{"start":{"line":168,"column":4},"end":{"line":168,"column":46}},"59":{"start":{"line":169,"column":4},"end":{"line":169,"column":60}},"60":{"start":{"line":154,"column":13},"end":{"line":154,"column":25}},"61":{"start":{"line":177,"column":26},"end":{"line":194,"column":1}},"62":{"start":{"line":181,"column":2},"end":{"line":193,"column":3}},"63":{"start":{"line":182,"column":19},"end":{"line":182,"column":29}},"64":{"start":{"line":184,"column":4},"end":{"line":187,"column":5}},"65":{"start":{"line":185,"column":6},"end":{"line":185,"column":54}},"66":{"start":{"line":186,"column":6},"end":{"line":186,"column":13}},"67":{"start":{"line":189,"column":4},"end":{"line":189,"column":65}},"68":{"start":{"line":191,"column":4},"end":{"line":191,"column":47}},"69":{"start":{"line":192,"column":4},"end":{"line":192,"column":61}},"70":{"start":{"line":177,"column":13},"end":{"line":177,"column":26}}},"fnMap":{"0":{"name":"(anonymous_0)","decl":{"start":{"line":8,"column":27},"end":{"line":8,"column":32}},"loc":{"start":{"line":11,"column":19},"end":{"line":42,"column":1}}},"1":{"name":"(anonymous_1)","decl":{"start":{"line":48,"column":26},"end":{"line":48,"column":31}},"loc":{"start":{"line":51,"column":19},"end":{"line":70,"column":1}}},"2":{"name":"(anonymous_2)","decl":{"start":{"line":76,"column":24},"end":{"line":76,"column":29}},"loc":{"start":{"line":79,"column":19},"end":{"line":96,"column":1}}},"3":{"name":"(anonymous_3)","decl":{"start":{"line":102,"column":27},"end":{"line":102,"column":32}},"loc":{"start":{"line":105,"column":19},"end":{"line":125,"column":1}}},"4":{"name":"(anonymous_4)","decl":{"start":{"line":131,"column":27},"end":{"line":131,"column":32}},"loc":{"start":{"line":134,"column":19},"end":{"line":148,"column":1}}},"5":{"name":"(anonymous_5)","decl":{"start":{"line":154,"column":25},"end":{"line":154,"column":30}},"loc":{"start":{"line":157,"column":19},"end":{"line":171,"column":1}}},"6":{"name":"(anonymous_6)","decl":{"start":{"line":177,"column":26},"end":{"line":177,"column":31}},"loc":{"start":{"line":180,"column":19},"end":{"line":194,"column":1}}}},"branchMap":{"0":{"loc":{"start":{"line":16,"column":4},"end":{"line":19,"column":5}},"type":"if","locations":[{"start":{"line":16,"column":4},"end":{"line":19,"column":5}}]},"1":{"loc":{"start":{"line":21,"column":4},"end":{"line":24,"column":5}},"type":"if","locations":[{"start":{"line":21,"column":4},"end":{"line":24,"column":5}}]},"2":{"loc":{"start":{"line":21,"column":8},"end":{"line":21,"column":26}},"type":"binary-expr","locations":[{"start":{"line":21,"column":8},"end":{"line":21,"column":13}},{"start":{"line":21,"column":17},"end":{"line":21,"column":26}}]},"3":{"loc":{"start":{"line":32,"column":15},"end":{"line":32,"column":34}},"type":"binary-expr","locations":[{"start":{"line":32,"column":15},"end":{"line":32,"column":22}},{"start":{"line":32,"column":26},"end":{"line":32,"column":34}}]},"4":{"loc":{"start":{"line":54,"column":12},"end":{"line":54,"column":20}},"type":"default-arg","locations":[{"start":{"line":54,"column":19},"end":{"line":54,"column":20}}]},"5":{"loc":{"start":{"line":54,"column":22},"end":{"line":54,"column":32}},"type":"default-arg","locations":[{"start":{"line":54,"column":30},"end":{"line":54,"column":32}}]},"6":{"loc":{"start":{"line":109,"column":4},"end":{"line":112,"column":5}},"type":"if","locations":[{"start":{"line":109,"column":4},"end":{"line":112,"column":5}}]},"7":{"loc":{"start":{"line":138,"column":4},"end":{"line":141,"column":5}},"type":"if","locations":[{"start":{"line":138,"column":4},"end":{"line":141,"column":5}}]},"8":{"loc":{"start":{"line":161,"column":4},"end":{"line":164,"column":5}},"type":"if","locations":[{"start":{"line":161,"column":4},"end":{"line":164,"column":5}}]},"9":{"loc":{"start":{"line":184,"column":4},"end":{"line":187,"column":5}},"type":"if","locations":[{"start":{"line":184,"column":4},"end":{"line":187,"column":5}}]}},"s":{"0":0,"1":0,"2":0,"3":0,"4":0,"5":0,"6":0,"7":0,"8":0,"9":0,"10":0,"11":0,"12":0,"13":0,"14":0,"15":0,"16":0,"17":0,"18":0,"19":0,"20":0,"21":0,"22":0,"23":0,"24":0,"25":0,"26":0,"27":0,"28":0,"29":0,"30":0,"31":0,"32":0,"33":0,"34":0,"35":0,"36":0,"37":0,"38":0,"39":0,"40":0,"41":0,"42":0,"43":0,"44":0,"45":0,"46":0,"47":0,"48":0,"49":0,"50":0,"51":0,"52":0,"53":0,"54":0,"55":0,"56":0,"57":0,"58":0,"59":0,"60":0,"61":0,"62":0,"63":0,"64":0,"65":0,"66":0,"67":0,"68":0,"69":0,"70":0},"f":{"0":0,"1":0,"2":0,"3":0,"4":0,"5":0,"6":0},"b":{"0":[0],"1":[0],"2":[0,0],"3":[0,0],"4":[0],"5":[0],"6":[0],"7":[0],"8":[0],"9":[0]}}
,"/Users/everestode/Desktop/POMI/pomi-app/backend/src/controllers/eventController.ts": {"path":"/Users/everestode/Desktop/POMI/pomi-app/backend/src/controllers/eventController.ts","statementMap":{"0":{"start":{"line":2,"column":0},"end":{"line":2,"column":39}},"1":{"start":{"line":3,"column":0},"end":{"line":3,"column":37}},"2":{"start":{"line":6,"column":27},"end":{"line":53,"column":1}},"3":{"start":{"line":7,"column":2},"end":{"line":52,"column":3}},"4":{"start":{"line":8,"column":108},"end":{"line":8,"column":116}},"5":{"start":{"line":9,"column":20},"end":{"line":9,"column":38}},"6":{"start":{"line":11,"column":4},"end":{"line":13,"column":5}},"7":{"start":{"line":12,"column":6},"end":{"line":12,"column":61}},"8":{"start":{"line":16,"column":4},"end":{"line":18,"column":5}},"9":{"start":{"line":17,"column":6},"end":{"line":17,"column":72}},"10":{"start":{"line":21,"column":17},"end":{"line":21,"column":44}},"11":{"start":{"line":22,"column":4},"end":{"line":24,"column":5}},"12":{"start":{"line":23,"column":6},"end":{"line":23,"column":63}},"13":{"start":{"line":27,"column":21},"end":{"line":41,"column":6}},"14":{"start":{"line":43,"column":4},"end":{"line":43,"column":26}},"15":{"start":{"line":45,"column":4},"end":{"line":48,"column":7}},"16":{"start":{"line":50,"column":4},"end":{"line":50,"column":48}},"17":{"start":{"line":51,"column":4},"end":{"line":51,"column":62}},"18":{"start":{"line":6,"column":13},"end":{"line":6,"column":27}},"19":{"start":{"line":56,"column":25},"end":{"line":96,"column":1}},"20":{"start":{"line":57,"column":2},"end":{"line":95,"column":3}},"21":{"start":{"line":58,"column":55},"end":{"line":58,"column":64}},"22":{"start":{"line":60,"column":24},"end":{"line":60,"column":54}},"23":{"start":{"line":62,"column":4},"end":{"line":64,"column":5}},"24":{"start":{"line":63,"column":6},"end":{"line":63,"column":33}},"25":{"start":{"line":66,"column":4},"end":{"line":72,"column":5}},"26":{"start":{"line":67,"column":6},"end":{"line":71,"column":8}},"27":{"start":{"line":74,"column":19},"end":{"line":79,"column":40}},"28":{"start":{"line":81,"column":18},"end":{"line":81,"column":52}},"29":{"start":{"line":83,"column":4},"end":{"line":91,"column":7}},"30":{"start":{"line":93,"column":4},"end":{"line":93,"column":46}},"31":{"start":{"line":94,"column":4},"end":{"line":94,"column":62}},"32":{"start":{"line":56,"column":13},"end":{"line":56,"column":25}},"33":{"start":{"line":99,"column":24},"end":{"line":116,"column":1}},"34":{"start":{"line":100,"column":2},"end":{"line":115,"column":3}},"35":{"start":{"line":101,"column":19},"end":{"line":101,"column":29}},"36":{"start":{"line":103,"column":18},"end":{"line":105,"column":46}},"37":{"start":{"line":107,"column":4},"end":{"line":109,"column":5}},"38":{"start":{"line":108,"column":6},"end":{"line":108,"column":64}},"39":{"start":{"line":111,"column":4},"end":{"line":111,"column":36}},"40":{"start":{"line":113,"column":4},"end":{"line":113,"column":45}},"41":{"start":{"line":114,"column":4},"end":{"line":114,"column":61}},"42":{"start":{"line":99,"column":13},"end":{"line":99,"column":24}},"43":{"start":{"line":119,"column":27},"end":{"line":162,"column":1}},"44":{"start":{"line":120,"column":2},"end":{"line":161,"column":3}},"45":{"start":{"line":121,"column":19},"end":{"line":121,"column":29}},"46":{"start":{"line":122,"column":108},"end":{"line":122,"column":116}},"47":{"start":{"line":123,"column":20},"end":{"line":123,"column":38}},"48":{"start":{"line":125,"column":4},"end":{"line":127,"column":5}},"49":{"start":{"line":126,"column":6},"end":{"line":126,"column":61}},"50":{"start":{"line":129,"column":18},"end":{"line":129,"column":42}},"51":{"start":{"line":131,"column":4},"end":{"line":133,"column":5}},"52":{"start":{"line":132,"column":6},"end":{"line":132,"column":64}},"53":{"start":{"line":136,"column":4},"end":{"line":138,"column":5}},"54":{"start":{"line":137,"column":6},"end":{"line":137,"column":80}},"55":{"start":{"line":141,"column":4},"end":{"line":141,"column":35}},"56":{"start":{"line":141,"column":15},"end":{"line":141,"column":35}},"57":{"start":{"line":142,"column":4},"end":{"line":142,"column":53}},"58":{"start":{"line":142,"column":21},"end":{"line":142,"column":53}},"59":{"start":{"line":143,"column":4},"end":{"line":143,"column":44}},"60":{"start":{"line":143,"column":18},"end":{"line":143,"column":44}},"61":{"start":{"line":144,"column":4},"end":{"line":144,"column":42}},"62":{"start":{"line":144,"column":14},"end":{"line":144,"column":42}},"63":{"start":{"line":145,"column":4},"end":{"line":145,"column":47}},"64":{"start":{"line":145,"column":19},"end":{"line":145,"column":47}},"65":{"start":{"line":146,"column":4},"end":{"line":146,"column":41}},"66":{"start":{"line":146,"column":17},"end":{"line":146,"column":41}},"67":{"start":{"line":147,"column":4},"end":{"line":147,"column":44}},"68":{"start":{"line":147,"column":18},"end":{"line":147,"column":44}},"69":{"start":{"line":148,"column":4},"end":{"line":148,"column":56}},"70":{"start":{"line":148,"column":22},"end":{"line":148,"column":56}},"71":{"start":{"line":149,"column":4},"end":{"line":149,"column":35}},"72":{"start":{"line":149,"column":15},"end":{"line":149,"column":35}},"73":{"start":{"line":150,"column":4},"end":{"line":150,"column":32}},"74":{"start":{"line":150,"column":14},"end":{"line":150,"column":32}},"75":{"start":{"line":152,"column":4},"end":{"line":152,"column":23}},"76":{"start":{"line":154,"column":4},"end":{"line":157,"column":7}},"77":{"start":{"line":159,"column":4},"end":{"line":159,"column":48}},"78":{"start":{"line":160,"column":4},"end":{"line":160,"column":62}},"79":{"start":{"line":119,"column":13},"end":{"line":119,"column":27}},"80":{"start":{"line":165,"column":27},"end":{"line":192,"column":1}},"81":{"start":{"line":166,"column":2},"end":{"line":191,"column":3}},"82":{"start":{"line":167,"column":19},"end":{"line":167,"column":29}},"83":{"start":{"line":168,"column":20},"end":{"line":168,"column":38}},"84":{"start":{"line":170,"column":4},"end":{"line":172,"column":5}},"85":{"start":{"line":171,"column":6},"end":{"line":171,"column":61}},"86":{"start":{"line":174,"column":18},"end":{"line":174,"column":42}},"87":{"start":{"line":176,"column":4},"end":{"line":178,"column":5}},"88":{"start":{"line":177,"column":6},"end":{"line":177,"column":64}},"89":{"start":{"line":181,"column":4},"end":{"line":183,"column":5}},"90":{"start":{"line":182,"column":6},"end":{"line":182,"column":80}},"91":{"start":{"line":185,"column":4},"end":{"line":185,"column":39}},"92":{"start":{"line":187,"column":4},"end":{"line":187,"column":68}},"93":{"start":{"line":189,"column":4},"end":{"line":189,"column":48}},"94":{"start":{"line":190,"column":4},"end":{"line":190,"column":62}},"95":{"start":{"line":165,"column":13},"end":{"line":165,"column":27}},"96":{"start":{"line":195,"column":25},"end":{"line":231,"column":1}},"97":{"start":{"line":196,"column":2},"end":{"line":230,"column":3}},"98":{"start":{"line":197,"column":19},"end":{"line":197,"column":29}},"99":{"start":{"line":198,"column":20},"end":{"line":198,"column":38}},"100":{"start":{"line":200,"column":4},"end":{"line":202,"column":5}},"101":{"start":{"line":201,"column":6},"end":{"line":201,"column":61}},"102":{"start":{"line":204,"column":18},"end":{"line":204,"column":42}},"103":{"start":{"line":206,"column":4},"end":{"line":208,"column":5}},"104":{"start":{"line":207,"column":6},"end":{"line":207,"column":64}},"105":{"start":{"line":211,"column":4},"end":{"line":213,"column":5}},"106":{"start":{"line":212,"column":6},"end":{"line":212,"column":77}},"107":{"start":{"line":216,"column":4},"end":{"line":218,"column":5}},"108":{"start":{"line":217,"column":6},"end":{"line":217,"column":62}},"109":{"start":{"line":220,"column":4},"end":{"line":220,"column":33}},"110":{"start":{"line":221,"column":4},"end":{"line":221,"column":23}},"111":{"start":{"line":223,"column":4},"end":{"line":226,"column":7}},"112":{"start":{"line":228,"column":4},"end":{"line":228,"column":46}},"113":{"start":{"line":229,"column":4},"end":{"line":229,"column":63}},"114":{"start":{"line":195,"column":13},"end":{"line":195,"column":25}},"115":{"start":{"line":234,"column":26},"end":{"line":266,"column":1}},"116":{"start":{"line":235,"column":2},"end":{"line":265,"column":3}},"117":{"start":{"line":236,"column":19},"end":{"line":236,"column":29}},"118":{"start":{"line":237,"column":20},"end":{"line":237,"column":38}},"119":{"start":{"line":239,"column":4},"end":{"line":241,"column":5}},"120":{"start":{"line":240,"column":6},"end":{"line":240,"column":61}},"121":{"start":{"line":243,"column":18},"end":{"line":243,"column":42}},"122":{"start":{"line":245,"column":4},"end":{"line":247,"column":5}},"123":{"start":{"line":246,"column":6},"end":{"line":246,"column":64}},"124":{"start":{"line":249,"column":18},"end":{"line":249,"column":89}},"125":{"start":{"line":249,"column":58},"end":{"line":249,"column":88}},"126":{"start":{"line":251,"column":4},"end":{"line":253,"column":5}},"127":{"start":{"line":252,"column":6},"end":{"line":252,"column":73}},"128":{"start":{"line":255,"column":4},"end":{"line":255,"column":37}},"129":{"start":{"line":256,"column":4},"end":{"line":256,"column":23}},"130":{"start":{"line":258,"column":4},"end":{"line":261,"column":7}},"131":{"start":{"line":263,"column":4},"end":{"line":263,"column":47}},"132":{"start":{"line":264,"column":4},"end":{"line":264,"column":61}},"133":{"start":{"line":234,"column":13},"end":{"line":234,"column":26}},"134":{"start":{"line":269,"column":29},"end":{"line":286,"column":1}},"135":{"start":{"line":270,"column":2},"end":{"line":285,"column":3}},"136":{"start":{"line":271,"column":20},"end":{"line":271,"column":38}},"137":{"start":{"line":273,"column":4},"end":{"line":275,"column":5}},"138":{"start":{"line":274,"column":6},"end":{"line":274,"column":61}},"139":{"start":{"line":277,"column":19},"end":{"line":279,"column":24}},"140":{"start":{"line":281,"column":4},"end":{"line":281,"column":37}},"141":{"start":{"line":283,"column":4},"end":{"line":283,"column":51}},"142":{"start":{"line":284,"column":4},"end":{"line":284,"column":67}},"143":{"start":{"line":269,"column":13},"end":{"line":269,"column":29}}},"fnMap":{"0":{"name":"(anonymous_1)","decl":{"start":{"line":6,"column":27},"end":{"line":6,"column":32}},"loc":{"start":{"line":6,"column":65},"end":{"line":53,"column":1}}},"1":{"name":"(anonymous_2)","decl":{"start":{"line":56,"column":25},"end":{"line":56,"column":30}},"loc":{"start":{"line":56,"column":63},"end":{"line":96,"column":1}}},"2":{"name":"(anonymous_3)","decl":{"start":{"line":99,"column":24},"end":{"line":99,"column":29}},"loc":{"start":{"line":99,"column":62},"end":{"line":116,"column":1}}},"3":{"name":"(anonymous_4)","decl":{"start":{"line":119,"column":27},"end":{"line":119,"column":32}},"loc":{"start":{"line":119,"column":65},"end":{"line":162,"column":1}}},"4":{"name":"(anonymous_5)","decl":{"start":{"line":165,"column":27},"end":{"line":165,"column":32}},"loc":{"start":{"line":165,"column":65},"end":{"line":192,"column":1}}},"5":{"name":"(anonymous_6)","decl":{"start":{"line":195,"column":25},"end":{"line":195,"column":30}},"loc":{"start":{"line":195,"column":63},"end":{"line":231,"column":1}}},"6":{"name":"(anonymous_7)","decl":{"start":{"line":234,"column":26},"end":{"line":234,"column":31}},"loc":{"start":{"line":234,"column":64},"end":{"line":266,"column":1}}},"7":{"name":"(anonymous_8)","decl":{"start":{"line":249,"column":44},"end":{"line":249,"column":45}},"loc":{"start":{"line":249,"column":58},"end":{"line":249,"column":88}}},"8":{"name":"(anonymous_9)","decl":{"start":{"line":269,"column":29},"end":{"line":269,"column":34}},"loc":{"start":{"line":269,"column":67},"end":{"
[...]
:35}},"type":"binary-expr","locations":[{"start":{"line":23,"column":4},"end":{"line":23,"column":20}},{"start":{"line":23,"column":24},"end":{"line":23,"column":35}}]},"5":{"loc":{"start":{"line":31,"column":20},"end":{"line":31,"column":46}},"type":"binary-expr","locations":[{"start":{"line":31,"column":20},"end":{"line":31,"column":29}},{"start":{"line":31,"column":33},"end":{"line":31,"column":46}}]},"6":{"loc":{"start":{"line":34,"column":2},"end":{"line":34,"column":27}},"type":"if","locations":[{"start":{"line":34,"column":2},"end":{"line":34,"column":27}}]},"7":{"loc":{"start":{"line":36,"column":2},"end":{"line":38,"column":3}},"type":"if","locations":[{"start":{"line":36,"column":2},"end":{"line":38,"column":3}}]},"8":{"loc":{"start":{"line":39,"column":2},"end":{"line":41,"column":3}},"type":"if","locations":[{"start":{"line":39,"column":2},"end":{"line":41,"column":3}}]},"9":{"loc":{"start":{"line":39,"column":6},"end":{"line":39,"column":70}},"type":"binary-expr","locations":[{"start":{"line":39,"column":6},"end":{"line":39,"column":42}},{"start":{"line":39,"column":46},"end":{"line":39,"column":70}}]},"10":{"loc":{"start":{"line":42,"column":19},"end":{"line":42,"column":38}},"type":"binary-expr","locations":[{"start":{"line":42,"column":19},"end":{"line":42,"column":32}},{"start":{"line":42,"column":36},"end":{"line":42,"column":38}}]},"11":{"loc":{"start":{"line":43,"column":9},"end":{"line":43,"column":71}},"type":"binary-expr","locations":[{"start":{"line":43,"column":9},"end":{"line":43,"column":38}},{"start":{"line":43,"column":42},"end":{"line":43,"column":71}}]},"12":{"loc":{"start":{"line":50,"column":2},"end":{"line":65,"column":3}},"type":"if","locations":[{"start":{"line":50,"column":2},"end":{"line":65,"column":3}}]},"13":{"loc":{"start":{"line":52,"column":4},"end":{"line":54,"column":5}},"type":"if","locations":[{"start":{"line":52,"column":4},"end":{"line":54,"column":5}}]},"14":{"loc":{"start":{"line":55,"column":4},"end":{"line":58,"column":5}},"type":"if","locations":[{"start":{"line":55,"column":4},"end":{"line":58,"column":5}}]},"15":{"loc":{"start":{"line":60,"column":23},"end":{"line":62,"column":35}},"type":"cond-expr","locations":[{"start":{"line":61,"column":8},"end":{"line":61,"column":15}},{"start":{"line":62,"column":8},"end":{"line":62,"column":35}}]},"16":{"loc":{"start":{"line":60,"column":23},"end":{"line":60,"column":97}},"type":"binary-expr","locations":[{"start":{"line":60,"column":23},"end":{"line":60,"column":58}},{"start":{"line":60,"column":62},"end":{"line":60,"column":97}}]},"17":{"loc":{"start":{"line":67,"column":2},"end":{"line":69,"column":3}},"type":"if","locations":[{"start":{"line":67,"column":2},"end":{"line":69,"column":3}}]},"18":{"loc":{"start":{"line":67,"column":6},"end":{"line":67,"column":37}},"type":"binary-expr","locations":[{"start":{"line":67,"column":6},"end":{"line":67,"column":22}},{"start":{"line":67,"column":26},"end":{"line":67,"column":37}}]},"19":{"loc":{"start":{"line":71,"column":17},"end":{"line":71,"column":42}},"type":"binary-expr","locations":[{"start":{"line":71,"column":17},"end":{"line":71,"column":27}},{"start":{"line":71,"column":31},"end":{"line":71,"column":42}}]},"20":{"loc":{"start":{"line":80,"column":4},"end":{"line":82,"column":5}},"type":"if","locations":[{"start":{"line":80,"column":4},"end":{"line":82,"column":5}}]},"21":{"loc":{"start":{"line":84,"column":4},"end":{"line":86,"column":5}},"type":"if","locations":[{"start":{"line":84,"column":4},"end":{"line":86,"column":5}}]},"22":{"loc":{"start":{"line":91,"column":4},"end":{"line":93,"column":5}},"type":"if","locations":[{"start":{"line":91,"column":4},"end":{"line":93,"column":5}}]},"23":{"loc":{"start":{"line":106,"column":4},"end":{"line":143,"column":5}},"type":"if","locations":[{"start":{"line":106,"column":4},"end":{"line":143,"column":5}},{"start":{"line":140,"column":11},"end":{"line":143,"column":5}}]},"24":{"loc":{"start":{"line":133,"column":8},"end":{"line":138,"column":9}},"type":"if","locations":[{"start":{"line":133,"column":8},"end":{"line":138,"column":9}},{"start":{"line":135,"column":15},"end":{"line":138,"column":9}}]},"25":{"loc":{"start":{"line":133,"column":12},"end":{"line":133,"column":104}},"type":"binary-expr","locations":[{"start":{"line":133,"column":12},"end":{"line":133,"column":58}},{"start":{"line":133,"column":62},"end":{"line":133,"column":104}}]},"26":{"loc":{"start":{"line":157,"column":2},"end":{"line":157,"column":32}},"type":"default-arg","locations":[{"start":{"line":157,"column":19},"end":{"line":157,"column":32}}]},"27":{"loc":{"start":{"line":158,"column":2},"end":{"line":158,"column":21}},"type":"default-arg","locations":[{"start":{"line":158,"column":20},"end":{"line":158,"column":21}}]},"28":{"loc":{"start":{"line":163,"column":23},"end":{"line":163,"column":64}},"type":"binary-expr","locations":[{"start":{"line":163,"column":23},"end":{"line":163,"column":54}},{"start":{"line":163,"column":58},"end":{"line":163,"column":64}}]},"29":{"loc":{"start":{"line":164,"column":20},"end":{"line":164,"column":66}},"type":"cond-expr","locations":[{"start":{"line":164,"column":39},"end":{"line":164,"column":61}},{"start":{"line":164,"column":64},"end":{"line":164,"column":66}}]},"30":{"loc":{"start":{"line":183,"column":4},"end":{"line":187,"column":5}},"type":"if","locations":[{"start":{"line":183,"column":4},"end":{"line":187,"column":5}}]},"31":{"loc":{"start":{"line":183,"column":8},"end":{"line":183,"column":65}},"type":"binary-expr","locations":[{"start":{"line":183,"column":8},"end":{"line":183,"column":35}},{"start":{"line":183,"column":39},"end":{"line":183,"column":65}}]},"32":{"loc":{"start":{"line":189,"column":20},"end":{"line":189,"column":62}},"type":"binary-expr","locations":[{"start":{"line":189,"column":20},"end":{"line":189,"column":34}},{"start":{"line":189,"column":38},"end":{"line":189,"column":62}}]},"33":{"loc":{"start":{"line":198,"column":2},"end":{"line":198,"column":32}},"type":"default-arg","locations":[{"start":{"line":198,"column":19},"end":{"line":198,"column":32}}]}},"s":{"0":2,"1":2,"2":2,"3":2,"4":2,"5":2,"6":2,"7":2,"8":2,"9":2,"10":2,"11":2,"12":2,"13":3,"14":0,"15":3,"16":3,"17":3,"18":0,"19":0,"20":0,"21":0,"22":2,"23":2,"24":2,"25":2,"26":2,"27":1,"28":1,"29":1,"30":0,"31":1,"32":0,"33":0,"34":1,"35":1,"36":0,"37":0,"38":0,"39":0,"40":2,"41":0,"42":0,"43":0,"44":0,"45":0,"46":0,"47":0,"48":0,"49":0,"50":0,"51":0,"52":0,"53":2,"54":2,"55":2,"56":0,"57":2,"58":2,"59":2,"60":2,"61":2,"62":2,"63":2,"64":0,"65":0,"66":0,"67":0,"68":0,"69":0,"70":2,"71":2,"72":2,"73":2,"74":2,"75":2,"76":2,"77":2,"78":2,"79":1,"80":1,"81":1,"82":1,"83":1,"84":1,"85":1,"86":0,"87":0,"88":2,"89":2,"90":0,"91":0,"92":0,"93":0,"94":0,"95":0,"96":0,"97":2,"98":2,"99":0,"100":0,"101":0,"102":0,"103":0,"104":0,"105":2,"106":2,"107":0,"108":0,"109":0,"110":0,"111":0,"112":0,"113":2,"114":2},"f":{"0":3,"1":2,"2":2,"3":1,"4":0,"5":2,"6":2,"7":0,"8":0,"9":0,"10":0,"11":0},"b":{"0":[2,0],"1":[2,0],"2":[2,0],"3":[2],"4":[2,2],"5":[2,0],"6":[0],"7":[3],"8":[0],"9":[0,0],"10":[0,0],"11":[0,0],"12":[1],"13":[0],"14":[0],"15":[0,1],"16":[1,1],"17":[0],"18":[0,0],"19":[0,0],"20":[0],"21":[0],"22":[0],"23":[2,0],"24":[0,0],"25":[0,0],"26":[0],"27":[1],"28":[2,0],"29":[2,0],"30":[1],"31":[1,1],"32":[0,0],"33":[0]}}
,"/Users/everestode/Desktop/POMI/pomi-app/backend/src/utils/bcrypt.ts": {"path":"/Users/everestode/Desktop/POMI/pomi-app/backend/src/utils/bcrypt.ts","statementMap":{"0":{"start":{"line":1,"column":0},"end":{"line":1,"column":32}},"1":{"start":{"line":3,"column":22},"end":{"line":3,"column":65}},"2":{"start":{"line":8,"column":28},"end":{"line":11,"column":1}},"3":{"start":{"line":9,"column":15},"end":{"line":9,"column":52}},"4":{"start":{"line":10,"column":2},"end":{"line":10,"column":39}},"5":{"start":{"line":8,"column":13},"end":{"line":8,"column":28}},"6":{"start":{"line":16,"column":31},"end":{"line":18,"column":1}},"7":{"start":{"line":17,"column":2},"end":{"line":17,"column":42}},"8":{"start":{"line":16,"column":13},"end":{"line":16,"column":31}},"9":{"start":{"line":23,"column":40},"end":{"line":53,"column":1}},"10":{"start":{"line":27,"column":27},"end":{"line":27,"column":29}},"11":{"start":{"line":29,"column":2},"end":{"line":31,"column":3}},"12":{"start":{"line":30,"column":4},"end":{"line":30,"column":58}},"13":{"start":{"line":33,"column":2},"end":{"line":35,"column":3}},"14":{"start":{"line":34,"column":4},"end":{"line":34,"column":71}},"15":{"start":{"line":37,"column":2},"end":{"line":39,"column":3}},"16":{"start":{"line":38,"column":4},"end":{"line":38,"column":71}},"17":{"start":{"line":41,"column":2},"end":{"line":43,"column":3}},"18":{"start":{"line":42,"column":4},"end":{"line":42,"column":61}},"19":{"start":{"line":45,"column":2},"end":{"line":47,"column":3}},"20":{"start":{"line":46,"column":4},"end":{"line":46,"column":83}},"21":{"start":{"line":49,"column":2},"end":{"line":52,"column":4}},"22":{"start":{"line":23,"column":13},"end":{"line":23,"column":40}}},"fnMap":{"0":{"name":"(anonymous_1)","decl":{"start":{"line":8,"column":28},"end":{"line":8,"column":33}},"loc":{"start":{"line":8,"column":72},"end":{"line":11,"column":1}}},"1":{"name":"(anonymous_2)","decl":{"start":{"line":16,"column":31},"end":{"line":16,"column":36}},"loc":{"start":{"line":16,"column":90},"end":{"line":18,"column":1}}},"2":{"name":"(anonymous_3)","decl":{"start":{"line":23,"column":40},"end":{"line":23,"column":41}},"loc":{"start":{"line":26,"column":4},"end":{"line":53,"column":1}}}},"branchMap":{"0":{"loc":{"start":{"line":3,"column":31},"end":{"line":3,"column":64}},"type":"binary-expr","locations":[{"start":{"line":3,"column":31},"end":{"line":3,"column":56}},{"start":{"line":3,"column":60},"end":{"line":3,"column":64}}]},"1":{"loc":{"start":{"line":29,"column":2},"end":{"line":31,"column":3}},"type":"if","locations":[{"start":{"line":29,"column":2},"end":{"line":31,"column":3}}]},"2":{"loc":{"start":{"line":33,"column":2},"end":{"line":35,"column":3}},"type":"if","locations":[{"start":{"line":33,"column":2},"end":{"line":35,"column":3}}]},"3":{"loc":{"start":{"line":37,"column":2},"end":{"line":39,"column":3}},"type":"if","locations":[{"start":{"line":37,"column":2},"end":{"line":39,"column":3}}]},"4":{"loc":{"start":{"line":41,"column":2},"end":{"line":43,"column":3}},"type":"if","locations":[{"start":{"line":41,"column":2},"end":{"line":43,"column":3}}]},"5":{"loc":{"start":{"line":45,"column":2},"end":{"line":47,"column":3}},"type":"if","locations":[{"start":{"line":45,"column":2},"end":{"line":47,"column":3}}]}},"s":{"0":0,"1":0,"2":0,"3":0,"4":0,"5":0,"6":0,"7":0,"8":0,"9":0,"10":0,"11":0,"12":0,"13":0,"14":0,"15":0,"16":0,"17":0,"18":0,"19":0,"20":0,"21":0,"22":0},"f":{"0":0,"1":0,"2":0},"b":{"0":[0,0],"1":[0],"2":[0],"3":[0],"4":[0],"5":[0]}}
,"/Users/everestode/Desktop/POMI/pomi-app/backend/src/utils/jwt.ts": {"path":"/Users/everestode/Desktop/POMI/pomi-app/backend/src/utils/jwt.ts","statementMap":{"0":{"start":{"line":1,"column":0},"end":{"line":1,"column":31}},"1":{"start":{"line":11,"column":19},"end":{"line":11,"column":62}},"2":{"start":{"line":12,"column":19},"end":{"line":12,"column":51}},"3":{"start":{"line":13,"column":27},"end":{"line":13,"column":69}},"4":{"start":{"line":18,"column":29},"end":{"line":22,"column":1}},"5":{"start":{"line":19,"column":2},"end":{"line":21,"column":5}},"6":{"start":{"line":18,"column":13},"end":{"line":18,"column":29}},"7":{"start":{"line":27,"column":35},"end":{"line":31,"column":1}},"8":{"start":{"line":28,"column":2},"end":{"line":30,"column":5}},"9":{"start":{"line":27,"column":13},"end":{"line":27,"column":35}},"10":{"start":{"line":36,"column":36},"end":{"line":40,"column":1}},"11":{"start":{"line":37,"column":2},"end":{"line":39,"column":5}},"12":{"start":{"line":36,"column":13},"end":{"line":36,"column":36}},"13":{"start":{"line":45,"column":27},"end":{"line":52,"column":1}},"14":{"start":{"line":46,"column":2},"end":{"line":51,"column":3}},"15":{"start":{"line":47,"column":20},"end":{"line":47,"column":49}},"16":{"start":{"line":48,"column":4},"end":{"line":48,"column":33}},"17":{"start":{"line":50,"column":4},"end":{"line":50,"column":16}},"18":{"start":{"line":45,"column":13},"end":{"line":45,"column":27}},"19":{"start":{"line":57,"column":33},"end":{"line":73,"column":1}},"20":{"start":{"line":63,"column":22},"end":{"line":68,"column":4}},"21":{"start":{"line":70,"column":23},"end":{"line":70,"column":51}},"22":{"start":{"line":72,"column":2},"end":{"line":72,"column":39}},"23":{"start":{"line":57,"column":13},"end":{"line":57,"column":33}}},"fnMap":{"0":{"name":"(anonymous_1)","decl":{"start":{"line":18,"column":29},"end":{"line":18,"column":30}},"loc":{"start":{"line":18,"column":56},"end":{"line":22,"column":1}}},"1":{"name":"(anonymous_2)","decl":{"start":{"line":27,"column":35},"end":{"line":27,"column":36}},"loc":{"start":{"line":27,"column":81},"end":{"line":31,"column":1}}},"2":{"name":"(anonymous_3)","decl":{"start":{"line":36,"column":36},"end":{"line":36,"column":37}},"loc":{"start":{"line":36,"column":63},"end":{"line":40,"column":1}}},"3":{"name":"(anonymous_4)","decl":{"start":{"line":45,"column":27},"end":{"line":45,"column":28}},"loc":{"start":{"line":45,"column":64},"end":{"line":52,"column":1}}},"4":{"name":"(anonymous_5)","decl":{"start":{"line":57,"column":33},"end":{"line":57,"column":null}},"loc":{"start":{"line":62,"column":51},"end":{"line":73,"column":1}}}},"branchMap":{"0":{"loc":{"start":{"line":11,"column":19},"end":{"line":11,"column":62}},"type":"binary-expr","locations":[{"start":{"line":11,"column":19},"end":{"line":11,"column":41}},{"start":{"line":11,"column":45},"end":{"line":11,"column":62}}]},"1":{"loc":{"start":{"line":12,"column":19},"end":{"line":12,"column":51}},"type":"binary-expr","locations":[{"start":{"line":12,"column":19},"end":{"line":12,"column":41}},{"start":{"line":12,"column":45},"end":{"line":12,"column":51}}]},"2":{"loc":{"start":{"line":13,"column":27},"end":{"line":13,"column":69}},"type":"binary-expr","locations":[{"start":{"line":13,"column":27},"end":{"line":13,"column":57}},{"start":{"line":13,"column":61},"end":{"line":13,"column":69}}]},"3":{"loc":{"start":{"line":61,"column":2},"end":{"line":61,"column":17}},"type":"default-arg","locations":[{"start":{"line":61,"column":12},"end":{"line":61,"column":17}}]}},"s":{"0":0,"1":0,"2":0,"3":0,"4":0,"5":0,"6":0,"7":0,"8":0,"9":0,"10":0,"11":0,"12":0,"13":0,"14":0,"15":0,"16":0,"17":0,"18":0,"19":0,"20":0,"21":0,"22":0,"23":0},"f":{"0":0,"1":0,"2":0,"3":0,"4":0},"b":{"0":[0,0],"1":[0,0],"2":[0,0],"3":[0]}}
,"/Users/everestode/Desktop/POMI/pomi-app/backend/src/validators/auth.ts": {"path":"/Users/everestode/Desktop/POMI/pomi-app/backend/src/validators/auth.ts","statementMap":{"0":{"start":{"line":4,"column":29},"end":{"line":7,"column":1}},"1":{"start":{"line":5,"column":21},"end":{"line":5,"column":49}},"2":{"start":{"line":6,"column":2},"end":{"line":6,"column":32}},"3":{"start":{"line":4,"column":13},"end":{"line":4,"column":29}},"4":{"start":{"line":12,"column":32},"end":{"line":34,"column":1}},"5":{"start":{"line":16,"column":27},"end":{"line":16,"column":29}},"6":{"start":{"line":18,"column":2},"end":{"line":20,"column":3}},"7":{"start":{"line":19,"column":4},"end":{"line":19,"column":58}},"8":{"start":{"line":22,"column":2},"end":{"line":24,"column":3}},"9":{"start":{"line":23,"column":4},"end":{"line":23,"column":58}},"10":{"start":{"line":26,"column":2},"end":{"line":28,"column":3}},"11":{"start":{"line":27,"column":4},"end":{"line":27,"column":88}},"12":{"start":{"line":30,"column":2},"end":{"line":33,"column":4}},"13":{"start":{"line":12,"column":13},"end":{"line":12,"column":32}},"14":{"start":{"line":39,"column":36},"end":{"line":70,"column":1}},"15":{"start":{"line":47,"column":27},"end":{"line":47,"column":29}},"16":{"start":{"line":49,"column":2},"end":{"line":51,"column":3}},"17":{"start":{"line":50,"column":4},"end":{"line":50,"column":43}},"18":{"start":{"line":53,"column":2},"end":{"line":60,"column":3}},"19":{"start":{"line":54,"column":4},"end":{"line":54,"column":40}},"20":{"start":{"line":56,"column":31},"end":{"line":56,"column":62}},"21":{"start":{"line":57,"column":4},"end":{"line":59,"column":5}},"22":{"start":{"line":58,"column":6},"end":{"line":58,"column":48}},"23":{"start":{"line":62,"column":2},"end":{"line":64,"column":3}},"24":{"start":{"line":63,"column":4},"end":{"line":63,"column":40}},"25":{"start":{"line":66,"column":2},"end":{"line":69,"column":4}},"26":{"start":{"line":39,"column":13},"end":{"line":39,"column":36}},"27":{"start":{"line":75,"column":29},"end":{"line":96,"column":1}},"28":{"start":{"line":82,"column":27},"end":{"line":82,"column":29}},"29":{"start":{"line":84,"column":2},"end":{"line":86,"column":3}},"30":{"start":{"line":85,"column":4},"end":{"line":85,"column":37}},"31":{"start":{"line":88,"column":2},"end":{"line":90,"column":3}},"32":{"start":{"line":89,"column":4},"end":{"line":89,"column":40}},"33":{"start":{"line":92,"column":2},"end":{"line":95,"column":4}},"34":{"start":{"line":75,"column":13},"end":{"line":75,"column":29}}},"fnMap":{"0":{"name":"(anonymous_0)","decl":{"start":{"line":4,"column":29},"end":{"line":4,"column":30}},"loc":{"start":{"line":4,"column":56},"end":{"line":7,"column":1}}},"1":{"name":"(anonymous_1)","decl":{"start":{"line":12,"column":32},"end":{"line":12,"column":33}},"loc":{"start":{"line":15,"column":4},"end":{"line":34,"column":1}}},"2":{"name":"(anonymous_2)","decl":{"start":{"line":39,"column":36},"end":{"line":39,"column":37}},"loc":{"start":{"line":46,"column":4},"end":{"line":70,"column":1}}},"3":{"name":"(anonymous_3)","decl":{"start":{"line":75,"column":29},"end":{"line":75,"column":30}},"loc":{"start":{"line":81,"column":4},"end":{"line":96,"column":1}}}},"branchMap":{"0":{"loc":{"start":{"line":18,"column":2},"end":{"line":20,"column":3}},"type":"if","locations":[{"start":{"line":18,"column":2},"end":{"line":20,"column":3}}]},"1":{"loc":{"start":{"line":22,"column":2},"end":{"line":24,"column":3}},"type":"if","locations":[{"start":{"line":22,"column":2},"end":{"line":24,"column":3}}]},"2":{"loc":{"start":{"line":26,"column":2},"end":{"line":28,"column":3}},"type":"if","locations":[{"start":{"line":26,"column":2},"end":{"line":28,"column":3}}]},"3":{"loc":{"start":{"line":49,"column":2},"end":{"line":51,"column":3}},"type":"if","locations":[{"start":{"line":49,"column":2},"end":{"line":51,"column":3}}]},"4":{"loc":{"start":{"line":49,"column":6},"end":{"line":49,"column":47}},"type":"binary-expr","locations":[{"start":{"line":49,"column":6},"end":{"line":49,"column":17}},{"start":{"line":49,"column":21},"end":{"line":49,"column":47}}]},"5":{"loc":{"start":{"line":53,"column":2},"end":{"line":60,"column":3}},"type":"if","locations":[{"start":{"line":53,"column":2},"end":{"line":60,"column":3}},{"start":{"line":55,"column":9},"end":{"line":60,"column":3}}]},"6":{"loc":{"start":{"line":57,"column":4},"end":{"line":59,"column":5}},"type":"if","locations":[{"start":{"line":57,"column":4},"end":{"line":59,"column":5}}]},"7":{"loc":{"start":{"line":62,"column":2},"end":{"line":64,"column":3}},"type":"if","locations":[{"start":{"line":62,"column":2},"end":{"line":64,"column":3}}]},"8":{"loc":{"start":{"line":84,"column":2},"end":{"line":86,"column":3}},"type":"if","locations":[{"start":{"line":84,"column":2},"end":{"line":86,"column":3}}]},"9":{"loc":{"start":{"line":88,"column":2},"end":{"line":90,"column":3}},"type":"if","locations":[{"start":{"line":88,"column":2},"end":{"line":90,"column":3}}]}},"s":{"0":0,"1":0,"2":0,"3":0,"4":0,"5":0,"6":0,"7":0,"8":0,"9":0,"10":0,"11":0,"12":0,"13":0,"14":0,"15":0,"16":0,"17":0,"18":0,"19":0,"20":0,"21":0,"22":0,"23":0,"24":0,"25":0,"26":0,"27":0,"28":0,"29":0,"30":0,"31":0,"32":0,"33":0,"34":0},"f":{"0":0,"1":0,"2":0,"3":0},"b":{"0":[0],"1":[0],"2":[0],"3":[0],"4":[0,0],"5":[0,0],"6":[0],"7":[0],"8":[0],"9":[0]}}
}
