{"/Users/everestode/Desktop/POMI/pomi-app/backend/src/app.ts": {"path":"/Users/everestode/Desktop/POMI/pomi-app/backend/src/app.ts","statementMap":{"0":{"start":{"line":1,"column":0},"end":{"line":1,"column":62}},"1":{"start":{"line":2,"column":0},"end":{"line":2,"column":24}},"2":{"start":{"line":3,"column":0},"end":{"line":3,"column":28}},"3":{"start":{"line":4,"column":0},"end":{"line":4,"column":32}},"4":{"start":{"line":5,"column":0},"end":{"line":5,"column":23}},"5":{"start":{"line":6,"column":0},"end":{"line":6,"column":42}},"6":{"start":{"line":7,"column":0},"end":{"line":7,"column":66}},"7":{"start":{"line":9,"column":21},"end":{"line":9,"column":30}},"8":{"start":{"line":10,"column":13},"end":{"line":10,"column":37}},"9":{"start":{"line":11,"column":20},"end":{"line":11,"column":120}},"10":{"start":{"line":14,"column":0},"end":{"line":14,"column":24}},"11":{"start":{"line":15,"column":0},"end":{"line":15,"column":48}},"12":{"start":{"line":16,"column":0},"end":{"line":19,"column":4}},"13":{"start":{"line":20,"column":0},"end":{"line":22,"column":4}},"14":{"start":{"line":23,"column":0},"end":{"line":23,"column":25}},"15":{"start":{"line":26,"column":18},"end":{"line":34,"column":1}},"16":{"start":{"line":27,"column":2},"end":{"line":33,"column":3}},"17":{"start":{"line":28,"column":4},"end":{"line":28,"column":40}},"18":{"start":{"line":29,"column":4},"end":{"line":29,"column":52}},"19":{"start":{"line":31,"column":4},"end":{"line":31,"column":57}},"20":{"start":{"line":32,"column":4},"end":{"line":32,"column":20}},"21":{"start":{"line":37,"column":0},"end":{"line":37,"column":12}},"22":{"start":{"line":40,"column":0},"end":{"line":47,"column":3}},"23":{"start":{"line":41,"column":2},"end":{"line":46,"column":5}},"24":{"start":{"line":50,"column":0},"end":{"line":50,"column":30}},"25":{"start":{"line":53,"column":0},"end":{"line":56,"column":3}},"26":{"start":{"line":54,"column":2},"end":{"line":54,"column":21}},"27":{"start":{"line":55,"column":2},"end":{"line":55,"column":59}},"28":{"start":{"line":60,"column":0},"end":{"line":60,"column":19}}},"fnMap":{"0":{"name":"(anonymous_1)","decl":{"start":{"line":26,"column":18},"end":{"line":26,"column":23}},"loc":{"start":{"line":26,"column":29},"end":{"line":34,"column":1}}},"1":{"name":"(anonymous_2)","decl":{"start":{"line":40,"column":19},"end":{"line":40,"column":20}},"loc":{"start":{"line":40,"column":51},"end":{"line":47,"column":1}}},"2":{"name":"(anonymous_3)","decl":{"start":{"line":53,"column":8},"end":{"line":53,"column":9}},"loc":{"start":{"line":53,"column":61},"end":{"line":56,"column":1}}}},"branchMap":{"0":{"loc":{"start":{"line":10,"column":13},"end":{"line":10,"column":37}},"type":"binary-expr","locations":[{"start":{"line":10,"column":13},"end":{"line":10,"column":29}},{"start":{"line":10,"column":33},"end":{"line":10,"column":37}}]},"1":{"loc":{"start":{"line":11,"column":20},"end":{"line":11,"column":120}},"type":"binary-expr","locations":[{"start":{"line":11,"column":20},"end":{"line":11,"column":43}},{"start":{"line":11,"column":47},"end":{"line":11,"column":120}}]},"2":{"loc":{"start":{"line":17,"column":10},"end":{"line":17,"column":83}},"type":"binary-expr","locations":[{"start":{"line":17,"column":10},"end":{"line":17,"column":54}},{"start":{"line":17,"column":58},"end":{"line":17,"column":83}}]},"3":{"loc":{"start":{"line":45,"column":13},"end":{"line":45,"column":80}},"type":"cond-expr","locations":[{"start":{"line":45,"column":52},"end":{"line":45,"column":63}},{"start":{"line":45,"column":66},"end":{"line":45,"column":80}}]}},"s":{"0":0,"1":0,"2":0,"3":0,"4":0,"5":0,"6":0,"7":0,"8":0,"9":0,"10":0,"11":0,"12":0,"13":0,"14":0,"15":0,"16":0,"17":0,"18":0,"19":0,"20":0,"21":0,"22":0,"23":0,"24":0,"25":0,"26":0,"27":0,"28":0},"f":{"0":0,"1":0,"2":0},"b":{"0":[0,0],"1":[0,0],"2":[0,0],"3":[0,0]}}
,"/Users/everestode/Desktop/POMI/pomi-app/backend/src/config/s3.ts": {"path":"/Users/everestode/Desktop/POMI/pomi-app/backend/src/config/s3.ts","statementMap":{"0":{"start":{"line":1,"column":0},"end":{"line":1,"column":48}},"1":{"start":{"line":4,"column":18},"end":{"line":11,"column":2}},"2":{"start":{"line":13,"column":0},"end":{"line":13,"column":null}}},"fnMap":{},"branchMap":{"0":{"loc":{"start":{"line":6,"column":15},"end":{"line":6,"column":89}},"type":"binary-expr","locations":[{"start":{"line":6,"column":15},"end":{"line":6,"column":44}},{"start":{"line":6,"column":48},"end":{"line":6,"column":73}},{"start":{"line":6,"column":77},"end":{"line":6,"column":89}}]},"1":{"loc":{"start":{"line":7,"column":19},"end":{"line":7,"column":97}},"type":"binary-expr","locations":[{"start":{"line":7,"column":19},"end":{"line":7,"column":52}},{"start":{"line":7,"column":56},"end":{"line":7,"column":81}},{"start":{"line":7,"column":85},"end":{"line":7,"column":97}}]},"2":{"loc":{"start":{"line":8,"column":10},"end":{"line":8,"column":41}},"type":"binary-expr","locations":[{"start":{"line":8,"column":10},"end":{"line":8,"column":31}},{"start":{"line":8,"column":35},"end":{"line":8,"column":41}}]},"3":{"loc":{"start":{"line":9,"column":10},"end":{"line":9,"column":47}},"type":"binary-expr","locations":[{"start":{"line":9,"column":10},"end":{"line":9,"column":32}},{"start":{"line":9,"column":36},"end":{"line":9,"column":47}}]}},"s":{"0":0,"1":0,"2":0},"f":{},"b":{"0":[0,0,0],"1":[0,0,0],"2":[0,0],"3":[0,0]}}
,"/Users/everestode/Desktop/POMI/pomi-app/backend/src/controllers/admin.controller.ts": {"path":"/Users/everestode/Desktop/POMI/pomi-app/backend/src/controllers/admin.controller.ts","statementMap":{"0":{"start":{"line":2,"column":0},"end":{"line":2,"column":33}},"1":{"start":{"line":4,"column":0},"end":{"line":4,"column":37}},"2":{"start":{"line":5,"column":0},"end":{"line":5,"column":39}},"3":{"start":{"line":6,"column":0},"end":{"line":6,"column":45}},"4":{"start":{"line":7,"column":0},"end":{"line":7,"column":43}},"5":{"start":{"line":8,"column":0},"end":{"line":8,"column":43}},"6":{"start":{"line":10,"column":32},"end":{"line":61,"column":1}},"7":{"start":{"line":11,"column":2},"end":{"line":60,"column":3}},"8":{"start":{"line":21,"column":6},"end":{"line":41,"column":8}},"9":{"start":{"line":44,"column":6},"end":{"line":44,"column":59}},"10":{"start":{"line":46,"column":4},"end":{"line":56,"column":7}},"11":{"start":{"line":58,"column":4},"end":{"line":58,"column":50}},"12":{"start":{"line":59,"column":4},"end":{"line":59,"column":69}},"13":{"start":{"line":10,"column":13},"end":{"line":10,"column":32}},"14":{"start":{"line":63,"column":30},"end":{"line":122,"column":1}},"15":{"start":{"line":64,"column":2},"end":{"line":121,"column":3}},"16":{"start":{"line":65,"column":19},"end":{"line":69,"column":46}},"17":{"start":{"line":71,"column":28},"end":{"line":115,"column":7}},"18":{"start":{"line":71,"column":51},"end":{"line":115,"column":6}},"19":{"start":{"line":98,"column":65},"end":{"line":104,"column":8}},"20":{"start":{"line":117,"column":4},"end":{"line":117,"column":54}},"21":{"start":{"line":119,"column":4},"end":{"line":119,"column":48}},"22":{"start":{"line":120,"column":4},"end":{"line":120,"column":71}},"23":{"start":{"line":63,"column":13},"end":{"line":63,"column":30}},"24":{"start":{"line":124,"column":34},"end":{"line":155,"column":1}},"25":{"start":{"line":125,"column":2},"end":{"line":154,"column":3}},"26":{"start":{"line":126,"column":23},"end":{"line":128,"column":30}},"27":{"start":{"line":130,"column":32},"end":{"line":148,"column":7}},"28":{"start":{"line":130,"column":67},"end":{"line":148,"column":6}},"29":{"start":{"line":150,"column":4},"end":{"line":150,"column":62}},"30":{"start":{"line":152,"column":4},"end":{"line":152,"column":52}},"31":{"start":{"line":153,"column":4},"end":{"line":153,"column":75}},"32":{"start":{"line":124,"column":13},"end":{"line":124,"column":34}},"33":{"start":{"line":157,"column":36},"end":{"line":217,"column":1}},"34":{"start":{"line":161,"column":2},"end":{"line":216,"column":3}},"35":{"start":{"line":162,"column":19},"end":{"line":162,"column":29}},"36":{"start":{"line":163,"column":33},"end":{"line":163,"column":41}},"37":{"start":{"line":165,"column":28},"end":{"line":165,"column":59}},"38":{"start":{"line":167,"column":4},"end":{"line":172,"column":5}},"39":{"start":{"line":168,"column":6},"end":{"line":170,"column":76}},"40":{"start":{"line":171,"column":6},"end":{"line":171,"column":13}},"41":{"start":{"line":174,"column":4},"end":{"line":177,"column":5}},"42":{"start":{"line":175,"column":6},"end":{"line":175,"column":65}},"43":{"start":{"line":176,"column":6},"end":{"line":176,"column":13}},"44":{"start":{"line":179,"column":41},"end":{"line":179,"column":43}},"45":{"start":{"line":180,"column":4},"end":{"line":182,"column":5}},"46":{"start":{"line":181,"column":6},"end":{"line":181,"column":30}},"47":{"start":{"line":183,"column":4},"end":{"line":185,"column":5}},"48":{"start":{"line":184,"column":6},"end":{"line":184,"column":34}},"49":{"start":{"line":187,"column":21},"end":{"line":189,"column":62}},"50":{"start":{"line":191,"column":4},"end":{"line":194,"column":5}},"51":{"start":{"line":192,"column":6},"end":{"line":192,"column":60}},"52":{"start":{"line":193,"column":6},"end":{"line":193,"column":13}},"53":{"start":{"line":196,"column":4},"end":{"line":212,"column":7}},"54":{"start":{"line":214,"column":4},"end":{"line":214,"column":57}},"55":{"start":{"line":215,"column":4},"end":{"line":215,"column":72}},"56":{"start":{"line":157,"column":13},"end":{"line":157,"column":36}},"57":{"start":{"line":219,"column":32},"end":{"line":260,"column":1}},"58":{"start":{"line":220,"column":2},"end":{"line":259,"column":3}},"59":{"start":{"line":221,"column":21},"end":{"line":224,"column":51}},"60":{"start":{"line":226,"column":30},"end":{"line":253,"column":7}},"61":{"start":{"line":226,"column":62},"end":{"line":253,"column":6}},"62":{"start":{"line":255,"column":4},"end":{"line":255,"column":58}},"63":{"start":{"line":257,"column":4},"end":{"line":257,"column":53}},"64":{"start":{"line":258,"column":4},"end":{"line":258,"column":85}},"65":{"start":{"line":219,"column":13},"end":{"line":219,"column":32}},"66":{"start":{"line":262,"column":33},"end":{"line":304,"column":1}},"67":{"start":{"line":263,"column":2},"end":{"line":303,"column":3}},"68":{"start":{"line":264,"column":19},"end":{"line":264,"column":29}},"69":{"start":{"line":265,"column":40},"end":{"line":265,"column":48}},"70":{"start":{"line":267,"column":4},"end":{"line":270,"column":5}},"71":{"start":{"line":268,"column":6},"end":{"line":268,"column":67}},"72":{"start":{"line":269,"column":6},"end":{"line":269,"column":13}},"73":{"start":{"line":272,"column":18},"end":{"line":283,"column":47}},"74":{"start":{"line":285,"column":4},"end":{"line":288,"column":5}},"75":{"start":{"line":286,"column":6},"end":{"line":286,"column":57}},"76":{"start":{"line":287,"column":6},"end":{"line":287,"column":13}},"77":{"start":{"line":290,"column":4},"end":{"line":299,"column":7}},"78":{"start":{"line":301,"column":4},"end":{"line":301,"column":58}},"79":{"start":{"line":302,"column":4},"end":{"line":302,"column":69}},"80":{"start":{"line":262,"column":13},"end":{"line":262,"column":33}},"81":{"start":{"line":306,"column":35},"end":{"line":358,"column":1}},"82":{"start":{"line":307,"column":2},"end":{"line":357,"column":3}},"83":{"start":{"line":308,"column":19},"end":{"line":308,"column":29}},"84":{"start":{"line":309,"column":40},"end":{"line":309,"column":48}},"85":{"start":{"line":311,"column":4},"end":{"line":314,"column":5}},"86":{"start":{"line":312,"column":6},"end":{"line":312,"column":67}},"87":{"start":{"line":313,"column":6},"end":{"line":313,"column":13}},"88":{"start":{"line":316,"column":28},"end":{"line":323,"column":6}},"89":{"start":{"line":325,"column":4},"end":{"line":327,"column":5}},"90":{"start":{"line":326,"column":6},"end":{"line":326,"column":35}},"91":{"start":{"line":329,"column":4},"end":{"line":331,"column":5}},"92":{"start":{"line":330,"column":6},"end":{"line":330,"column":37}},"93":{"start":{"line":333,"column":20},"end":{"line":336,"column":45}},"94":{"start":{"line":338,"column":4},"end":{"line":341,"column":5}},"95":{"start":{"line":339,"column":6},"end":{"line":339,"column":59}},"96":{"start":{"line":340,"column":6},"end":{"line":340,"column":13}},"97":{"start":{"line":343,"column":4},"end":{"line":353,"column":7}},"98":{"start":{"line":355,"column":4},"end":{"line":355,"column":64}},"99":{"start":{"line":356,"column":4},"end":{"line":356,"column":71}},"100":{"start":{"line":306,"column":13},"end":{"line":306,"column":35}},"101":{"start":{"line":360,"column":29},"end":{"line":408,"column":1}},"102":{"start":{"line":361,"column":2},"end":{"line":407,"column":3}},"103":{"start":{"line":362,"column":45},"end":{"line":362,"column":54}},"104":{"start":{"line":363,"column":21},"end":{"line":363,"column":67}},"105":{"start":{"line":364,"column":20},"end":{"line":364,"column":49}},"106":{"start":{"line":366,"column":24},"end":{"line":366,"column":26}},"107":{"start":{"line":369,"column":4},"end":{"line":374,"column":5}},"108":{"start":{"line":370,"column":6},"end":{"line":373,"column":8}},"109":{"start":{"line":376,"column":27},"end":{"line":383,"column":6}},"110":{"start":{"line":385,"column":27},"end":{"line":394,"column":7}},"111":{"start":{"line":385,"column":48},"end":{"line":394,"column":6}},"112":{"start":{"line":396,"column":4},"end":{"line":403,"column":7}},"113":{"start":{"line":405,"column":4},"end":{"line":405,"column":47}},"114":{"start":{"line":406,"column":4},"end":{"line":406,"column":72}},"115":{"start":{"line":360,"column":13},"end":{"line":360,"column":29}},"116":{"start":{"line":414,"column":32},"end":{"line":458,"column":1}},"117":{"start":{"line":415,"column":2},"end":{"line":457,"column":3}},"118":{"start":{"line":416,"column":21},"end":{"line":416,"column":39}},"119":{"start":{"line":419,"column":18},"end":{"line":419,"column":46}},"120":{"start":{"line":420,"column":4},"end":{"line":423,"column":5}},"121":{"start":{"line":421,"column":6},"end":{"line":421,"column":77}},"122":{"start":{"line":422,"column":6},"end":{"line":422,"column":13}},"123":{"start":{"line":425,"column":37},"end":{"line":425,"column":45}},"124":{"start":{"line":427,"column":4},"end":{"line":430,"column":5}},"125":{"start":{"line":428,"column":6},"end":{"line":428,"column":87}},"126":{"start":{"line":429,"column":6},"end":{"line":429,"column":13}},"127":{"start":{"line":433,"column":22},"end":{"line":433,"column":54}},"128":{"start":{"line":434,"column":4},"end":{"line":437,"column":5}},"129":{"start":{"line":435,"column":6},"end":{"line":435,"column":61}},"130":{"start":{"line":436,"column":6},"end":{"line":436,"column":13}},"131":{"start":{"line":440,"column":20},"end":{"line":448,"column":6}},"132":{"start":{"line":450,"column":4},"end":{"line":453,"column":7}},"133":{"start":{"line":455,"column":4},"end":{"line":455,"column":54}},"134":{"start":{"line":456,"column":4},"end":{"line":456,"column":68}},"135":{"start":{"line":414,"column":13},"end":{"line":414,"column":32}},"136":{"start":{"line":464,"column":32},"end":{"line":488,"column":1}},"137":{"start":{"line":465,"column":2},"end":{"line":487,"column":3}},"138":{"start":{"line":466,"column":21},"end":{"line":466,"column":39}},"139":{"start":{"line":469,"column":18},"end":{"line":469,"column":46}},"140":{"start":{"line":470,"column":4},"end":{"line":473,"column":5}},"141":{"start":{"line":471,"column":6},"end":{"line":471,"column":77}},"142":{"start":{"line":472,"column":6},"end":{"line":472,"column":13}},"143":{"start":{"line":476,"column":21},"end":{"line":479,"column":13}},"144":{"start":{"line":481,"column":4},"end":{"line":483,"column":7}},"145":{"start":{"line":485,"column":4},"end":{"line":485,"column":54}},"146":{"start":{"line":486,"column":4},"end":{"line":486,"column":70}},"147":{"start":{"line":464,"column":13},"end":{"line":464,"column":32}},"148":{"start":{"line":494,"column":37},"end":{"line":538,"column":1}},"149":{"start":{"line":495,"column":2},"end":{"line":537,"column":3}},"150":{"start":{"line":496,"column":21},"end":{"line":496,"column":39}},"151":{"start":{"line":499,"column":18},"end":{"line":499,"column":46}},"152":{"start":{"line":500,"column":4},"end":{"line":503,"column":5}},"153":{"start":{"line":501,"column":6},"end":{"line":501,"column":77}},"154":{"start":{"line":502,"column":6},"end":{"line":502,"column":13}},"155":{"start":{"line":505,"column":24},"end":{"line":505,"column":32}},"156":{"start":{"line":507,"column":4},"end":{"line":510,"column":5}},"157":{"start":{"line":508,"column":6},"end":{"line":508,"column":69}},"158":{"start":{"line":509,"column":6},"end":{"line":509,"column":13}},"159":{"start":{"line":513,"column":18},"end":{"line":513,"column":76}},"160":{"start":{"line":516,"column":21},"end":{"line":527,"column":null}},"161":{"start":{"line":518,"column":8},"end":{"line":526,"column":10}},"162":{"start":{"line":530,"column":4},"end":{"line":533,"column":7}},"163":{"start":{"line":535,"column":4},"end":{"line":535,"column":59}},"164":{"start":{"line":536,"column":4},"end":{"line":536,"column":73}},"165":{"start":{"line":494,"column":13},"end":{"line":494,"column":37}},"166":{"start":{"line":544,"column":29},"end":{"line":573,"column":1}},"167":{"start":{"line":545,"column":2},"end":{"line":572,"column":3}},"168":{"start":{"line":546,"column":21},"end":{"line":546,"column":39}},"169":{"start":{"line":549,"column":18},"end":{"line":549,"column":46}},"170":{"start":{"line":550,"column":4},"end":{"line":553,"column":5}},"171":{"start":{"line":551,"column":6},"end":{"line":551,"column":77}},"172":{"start":{"line":552,"column":6},"end":{"line":552,"column":13}},"173":{"start":{"line":556,"column":21},"end":{"line":563,"column":13}},"174":{"start":{"line":565,"column":4},"end":{"line":568,"column":7}},"175":{"start":{"line":570,"column":4},"end":{"line":570,"column":51}},"176":{"start":{"line":571,"column":4},"end":{"line":571,"column":67}},"177":{"start":{"line":544,"column":13},"end":{"line":544,"column":29}},"178":{"start":{"line":579,"column":36},"end":{"line":628,"column":1}},"179":{"start":{"line":580,"column":2},"end":{"line":627,"column":3}},"180":{"start":{"line":581,"column":21},"end":{"line":581,"column":39}},"181":{"start":{"line":582,"column":23},"end":{"line":582,"column":33}},"182":{"start":{"line":585,"column":18},"end":{"line":585,"column":46}},"183":{"start":{"line":586,"column":4},"end":{"line":589,"column":5}},"184":{"start":{"line":587,"column":6},"end":{"line":587,"column":77}},"185":{"start":{"line":588,"column":6},"end":{"line":588,"column":13}},"186":{"start":{"line":592,"column":17},"end":{"line":592,"column":44}},"187":{"start":{"line":593,"column":4},"end":{"line":596,"column":5}},"188":{"start":{"line":594,"column":6},"end":{"line":594,"column":56}},"189":{"start":{"line":595,"column":6},"end":{"line":595,"column":13}},"190":{"start":{"line":599,"column":21},"end":{"line":606,"column":13}},"191":{"start":{"line":609,"column":4},"end":{"line":618,"column":6}},"192":{"start":{"line":620,"column":4},"end":{"line":623,"column":7}},"193":{"start":{"line":625,"column":4},"end":{"line":625,"column":58}},"194":{"start":{"line":626,"column":4},"end":{"line":626,"column":68}},"195":{"start":{"line":579,"column":13},"end":{"line":579,"column":36}}},"fnMap":{"0":{"name":"(anonymous_1)","decl":{"start":{"line":10,"column":32},"end":{"line":10,"column":37}},"loc":{"start":{"line":10,"column":74},"end":{"line":61,"column":1}}},"1":{"name":"(anonymous_2)","decl":{"start":{"line":63,"column":30},"end":{"line":63,"column":35}},"loc":{"start":{"line":63,"column":72},"end":{"line":122,"column":1}}},"2":{"name":"(anonymous_3)","decl":{"start":{"line":71,"column":39},"end":{"line":71,"column":40}},"loc":{"start":{"line":71,"column":51},"end":{"line":115,"column":6}}},"3":{"name":"(anonymous_4)","decl":{"start":{"line":98,"column":45},"end":{"line":98,"column":46}},"loc":{"start":{"line":98,"column":65},"end":{"line":104,"column":8}}},"4":{"name":"(anonymous_5)","decl":{"start":{"line":124,"column":34},"end":{"line":124,"column":39}},"loc":{"start":{"line":124,"column":76},"end":{"line":155,"column":1}}},"5":{"name":"(anonymous_6)","decl":{"start":{"line":130,"column":47},"end":{"line":130,"column":48}},"loc":{"start":{"line":130,"column":67},"end":{"line":148,"column":6}}},"6":{"name":"(anonymous_7)","decl":{"start":{"line":157,"column":36},"end":{"line":157,"column":41}},"loc":{"start":{"line":160,"column":4},"end":{"line":217,"column":1}}},"7":{"name":"(anonymous_8)","decl":{"start":{"line":219,"column":32},"end":{"line":219,"column":37}},"loc":{"start":{"line":219,"column":74},"end":{"line":260,"column":1}}},"8":{"name":"(anonymous_9)","decl":{"start":{"line":226,"column":43},"end":{"line":226,"column":44}},"loc":{"start":{"line":226,"column":62},"end":{"line":253,"column":6}}},"9":{"name":"(anonymous_10)","decl":{"start":{"line":262,"column":33},"end":{"line":262,"column":38}},"loc":{"start":{"line":262,"column":75},"end":{"line":304,"column":1}}},"10":{"name":"(anonymous_11)","decl":{"start":{"line":306,"column":35},"end":{"line":306,"column":40}},"loc":{"start":{"line":306,"column":77},"end":{"line":358,"column":1}}},"11":{"name":"(anonymous_12)","decl":{"start":{"line":360,"column":29},"end":{"line":360,"column":34}},"loc":{"start":{"line":360,"column":71},"end":{"line":408,"column":1}}},"12":{"name":"(anonymous_13)","decl":{"start":{"line":385,"column":37},"end":{"line":385,"column":38}},"loc":{"start":{"line":385,"column":48},"end":{"line":394,"column":6}}},"13":{"name":"(anonymous_14)","decl":{"start":{"line":414,"column":32},"end":{"line":414,"column":37}},"loc":{"start":{"line":414,"column":89},"end":{"line":458,"column":1}}},"14":{"name":"(anonymous_15)","decl":{"start":{"line":464,"column":32},"end":{"line":464,"column":37}},"loc":{"start":{"line":464,"column":89},"end":{"line":488,"column":1}}},"15":{"name":"(anonymous_16)","decl":{"start":{"line":494,"column":37},"end":{"line":494,"column":42}},"loc":{"start":{"line":494,"column":94},"end":{"line":538,"column":1}}},"16":{"name":"(anonymous_17)","decl":{"start":{"line":517,"column":16},"end":{"line":517,"column":17}},"loc":{"start":{"line":518,"column":8},"end":{"line":526,"column":10}}},"17":{"name":"(anonymous_18)","decl":{"start":{"line":544,"column":29},"end":{"line":544,"column":34}},"loc":{"start":{"line":544,"column":86},"end":{"line":573,"column":1}}},"18":{"name":"(anonymous_19)","decl":{"start":{"line":579,"column":36},"end":{"line":579,"column":41}},"loc":{"start":{"line":579,"column":93},"end":{"line":628,"column":1}}}},"branchMap":{"0":{"loc":{"start":{"line":44,"column":6},"end":{"line":44,"column":59}},"type":"cond-expr","locations":[{"start":{"line":44,"column":33},"end":{"line":44,"column":55}},{"start":{"line":44,"column":58},"end":{"line":44,"column":59}}]},"1":{"loc":{"start":{"line":80,"column":20},"end":{"line":80,"column":46}},"type":"binary-expr","locations":[{"start":{"line":80,"column":20},"end":{"line":80,"column":38}},{"start":{"line":80,"column":42},"end":{"line":80,"column":46}}]},"2":{"loc":{"start":{"line":81,"column":12},"end":{"line":81,"column":28}},"type":"binary-expr","locations":[{"start":{"line":81,"column":12},"end":{"line":81,"column":22}},{"start":{"line":81,"column":26},"end":{"line":81,"column":28}}]},"3":{"loc":{"start":{"line":82,"column":13},"end":{"line":82,"column":65}},"type":"cond-expr","locations":[{"start":{"line":82,"column":47},"end":{"line":82,"column":58}},{"start":{"line":82,"column":61},"end":{"line":82,"column":65}}]},"4":{"loc":{"start":{"line":85,"column":24},"end":{"line":93,"column":14}},"type":"cond-expr","locations":[{"start":{"line":86,"column":10},"end":{"line":92,"column":null}},{"start":{"line":93,"column":10},"end":{"line":93,"column":14}}]},"5":{"loc":{"start":{"line":94,"column":18},"end":{"line":94,"column":42}},"type":"binary-expr","locations":[{"start":{"line":94,"column":18},"end":{"line":94,"column":34}},{"start":{"line":94,"column":38},"end":{"line":94,"column":42}}]},"6":{"loc":{"start":{"line":95,"column":23},"end":{"line":95,"column":52}},"type":"binary-expr","locations":[{"start":{"line":95,"column":23},"end":{"line":95,"column":44}},{"start":{"line":95,"column":48},"end":{"line":95,"column":52}}]},"7":{"loc":{"start":{"line":96,"column":13},"end":{"line":96,"column":32}},"type":"binary-expr","locations":[{"start":{"line":96,"column":13},"end":{"line":96,"column":24}},{"start":{"line":96,"column":28},"end":{"line":96,"column":32}}]},"8":{"loc":{"start":{"line":97,"column":21},"end":{"line":97,"column":49}},"type":"binary-expr","locations":[{"start":{"line":97,"column":21},"end":{"line":97,"column":44}},{"start":{"line":97,"column":48},"end":{"line":97,"column":49}}]},"9":{"loc":{"start":{"line":98,"column":18},"end":{"line":98,"column":39}},"type":"binary-expr","locations":[{"start":{"line":98,"column":18},"end":{"line":98,"column":33}},{"start":{"line":98,"column":37},"end":{"line":98,"column":39}}]},"10":{"loc":{"start":{"line":105,"column":24},"end":{"line":105,"column":60}},"type":"binary-expr","locations":[{"start":{"line":105,"column":24},"end":{"line":105,"column":46}},{"start":{"line":105,"column":50},"end":{"line":105,"column":60}}]},"11":{"loc":{"start":{"line":106,"column":23},"end":{"line":106,"column":52}},"type":"binary-expr","locations":[{"start":{"line":106,"column":23},"end":{"line":106,"column":44}},{"start":{"line":106,"column":48},"end":{"line":106,"column":52}}]},"12":{"loc":{"start":{"line":108,"column":18},"end":{"line":114,"column":14}},"type":"cond-expr","locations":[{"start":{"line":109,"column":10},"end":{"line":113,"column":null}},{"start":{"line":114,"column":10},"end":{"line":114,"column":14}}]},"13":{"loc":{"start":{"line":139,"column":13},"end":{"line":147,"column":14}},"type":"cond-expr","locations":[{"start":{"line":140,"column":10},"end":{"line":146,"column":null}},{"start":{"line":147,"column":10},"end":{"line":147,"column":14}}]},"14":{"loc":{"start":{"line":167,"column":4},"end":{"line":172,"column":5}},"type":"if","locations":[{"start":{"line":167,"column":4},"end":{"line":172,"column":5}}]},"15":{"loc":{"start":{"line":167,"column":8},"end":{"line":167,"column":48}},"type":"binary-expr","locations":[{"start":{"line":167,"column":8},"end":{"line":167,"column":15}},{"start":{"line":167,"column":19},"end":{"line":167,"column":48}}]},"16":{"loc":{"start":{"line":174,"column":4},"end":{"line":177,"column":5}},"type":"if","locations":[{"start":{"line":174,"column":4},"end":{"line":177,"column":5}}]},"17":{"loc":{"start":{"line":174,"column":8},"end":{"line":174,"column":51}},"type":"binary-expr","locations":[{"start":{"line":174,"column":8},"end":{"line":174,"column":14}},{"start":{"line":174,"column":18},"end":{"line":174,"column":51}}]},"18":{"loc":{"start":{"line":180,"column":4},"end":{"line":182,"column":5}},"type":"if","locations":[{"start":{"line":180,"column":4},"end":{"line":182,"column":5}}]},"19":{"loc":{"start":{"line":183,"column":4},"end":{"line":185,"column":5}},"type":"if","locations":[{"start":{"line":183,"column":4},"end":{"line":185,"column":5}}]},"20":{"loc":{"start":{"line":191,"column":4},"end":{"line":194,"column":5}},"type":"if","locations":[{"start":{"line":191,"column":4},"end":{"line":194,"column":5}}]},"21":{"loc":{"start":{"line":204,"column":15},"end":{"line":210,"column":16}},"type":"cond-expr","locations":[{"start":{"line":205,"column":12},"end":{"line":209,"column":null}},{"start":{"line":210,"column":12},"end":{"line":210,"column":16}}]},"22":{"loc":{"start":{"line":233,"column":24},"end":{"line":233,"column":62}},"type":"binary-expr","locations":[{"start":{"line":233,"column":24},"end":{"line":233,"column":48}},{"start":{"line":233,"column":52},"end":{"line":233,"column":62}}]},"23":{"loc":{"start":{"line":234,"column":23},"end":{"line":234,"column":54}},"type":"binary-expr","locations":[{"start":{"line":234,"column":23},"end":{"line":234,"column":46}},{"start":{"line":234,"column":50},"end":{"line":234,"column":54}}]},"24":{"loc":{"start":{"line":236,"column":14},"end":{"line":244,"column":14}},"type":"cond-expr","locations":[{"start":{"line":237,"column":10},"end":{"line":243,"column":null}},{"start":{"line":244,"column":10},"end":{"line":244,"column":14}}]},"25":{"loc":{"start":{"line":245,"column":18},"end":{"line":251,"column":14}},"type":"cond-expr","locations":[{"start":{"line":246,"column":10},"end":{"line":250,"column":null}},{"start":{"line":251,"column":10},"end":{"line":251,"column":14}}]},"26":{"loc":{"start":{"line":267,"column":4},"end":{"line":270,"column":5}},"type":"if","locations":[{"start":{"line":267,"column":4},"end":{"line":270,"column":5}}]},"27":{"loc":{"start":{"line":276,"column":21},"end":{"line":278,"column":21}},"type":"cond-expr","locations":[{"start":{"line":277,"column":12},"end":{"line":277,"column":53}},{"start":{"line":278,"column":12},"end":{"line":278,"column":21}}]},"28":{"loc":{"start":{"line":280,"column":25},"end":{"line":280,"column":79}},"type":"cond-expr","locations":[{"start":{"line":280,"column":49},"end":{"line":280,"column":72}},{"start":{"line":280,"column":75},"end":{"line":280,"column":79}}]},"29":{"loc":{"start":{"line":280,"column":49},"end":{"line":280,"column":72}},"type":"binary-expr","locations":[{"start":{"line":280,"column":49},"end":{"line":280,"column":64}},{"start":{"line":280,"column":68},"end":{"line":280,"column":72}}]},"30":{"loc":{"start":{"line":285,"column":4},"end":{"line":288,"column":5}},"type":"if","locations":[{"start":{"line":285,"column":4},"end":{"line":288,"column":5}}]},"31":{"loc":{"start":{"line":311,"column":4},"end":{"line":314,"column":5}},"type":"if","locations":[{"start":{"line":311,"column":4},"end":{"line":314,"column":5}}]},"32":{"loc":{"start":{"line":318,"column":19},"end":{"line":320,"column":19}},"type":"cond-expr","locations":[{"start":{"line":319,"column":10},"end":{"line":319,"column":51}},{"start":{"line":320,"column":10},"end":{"line":320,"column":19}}]},"33":{"loc":{"start":{"line":322,"column":23},"end":{"line":322,"column":77}},"type":"cond-expr","locations":[{"start":{"line":322,"column":47},"end":{"line":322,"column":70}},{"start":{"line":322,"column":73},"end":{"line":322,"column":77}}]},"34":{"loc":{"start":{"line":322,"column":47},"end":{"line":322,"column":70}},"type":"binary-expr","locations":[{"start":{"line":322,"column":47},"end":{"line":322,"column":62}},{"start":{"line":322,"column":66},"end":{"line":322,"column":70}}]},"35":{"loc":{"start":{"line":325,"column":4},"end":{"line":327,"column":5}},"type":"if","locations":[{"start":{"line":325,"column":4},"end":{"line":327,"column":5}}]},"36":{"loc":{"start":{"line":329,"column":4},"end":{"line":331,"column":5}},"type":"if","locations":[{"start":{"line":329,"column":4},"end":{"line":331,"column":5}}]},"37":{"loc":{"start":{"line":338,"column":4},"end":{"line":341,"column":5}},"type":"if","locations":[{"start":{"line":338,"column":4},"end":{"line":341,"column":5}}]},"38":{"loc":{"start":{"line":362,"column":12},"end":{"line":362,"column":22}},"type":"default-arg","locations":[{"start":{"line":362,"column":20},"end":{"line":362,"column":22}}]},"39":{"loc":{"start":{"line":362,"column":24},"end":{"line":362,"column":32}},"type":"default-arg","locations":[{"start":{"line":362,"column":31},"end":{"line":362,"column":32}}]},"40":{"loc":{"start":{"line":363,"column":30},"end":{"line":363,"column":61}},"type":"binary-expr","locations":[{"start":{"line":363,"column":30},"end":{"line":363,"column":55}},{"start":{"line":363,"column":59},"end":{"line":363,"column":61}}]},"41":{"loc":{"start":{"line":364,"column":20},"end":{"line":364,"column":49}},"type":"binary-expr","locations":[{"start":{"line":364,"column":20},"end":{"line":364,"column":44}},{"start":{"line":364,"column":48},"end":{"line":364,"column":49}}]},"42":{"loc":{"start":{"line":369,"column":4},"end":{"line":374,"column":5}},"type":"if","locations":[{"start":{"line":369,"column":4},"end":{"line":374,"column":5}}]},"43":{"loc":{"start":{"line":420,"column":4},"end":{"line":423,"column":5}},"type":"if","locations":[{"start":{"line":420,"column":4},"end":{"line":423,"column":5}}]},"44":{"loc":{"start":{"line":420,"column":8},"end":{"line":420,"column":32}},"type":"binary-expr","locations":[{"start":{"line":420,"column":8},"end":{"line":420,"column":14}},{"start":{"line":420,"column":18},"end":{"line":420,"column":32}}]},"45":{"loc":{"start":{"line":427,"column":4},"end":{"line":430,"column":5}},"type":"if","locations":[{"start":{"line":427,"column":4},"end":{"line":430,"column":5}}]},"46":{"loc":{"start":{"line":427,"column":8},"end":{"line":427,"column":32}},"type":"binary-expr","locations":[{"start":{"line":427,"column":8},"end":{"line":427,"column":20}},{"start":{"line":427,"column":24},"end":{"line":427,"column":32}}]},"47":{"loc":{"start":{"line":434,"column":4},"end":{"line":437,"column":5}},"type":"if","locations":[{"start":{"line":434,"column":4},"end":{"line":437,"column":5}}]},"48":{"loc":{"start":{"line":470,"column":4},"end":{"line":473,"column":5}},"type":"if","locations":[{"start":{"line":470,"column":4},"end":{"line":473,"column":5}}]},"49":{"loc":{"start":{"line":470,"column":8},"end":{"line":470,"column":32}},"type":"binary-expr","locations":[{"start":{"line":470,"column":8},"end":{"line":470,"column":14}},{"start":{"line":470,"column":18},"end":{"line":470,"column":32}}]},"50":{"loc":{"start":{"line":500,"column":4},"end":{"line":503,"column":5}},"type":"if","locations":[{"start":{"line":500,"column":4},"end":{"line":503,"column":5}}]},"51":{"loc":{"start":{"line":500,"column":8},"end":{"line":500,"column":32}},"type":"binary-expr","locations":[{"start":{"line":500,"column":8},"end":{"line":500,"column":14}},{"start":{"line":500,"column":18},"end":{"line":500,"column":32}}]},"52":{"loc":{"start":{"line":507,"column":4},"end":{"line":510,"column":5}},"type":"if","locations":[{"start":{"line":507,"column":4},"end":{"line":510,"column":5}}]},"53":{"loc":{"start":{"line":550,"column":4},"end":{"line":553,"column":5}},"type":"if","locations":[{"start":{"line":550,"column":4},"end":{"line":553,"column":5}}]},"54":{"loc":{"start":{"line":550,"column":8},"end":{"line":550,"column":32}},"type":"binary-expr","locations":[{"start":{"line":550,"column":8},"end":{"line":550,"column":14}},{"start":{"line":550,"column":18},"end":{"line":550,"column":32}}]},"55":{"loc":{"start":{"line":586,"column":4},"end":{"line":589,"column":5}},"type":"if","locations":[{"start":{"line":586,"column":4},"end":{"line":589,"column":5}}]},"56":{"loc":{"start":{"line":586,"column":8},"end":{"line":586,"column":32}},"type":"binary-expr","locations":[{"start":{"line":586,"column":8},"end":{"line":586,"column":14}},{"start":{"line":586,"column":18},"end":{"line":586,"column":32}}]},"57":{"loc":{"start":{"line":593,"column":4},"end":{"line":596,"column":5}},"type":"if","locations":[{"start":{"line":593,"column":4},"end":{"line":596,"column":5}}]}},"s":{"0":0,"1":0,"2":0,"3":0,"4":0,"5":0,"6":0,"7":0,"8":0,"9":0,"10":0,"11":0,"12":0,"13":0,"14":0,"15":0,"16":0,"17":0,"18":0,"19":0,"20":0,"21":0,"22":0,"23":0,"24":0,"25":0,"26":0,"27":0,"28":0,"29":0,"30":0,"31":0,"32":0,"33":0,"34":0,"35":0,"36":0,"37":0,"38":0,"39":0,"40":0,"41":0,"42":0,"43":0,"44":0,"45":0,"46":0,"47":0,"48":0,"49":0,"50":0,"51":0,"52":0,"53":0,"54":0,"55":0,"56":0,"57":0,"58":0,"59":0,"60":0,"61":0,"62":0,"63":0,"64":0,"65":0,"66":0,"67":0,"68":0,"69":0,"70":0,"71":0,"72":0,"73":0,"74":0,"75":0,"76":0,"77":0,"78":0,"79":0,"80":0,"81":0,"82":0,"83":0,"84":0,"85":0,"86":0,"87":0,"88":0,"89":0,"90":0,"91":0,"92":0,"93":0,"94":0,"95":0,"96":0,"97":0,"98":0,"99":0,"100":0,"101":0,"102":0,"103":0,"104":0,"105":0,"106":0,"107":0,"108":0,"109":0,"110":0,"111":0,"112":0,"113":0,"114":0,"115":0,"116":0,"117":0,"118":0,"119":0,"120":0,"121":0,"122":0,"123":0,"124":0,"125":0,"126":0,"127":0,"128":0,"129":0,"130":0,"131":0,"132":0,"133":0,"134":0,"135":0,"136":0,"137":0,"138":0,"139":0,"140":0,"141":0,"142":0,"143":0,"144":0,"145":0,"146":0,"147":0,"148":0,"149":0,"150":0,"151":0,"152":0,"153":0,"154":0,"155":0,"156":0,"157":0,"158":0,"159":0,"160":0,"161":0,"162":0,"163":0,"164":0,"165":0,"166":0,"167":0,"168":0,"169":0,"170":0,"171":0,"172":0,"173":0,"174":0,"175":0,"176":0,"177":0,"178":0,"179":0,"180":0,"181":0,"182":0,"183":0,"184":0,"185":0,"186":0,"187":0,"188":0,"189":0,"190":0,"191":0,"192":0,"193":0,"194":0,"195":0},"f":{"0":0,"1":0,"2":0,"3":0,"4":0,"5":0,"6":0,"7":0,"8":0,"9":0,"10":0,"11":0,"12":0,"13":0,"14":0,"15":0,"16":0,"17":0,"18":0},"b":{"0":[0,0],"1":[0,0],"2":[0,0],"3":[0,0],"4":[0,0],"5":[0,0],"6":[0,0],"7":[0,0],"8":[0,0],"9":[0,0],"10":[0,0],"11":[0,0],"12":[0,0],"13":[0,0],"14":[0],"15":[0,0],"16":[0],"17":[0,0],"18":[0],"19":[0],"20":[0],"21":[0,0],"22":[0,0],"23":[0,0],"24":[0,0],"25":[0,0],"26":[0],"27":[0,0],"28":[0,0],"29":[0,0],"30":[0],"31":[0],"32":[0,0],"33":[0,0],"34":[0,0],"35":[0],"36":[0],"37":[0],"38":[0],"39":[0],"40":[0,0],"41":[0,0],"42":[0],"43":[0],"44":[0,0],"45":[0],"46":[0,0],"47":[0],"48":[0],"49":[0,0],"50":[0],"51":[0,0],"52":[0],"53":[0],"54":[0,0],"55":[0],"56":[0,0],"57":[0]}}
,"/Users/everestode/Desktop/POMI/pomi-app/backend/src/controllers/auth.controller.ts": {"path":"/Users/everestode/Desktop/POMI/pomi-app/backend/src/controllers/auth.controller.ts","statementMap":{"0":{"start":{"line":3,"column":0},"end":{"line":3,"column":65}},"1":{"start":{"line":4,"column":0},"end":{"line":4,"column":93}},"2":{"start":{"line":5,"column":0},"end":{"line":5,"column":null}},"3":{"start":{"line":10,"column":0},"end":{"line":10,"column":37}},"4":{"start":{"line":11,"column":0},"end":{"line":11,"column":55}},"5":{"start":{"line":13,"column":26},"end":{"line":13,"column":55}},"6":{"start":{"line":19,"column":24},"end":{"line":161,"column":1}},"7":{"start":{"line":23,"column":2},"end":{"line":160,"column":3}},"8":{"start":{"line":24,"column":42},"end":{"line":24,"column":50}},"9":{"start":{"line":25,"column":19},"end":{"line":25,"column":31}},"10":{"start":{"line":26,"column":20},"end":{"line":26,"column":33}},"11":{"start":{"line":27,"column":28},"end":{"line":27,"column":49}},"12":{"start":{"line":28,"column":28},"end":{"line":28,"column":52}},"13":{"start":{"line":31,"column":23},"end":{"line":31,"column":74}},"14":{"start":{"line":32,"column":4},"end":{"line":35,"column":5}},"15":{"start":{"line":33,"column":6},"end":{"line":33,"column":58}},"16":{"start":{"line":34,"column":6},"end":{"line":34,"column":13}},"17":{"start":{"line":38,"column":29},"end":{"line":38,"column":63}},"18":{"start":{"line":39,"column":4},"end":{"line":42,"column":5}},"19":{"start":{"line":40,"column":6},"end":{"line":40,"column":64}},"20":{"start":{"line":41,"column":6},"end":{"line":41,"column":13}},"21":{"start":{"line":44,"column":4},"end":{"line":47,"column":5}},"22":{"start":{"line":45,"column":6},"end":{"line":45,"column":57}},"23":{"start":{"line":46,"column":6},"end":{"line":46,"column":13}},"24":{"start":{"line":50,"column":6},"end":{"line":50,"column":72}},"25":{"start":{"line":51,"column":4},"end":{"line":54,"column":5}},"26":{"start":{"line":52,"column":6},"end":{"line":52,"column":62}},"27":{"start":{"line":53,"column":6},"end":{"line":53,"column":13}},"28":{"start":{"line":55,"column":4},"end":{"line":58,"column":5}},"29":{"start":{"line":56,"column":6},"end":{"line":56,"column":72}},"30":{"start":{"line":57,"column":6},"end":{"line":57,"column":13}},"31":{"start":{"line":61,"column":6},"end":{"line":61,"column":87}},"32":{"start":{"line":63,"column":6},"end":{"line":65,"column":19}},"33":{"start":{"line":67,"column":18},"end":{"line":67,"column":23}},"34":{"start":{"line":68,"column":4},"end":{"line":78,"column":5}},"35":{"start":{"line":69,"column":6},"end":{"line":72,"column":7}},"36":{"start":{"line":70,"column":8},"end":{"line":70,"column":74}},"37":{"start":{"line":71,"column":8},"end":{"line":71,"column":15}},"38":{"start":{"line":73,"column":6},"end":{"line":76,"column":7}},"39":{"start":{"line":74,"column":8},"end":{"line":74,"column":69}},"40":{"start":{"line":75,"column":8},"end":{"line":75,"column":15}},"41":{"start":{"line":77,"column":6},"end":{"line":77,"column":21}},"42":{"start":{"line":81,"column":25},"end":{"line":81,"column":54}},"43":{"start":{"line":82,"column":4},"end":{"line":85,"column":5}},"44":{"start":{"line":83,"column":6},"end":{"line":83,"column":66}},"45":{"start":{"line":84,"column":6},"end":{"line":84,"column":13}},"46":{"start":{"line":88,"column":20},"end":{"line":96,"column":6}},"47":{"start":{"line":98,"column":4},"end":{"line":104,"column":7}},"48":{"start":{"line":106,"column":4},"end":{"line":106,"column":25}},"49":{"start":{"line":108,"column":4},"end":{"line":114,"column":7}},"50":{"start":{"line":117,"column":42},"end":{"line":121,"column":null}},"51":{"start":{"line":125,"column":30},"end":{"line":131,"column":6}},"52":{"start":{"line":134,"column":4},"end":{"line":136,"column":5}},"53":{"start":{"line":135,"column":6},"end":{"line":135,"column":37}},"54":{"start":{"line":137,"column":4},"end":{"line":139,"column":5}},"55":{"start":{"line":138,"column":6},"end":{"line":138,"column":39}},"56":{"start":{"line":140,"column":4},"end":{"line":142,"column":5}},"57":{"start":{"line":141,"column":6},"end":{"line":141,"column":55}},"58":{"start":{"line":144,"column":4},"end":{"line":144,"column":80}},"59":{"start":{"line":147,"column":4},"end":{"line":150,"column":7}},"60":{"start":{"line":148,"column":6},"end":{"line":148,"column":58}},"61":{"start":{"line":152,"column":4},"end":{"line":156,"column":7}},"62":{"start":{"line":158,"column":4},"end":{"line":158,"column":48}},"63":{"start":{"line":159,"column":4},"end":{"line":159,"column":59}},"64":{"start":{"line":19,"column":13},"end":{"line":19,"column":24}},"65":{"start":{"line":167,"column":21},"end":{"line":233,"column":1}},"66":{"start":{"line":168,"column":2},"end":{"line":232,"column":3}},"67":{"start":{"line":169,"column":32},"end":{"line":169,"column":40}},"68":{"start":{"line":172,"column":23},"end":{"line":172,"column":57}},"69":{"start":{"line":173,"column":4},"end":{"line":176,"column":5}},"70":{"start":{"line":174,"column":6},"end":{"line":174,"column":58}},"71":{"start":{"line":175,"column":6},"end":{"line":175,"column":13}},"72":{"start":{"line":179,"column":17},"end":{"line":179,"column":66}},"73":{"start":{"line":180,"column":4},"end":{"line":183,"column":5}},"74":{"start":{"line":181,"column":6},"end":{"line":181,"column":67}},"75":{"start":{"line":182,"column":6},"end":{"line":182,"column":13}},"76":{"start":{"line":186,"column":26},"end":{"line":186,"column":62}},"77":{"start":{"line":187,"column":4},"end":{"line":190,"column":5}},"78":{"start":{"line":188,"column":6},"end":{"line":188,"column":67}},"79":{"start":{"line":189,"column":6},"end":{"line":189,"column":13}},"80":{"start":{"line":193,"column":4},"end":{"line":199,"column":7}},"81":{"start":{"line":201,"column":4},"end":{"line":206,"column":5}},"82":{"start":{"line":202,"column":6},"end":{"line":204,"column":9}},"83":{"start":{"line":205,"column":6},"end":{"line":205,"column":13}},"84":{"start":{"line":209,"column":28},"end":{"line":213,"column":null}},"85":{"start":{"line":216,"column":4},"end":{"line":228,"column":7}},"86":{"start":{"line":230,"column":4},"end":{"line":230,"column":41}},"87":{"start":{"line":231,"column":4},"end":{"line":231,"column":52}},"88":{"start":{"line":167,"column":13},"end":{"line":167,"column":21}},"89":{"start":{"line":239,"column":34},"end":{"line":280,"column":1}},"90":{"start":{"line":243,"column":2},"end":{"line":279,"column":3}},"91":{"start":{"line":244,"column":29},"end":{"line":244,"column":37}},"92":{"start":{"line":246,"column":4},"end":{"line":249,"column":5}},"93":{"start":{"line":247,"column":6},"end":{"line":247,"column":64}},"94":{"start":{"line":248,"column":6},"end":{"line":248,"column":13}},"95":{"start":{"line":252,"column":20},"end":{"line":252,"column":45}},"96":{"start":{"line":253,"column":4},"end":{"line":256,"column":5}},"97":{"start":{"line":254,"column":6},"end":{"line":254,"column":63}},"98":{"start":{"line":255,"column":6},"end":{"line":255,"column":13}},"99":{"start":{"line":259,"column":17},"end":{"line":259,"column":49}},"100":{"start":{"line":260,"column":4},"end":{"line":263,"column":5}},"101":{"start":{"line":261,"column":6},"end":{"line":261,"column":56}},"102":{"start":{"line":262,"column":6},"end":{"line":262,"column":13}},"103":{"start":{"line":266,"column":28},"end":{"line":270,"column":null}},"104":{"start":{"line":273,"column":4},"end":{"line":275,"column":7}},"105":{"start":{"line":277,"column":4},"end":{"line":277,"column":49}},"106":{"start":{"line":278,"column":4},"end":{"line":278,"column":60}},"107":{"start":{"line":239,"column":13},"end":{"line":239,"column":34}},"108":{"start":{"line":286,"column":30},"end":{"line":319,"column":1}},"109":{"start":{"line":290,"column":2},"end":{"line":318,"column":3}},"110":{"start":{"line":291,"column":4},"end":{"line":294,"column":5}},"111":{"start":{"line":292,"column":6},"end":{"line":292,"column":59}},"112":{"start":{"line":293,"column":6},"end":{"line":293,"column":13}},"113":{"start":{"line":297,"column":17},"end":{"line":297,"column":49}},"114":{"start":{"line":298,"column":4},"end":{"line":301,"column":5}},"115":{"start":{"line":299,"column":6},"end":{"line":299,"column":56}},"116":{"start":{"line":300,"column":6},"end":{"line":300,"column":13}},"117":{"start":{"line":303,"column":4},"end":{"line":314,"column":7}},"118":{"start":{"line":316,"column":4},"end":{"line":316,"column":44}},"119":{"start":{"line":317,"column":4},"end":{"line":317,"column":63}},"120":{"start":{"line":286,"column":13},"end":{"line":286,"column":30}},"121":{"start":{"line":325,"column":22},"end":{"line":334,"column":1}},"122":{"start":{"line":326,"column":2},"end":{"line":333,"column":3}},"123":{"start":{"line":329,"column":4},"end":{"line":329,"column":59}},"124":{"start":{"line":331,"column":4},"end":{"line":331,"column":42}},"125":{"start":{"line":332,"column":4},"end":{"line":332,"column":53}},"126":{"start":{"line":325,"column":13},"end":{"line":325,"column":22}}},"fnMap":{"0":{"name":"(anonymous_1)","decl":{"start":{"line":19,"column":24},"end":{"line":19,"column":29}},"loc":{"start":{"line":22,"column":19},"end":{"line":161,"column":1}}},"1":{"name":"(anonymous_2)","decl":{"start":{"line":147,"column":73},"end":{"line":147,"column":74}},"loc":{"start":{"line":147,"column":81},"end":{"line":150,"column":5}}},"2":{"name":"(anonymous_3)","decl":{"start":{"line":167,"column":21},"end":{"line":167,"column":26}},"loc":{"start":{"line":167,"column":78},"end":{"line":233,"column":1}}},"3":{"name":"(anonymous_4)","decl":{"start":{"line":239,"column":34},"end":{"line":239,"column":39}},"loc":{"start":{"line":242,"column":19},"end":{"line":280,"column":1}}},"4":{"name":"(anonymous_5)","decl":{"start":{"line":286,"column":30},"end":{"line":286,"column":35}},"loc":{"start":{"line":289,"column":19},"end":{"line":319,"column":1}}},"5":{"name":"(anonymous_6)","decl":{"start":{"line":325,"column":22},"end":{"line":325,"column":27}},"loc":{"start":{"line":325,"column":79},"end":{"line":334,"column":1}}}},"branchMap":{"0":{"loc":{"start":{"line":32,"column":4},"end":{"line":35,"column":5}},"type":"if","locations":[{"start":{"line":32,"column":4},"end":{"line":35,"column":5}}]},"1":{"loc":{"start":{"line":39,"column":4},"end":{"line":42,"column":5}},"type":"if","locations":[{"start":{"line":39,"column":4},"end":{"line":42,"column":5}}]},"2":{"loc":{"start":{"line":44,"column":4},"end":{"line":47,"column":5}},"type":"if","locations":[{"start":{"line":44,"column":4},"end":{"line":47,"column":5}}]},"3":{"loc":{"start":{"line":44,"column":8},"end":{"line":44,"column":64}},"type":"binary-expr","locations":[{"start":{"line":44,"column":8},"end":{"line":44,"column":28}},{"start":{"line":44,"column":32},"end":{"line":44,"column":47}},{"start":{"line":44,"column":51},"end":{"line":44,"column":64}}]},"4":{"loc":{"start":{"line":50,"column":6},"end":{"line":50,"column":72}},"type":"cond-expr","locations":[{"start":{"line":50,"column":35},"end":{"line":50,"column":55}},{"start":{"line":50,"column":58},"end":{"line":50,"column":72}}]},"5":{"loc":{"start":{"line":51,"column":4},"end":{"line":54,"column":5}},"type":"if","locations":[{"start":{"line":51,"column":4},"end":{"line":54,"column":5}}]},"6":{"loc":{"start":{"line":55,"column":4},"end":{"line":58,"column":5}},"type":"if","locations":[{"start":{"line":55,"column":4},"end":{"line":58,"column":5}}]},"7":{"loc":{"start":{"line":55,"column":8},"end":{"line":55,"column":41}},"type":"binary-expr","locations":[{"start":{"line":55,"column":8},"end":{"line":55,"column":22}},{"start":{"line":55,"column":26},"end":{"line":55,"column":41}}]},"8":{"loc":{"start":{"line":61,"column":6},"end":{"line":61,"column":87}},"type":"cond-expr","locations":[{"start":{"line":61,"column":61},"end":{"line":61,"column":75}},{"start":{"line":61,"column":78},"end":{"line":61,"column":87}}]},"9":{"loc":{"start":{"line":61,"column":6},"end":{"line":61,"column":58}},"type":"binary-expr","locations":[{"start":{"line":61,"column":6},"end":{"line":61,"column":33}},{"start":{"line":61,"column":37},"end":{"line":61,"column":58}}]},"10":{"loc":{"start":{"line":63,"column":6},"end":{"line":65,"column":19}},"type":"cond-expr","locations":[{"start":{"line":64,"column":10},"end":{"line":64,"column":32}},{"start":{"line":65,"column":10},"end":{"line":65,"column":19}}]},"11":{"loc":{"start":{"line":63,"column":6},"end":{"line":63,"column":74}},"type":"binary-expr","locations":[{"start":{"line":63,"column":6},"end":{"line":63,"column":41}},{"start":{"line":63,"column":45},"end":{"line":63,"column":74}}]},"12":{"loc":{"start":{"line":68,"column":4},"end":{"line":78,"column":5}},"type":"if","locations":[{"start":{"line":68,"column":4},"end":{"line":78,"column":5}}]},"13":{"loc":{"start":{"line":69,"column":6},"end":{"line":72,"column":7}},"type":"if","locations":[{"start":{"line":69,"column":6},"end":{"line":72,"column":7}}]},"14":{"loc":{"start":{"line":73,"column":6},"end":{"line":76,"column":7}},"type":"if","locations":[{"start":{"line":73,"column":6},"end":{"line":76,"column":7}}]},"15":{"loc":{"start":{"line":82,"column":4},"end":{"line":85,"column":5}},"type":"if","locations":[{"start":{"line":82,"column":4},"end":{"line":85,"column":5}}]},"16":{"loc":{"start":{"line":93,"column":10},"end":{"line":93,"column":50}},"type":"cond-expr","locations":[{"start":{"line":93,"column":24},"end":{"line":93,"column":45}},{"start":{"line":93,"column":48},"end":{"line":93,"column":50}}]},"17":{"loc":{"start":{"line":94,"column":10},"end":{"line":94,"column":74}},"type":"cond-expr","locations":[{"start":{"line":94,"column":32},"end":{"line":94,"column":69}},{"start":{"line":94,"column":72},"end":{"line":94,"column":74}}]},"18":{"loc":{"start":{"line":134,"column":4},"end":{"line":136,"column":5}},"type":"if","locations":[{"start":{"line":134,"column":4},"end":{"line":136,"column":5}}]},"19":{"loc":{"start":{"line":134,"column":8},"end":{"line":134,"column":57}},"type":"binary-expr","locations":[{"start":{"line":134,"column":8},"end":{"line":134,"column":33}},{"start":{"line":134,"column":37},"end":{"line":134,"column":57}}]},"20":{"loc":{"start":{"line":137,"column":4},"end":{"line":139,"column":5}},"type":"if","locations":[{"start":{"line":137,"column":4},"end":{"line":139,"column":5}}]},"21":{"loc":{"start":{"line":137,"column":8},"end":{"line":137,"column":59}},"type":"binary-expr","locations":[{"start":{"line":137,"column":8},"end":{"line":137,"column":34}},{"start":{"line":137,"column":38},"end":{"line":137,"column":59}}]},"22":{"loc":{"start":{"line":140,"column":4},"end":{"line":142,"column":5}},"type":"if","locations":[{"start":{"line":140,"column":4},"end":{"line":142,"column":5}}]},"23":{"loc":{"start":{"line":140,"column":8},"end":{"line":140,"column":75}},"type":"binary-expr","locations":[{"start":{"line":140,"column":8},"end":{"line":140,"column":42}},{"start":{"line":140,"column":46},"end":{"line":140,"column":75}}]},"24":{"loc":{"start":{"line":173,"column":4},"end":{"line":176,"column":5}},"type":"if","locations":[{"start":{"line":173,"column":4},"end":{"line":176,"column":5}}]},"25":{"loc":{"start":{"line":180,"column":4},"end":{"line":183,"column":5}},"type":"if","locations":[{"start":{"line":180,"column":4},"end":{"line":183,"column":5}}]},"26":{"loc":{"start":{"line":187,"column":4},"end":{"line":190,"column":5}},"type":"if","locations":[{"start":{"line":187,"column":4},"end":{"line":190,"column":5}}]},"27":{"loc":{"start":{"line":201,"column":4},"end":{"line":206,"column":5}},"type":"if","locations":[{"start":{"line":201,"column":4},"end":{"line":206,"column":5}}]},"28":{"loc":{"start":{"line":246,"column":4},"end":{"line":249,"column":5}},"type":"if","locations":[{"start":{"line":246,"column":4},"end":{"line":249,"column":5}}]},"29":{"loc":{"start":{"line":253,"column":4},"end":{"line":256,"column":5}},"type":"if","locations":[{"start":{"line":253,"column":4},"end":{"line":256,"column":5}}]},"30":{"loc":{"start":{"line":260,"column":4},"end":{"line":263,"column":5}},"type":"if","locations":[{"start":{"line":260,"column":4},"end":{"line":263,"column":5}}]},"31":{"loc":{"start":{"line":291,"column":4},"end":{"line":294,"column":5}},"type":"if","locations":[{"start":{"line":291,"column":4},"end":{"line":294,"column":5}}]},"32":{"loc":{"start":{"line":298,"column":4},"end":{"line":301,"column":5}},"type":"if","locations":[{"start":{"line":298,"column":4},"end":{"line":301,"column":5}}]}},"s":{"0":0,"1":0,"2":0,"3":0,"4":0,"5":0,"6":0,"7":0,"8":0,"9":0,"10":0,"11":0,"12":0,"13":0,"14":0,"15":0,"16":0,"17":0,"18":0,"19":0,"20":0,"21":0,"22":0,"23":0,"24":0,"25":0,"26":0,"27":0,"28":0,"29":0,"30":0,"31":0,"32":0,"33":0,"34":0,"35":0,"36":0,"37":0,"38":0,"39":0,"40":0,"41":0,"42":0,"43":0,"44":0,"45":0,"46":0,"47":0,"48":0,"49":0,"50":0,"51":0,"52":0,"53":0,"54":0,"55":0,"56":0,"57":0,"58":0,"59":0,"60":0,"61":0,"62":0,"63":0,"64":0,"65":0,"66":0,"67":0,"68":0,"69":0,"70":0,"71":0,"72":0,"73":0,"74":0,"75":0,"76":0,"77":0,"78":0,"79":0,"80":0,"81":0,"82":0,"83":0,"84":0,"85":0,"86":0,"87":0,"88":0,"89":0,"90":0,"91":0,"92":0,"93":0,"94":0,"95":0,"96":0,"97":0,"98":0,"99":0,"100":0,"101":0,"102":0,"103":0,"104":0,"105":0,"106":0,"107":0,"108":0,"109":0,"110":0,"111":0,"112":0,"113":0,"114":0,"115":0,"116":0,"117":0,"118":0,"119":0,"120":0,"121":0,"122":0,"123":0,"124":0,"125":0,"126":0},"f":{"0":0,"1":0,"2":0,"3":0,"4":0,"5":0},"b":{"0":[0],"1":[0],"2":[0],"3":[0,0,0],"4":[0,0],"5":[0],"6":[0],"7":[0,0],"8":[0,0],"9":[0,0],"10":[0,0],"11":[0,0],"12":[0],"13":[0],"14":[0],"15":[0],"16":[0,0],"17":[0,0],"18":[0],"19":[0,0],"20":[0],"21":[0,0],"22":[0],"23":[0,0],"24":[0],"25":[0],"26":[0],"27":[0],"28":[0],"29":[0],"30":[0],"31":[0],"32":[0]}}
,"/Users/everestode/Desktop/POMI/pomi-app/backend/src/controllers/authController.ts": {"path":"/Users/everestode/Desktop/POMI/pomi-app/backend/src/controllers/authController.ts","statementMap":{"0":{"start":{"line":2,"column":0},"end":{"line":2,"column":30}},"1":{"start":{"line":3,"column":0},"end":{"line":3,"column":27}},"2":{"start":{"line":4,"column":0},"end":{"line":4,"column":36}},"3":{"start":{"line":5,"column":0},"end":{"line":5,"column":62}},"4":{"start":{"line":6,"column":0},"end":{"line":6,"column":54}},"5":{"start":{"line":7,"column":0},"end":{"line":7,"column":64}},"6":{"start":{"line":8,"column":0},"end":{"line":8,"column":null}},"7":{"start":{"line":21,"column":19},"end":{"line":21,"column":83}},"8":{"start":{"line":22,"column":19},"end":{"line":22,"column":49}},"9":{"start":{"line":23,"column":20},"end":{"line":23,"column":58}},"10":{"start":{"line":24,"column":23},"end":{"line":24,"column":49}},"11":{"start":{"line":25,"column":19},"end":{"line":25,"column":57}},"12":{"start":{"line":26,"column":19},"end":{"line":26,"column":47}},"13":{"start":{"line":27,"column":19},"end":{"line":27,"column":47}},"14":{"start":{"line":29,"column":27},"end":{"line":29,"column":28}},"15":{"start":{"line":30,"column":28},"end":{"line":30,"column":42}},"16":{"start":{"line":31,"column":20},"end":{"line":31,"column":34}},"17":{"start":{"line":33,"column":28},"end":{"line":33,"column":65}},"18":{"start":{"line":35,"column":17},"end":{"line":37,"column":1}},"19":{"start":{"line":36,"column":2},"end":{"line":36,"column":null}},"20":{"start":{"line":39,"column":26},"end":{"line":49,"column":2}},"21":{"start":{"line":39,"column":42},"end":{"line":49,"column":2}},"22":{"start":{"line":51,"column":20},"end":{"line":58,"column":1}},"23":{"start":{"line":52,"column":17},"end":{"line":52,"column":91}},"24":{"start":{"line":53,"column":2},"end":{"line":56,"column":3}},"25":{"start":{"line":54,"column":4},"end":{"line":54,"column":null}},"26":{"start":{"line":55,"column":4},"end":{"line":55,"column":null}},"27":{"start":{"line":57,"column":2},"end":{"line":57,"column":null}},"28":{"start":{"line":60,"column":32},"end":{"line":85,"column":1}},"29":{"start":{"line":61,"column":17},"end":{"line":61,"column":65}},"30":{"start":{"line":62,"column":2},"end":{"line":64,"column":3}},"31":{"start":{"line":63,"column":4},"end":{"line":63,"column":null}},"32":{"start":{"line":66,"column":2},"end":{"line":69,"column":3}},"33":{"start":{"line":67,"column":4},"end":{"line":67,"column":null}},"34":{"start":{"line":68,"column":4},"end":{"line":68,"column":null}},"35":{"start":{"line":71,"column":24},"end":{"line":71,"column":50}},"36":{"start":{"line":72,"column":2},"end":{"line":81,"column":3}},"37":{"start":{"line":73,"column":18},"end":{"line":73,"column":98}},"38":{"start":{"line":74,"column":4},"end":{"line":78,"column":5}},"39":{"start":{"line":75,"column":6},"end":{"line":75,"column":null}},"40":{"start":{"line":76,"column":6},"end":{"line":76,"column":null}},"41":{"start":{"line":77,"column":6},"end":{"line":77,"column":null}},"42":{"start":{"line":80,"column":4},"end":{"line":80,"column":null}},"43":{"start":{"line":83,"column":2},"end":{"line":83,"column":null}},"44":{"start":{"line":84,"column":2},"end":{"line":84,"column":null}},"45":{"start":{"line":87,"column":28},"end":{"line":90,"column":1}},"46":{"start":{"line":88,"column":16},"end":{"line":88,"column":32}},"47":{"start":{"line":89,"column":2},"end":{"line":89,"column":null}},"48":{"start":{"line":87,"column":13},"end":{"line":87,"column":28}},"49":{"start":{"line":92,"column":36},"end":{"line":131,"column":1}},"50":{"start":{"line":93,"column":2},"end":{"line":130,"column":3}},"51":{"start":{"line":94,"column":4},"end":{"line":94,"column":38}},"52":{"start":{"line":94,"column":32},"end":{"line":94,"column":38}},"53":{"start":{"line":96,"column":18},"end":{"line":96,"column":42}},"54":{"start":{"line":97,"column":18},"end":{"line":97,"column":43}},"55":{"start":{"line":98,"column":4},"end":{"line":100,"column":5}},"56":{"start":{"line":99,"column":6},"end":{"line":99,"column":null}},"57":{"start":{"line":102,"column":4},"end":{"line":104,"column":5}},"58":{"start":{"line":103,"column":6},"end":{"line":103,"column":null}},"59":{"start":{"line":106,"column":28},"end":{"line":106,"column":47}},"60":{"start":{"line":107,"column":17},"end":{"line":107,"column":43}},"61":{"start":{"line":108,"column":21},"end":{"line":108,"column":47}},"62":{"start":{"line":110,"column":4},"end":{"line":118,"column":null}},"63":{"start":{"line":120,"column":4},"end":{"line":123,"column":5}},"64":{"start":{"line":121,"column":6},"end":{"line":121,"column":null}},"65":{"start":{"line":122,"column":6},"end":{"line":122,"column":null}},"66":{"start":{"line":125,"column":4},"end":{"line":125,"column":null}},"67":{"start":{"line":126,"column":4},"end":{"line":126,"column":null}},"68":{"start":{"line":128,"column":4},"end":{"line":128,"column":null}},"69":{"start":{"line":129,"column":4},"end":{"line":129,"column":null}},"70":{"start":{"line":92,"column":13},"end":{"line":92,"column":36}},"71":{"start":{"line":133,"column":24},"end":{"line":213,"column":1}},"72":{"start":{"line":134,"column":2},"end":{"line":212,"column":3}},"73":{"start":{"line":135,"column":4},"end":{"line":135,"column":38}},"74":{"start":{"line":135,"column":32},"end":{"line":135,"column":38}},"75":{"start":{"line":137,"column":18},"end":{"line":137,"column":53}},"76":{"start":{"line":138,"column":21},"end":{"line":138,"column":59}},"77":{"start":{"line":139,"column":21},"end":{"line":139,"column":48}},"78":{"start":{"line":140,"column":29},"end":{"line":140,"column":64}},"79":{"start":{"line":141,"column":19},"end":{"line":141,"column":31}},"80":{"start":{"line":142,"column":20},"end":{"line":142,"column":33}},"81":{"start":{"line":143,"column":28},"end":{"line":143,"column":49}},"82":{"start":{"line":145,"column":4},"end":{"line":147,"column":5}},"83":{"start":{"line":146,"column":6},"end":{"line":146,"column":null}},"84":{"start":{"line":149,"column":4},"end":{"line":151,"column":5}},"85":{"start":{"line":150,"column":6},"end":{"line":150,"column":null}},"86":{"start":{"line":153,"column":4},"end":{"line":155,"column":5}},"87":{"start":{"line":154,"column":6},"end":{"line":154,"column":null}},"88":{"start":{"line":157,"column":31},"end":{"line":157,"column":65}},"89":{"start":{"line":158,"column":4},"end":{"line":160,"column":5}},"90":{"start":{"line":159,"column":6},"end":{"line":159,"column":null}},"91":{"start":{"line":162,"column":28},"end":{"line":162,"column":47}},"92":{"start":{"line":163,"column":4},"end":{"line":165,"column":5}},"93":{"start":{"line":164,"column":6},"end":{"line":164,"column":null}},"94":{"start":{"line":167,"column":25},"end":{"line":167,"column":71}},"95":{"start":{"line":168,"column":4},"end":{"line":170,"column":5}},"96":{"start":{"line":169,"column":6},"end":{"line":169,"column":null}},"97":{"start":{"line":172,"column":23},"end":{"line":172,"column":97}},"98":{"start":{"line":173,"column":4},"end":{"line":175,"column":5}},"99":{"start":{"line":174,"column":6},"end":{"line":174,"column":null}},"100":{"start":{"line":177,"column":4},"end":{"line":179,"column":5}},"101":{"start":{"line":178,"column":6},"end":{"line":178,"column":null}},"102":{"start":{"line":181,"column":23},"end":{"line":181,"column":89}},"103":{"start":{"line":182,"column":4},"end":{"line":184,"column":5}},"104":{"start":{"line":183,"column":6},"end":{"line":183,"column":null}},"105":{"start":{"line":186,"column":17},"end":{"line":186,"column":73}},"106":{"start":{"line":187,"column":25},"end":{"line":187,"column":97}},"107":{"start":{"line":189,"column":27},"end":{"line":189,"column":55}},"108":{"start":{"line":190,"column":20},"end":{"line":199,"column":6}},"109":{"start":{"line":201,"column":4},"end":{"line":201,"column":null}},"110":{"start":{"line":203,"column":18},"end":{"line":203,"column":50}},"111":{"start":{"line":204,"column":4},"end":{"line":208,"column":null}},"112":{"start":{"line":210,"column":4},"end":{"line":210,"column":null}},"113":{"start":{"line":211,"column":4},"end":{"line":211,"column":null}},"114":{"start":{"line":133,"column":13},"end":{"line":133,"column":24}},"115":{"start":{"line":215,"column":21},"end":{"line":270,"column":1}},"116":{"start":{"line":216,"column":2},"end":{"line":269,"column":3}},"117":{"start":{"line":217,"column":4},"end":{"line":217,"column":38}},"118":{"start":{"line":217,"column":32},"end":{"line":217,"column":38}},"119":{"start":{"line":219,"column":32},"end":{"line":219,"column":40}},"120":{"start":{"line":220,"column":4},"end":{"line":222,"column":5}},"121":{"start":{"line":221,"column":6},"end":{"line":221,"column":null}},"122":{"start":{"line":224,"column":28},"end":{"line":224,"column":47}},"123":{"start":{"line":225,"column":4},"end":{"line":227,"column":5}},"124":{"start":{"line":226,"column":6},"end":{"line":226,"column":null}},"125":{"start":{"line":229,"column":4},"end":{"line":231,"column":5}},"126":{"start":{"line":230,"column":6},"end":{"line":230,"column":null}},"127":{"start":{"line":233,"column":17},"end":{"line":233,"column":83}},"128":{"start":{"line":234,"column":4},"end":{"line":236,"column":5}},"129":{"start":{"line":235,"column":6},"end":{"line":235,"column":null}},"130":{"start":{"line":238,"column":4},"end":{"line":243,"column":5}},"131":{"start":{"line":239,"column":26},"end":{"line":239,"column":84}},"132":{"start":{"line":240,"column":6},"end":{"line":242,"column":null}},"133":{"start":{"line":245,"column":26},"end":{"line":245,"column":62}},"134":{"start":{"line":246,"column":4},"end":{"line":253,"column":5}},"135":{"start":{"line":247,"column":6},"end":{"line":247,"column":null}},"136":{"start":{"line":248,"column":6},"end":{"line":250,"column":7}},"137":{"start":{"line":249,"column":8},"end":{"line":249,"column":null}},"138":{"start":{"line":251,"column":6},"end":{"line":251,"column":null}},"139":{"start":{"line":252,"column":6},"end":{"line":252,"column":null}},"140":{"start":{"line":255,"column":4},"end":{"line":255,"column":null}},"141":{"start":{"line":256,"column":4},"end":{"line":256,"column":null}},"142":{"start":{"line":257,"column":4},"end":{"line":257,"column":null}},"143":{"start":{"line":258,"column":4},"end":{"line":258,"column":null}},"144":{"start":{"line":260,"column":18},"end":{"line":260,"column":47}},"145":{"start":{"line":261,"column":4},"end":{"line":265,"column":null}},"146":{"start":{"line":267,"column":4},"end":{"line":267,"column":null}},"147":{"start":{"line":268,"column":4},"end":{"line":268,"column":null}},"148":{"start":{"line":215,"column":13},"end":{"line":215,"column":21}},"149":{"start":{"line":272,"column":26},"end":{"line":291,"column":1}},"150":{"start":{"line":273,"column":2},"end":{"line":290,"column":3}},"151":{"start":{"line":274,"column":4},"end":{"line":274,"column":38}},"152":{"start":{"line":274,"column":32},"end":{"line":274,"column":38}},"153":{"start":{"line":276,"column":18},"end":{"line":276,"column":42}},"154":{"start":{"line":277,"column":17},"end":{"line":277,"column":40}},"155":{"start":{"line":278,"column":18},"end":{"line":278,"column":43}},"156":{"start":{"line":279,"column":4},"end":{"line":281,"column":5}},"157":{"start":{"line":280,"column":6},"end":{"line":280,"column":null}},"158":{"start":{"line":282,"column":19},"end":{"line":282,"column":81}},"159":{"start":{"line":283,"column":4},"end":{"line":285,"column":5}},"160":{"start":{"line":284,"column":6},"end":{"line":284,"column":null}},"161":{"start":{"line":286,"column":4},"end":{"line":286,"column":null}},"162":{"start":{"line":288,"column":4},"end":{"line":288,"column":null}},"163":{"start":{"line":289,"column":4},"end":{"line":289,"column":null}},"164":{"start":{"line":272,"column":13},"end":{"line":272,"column":26}},"165":{"start":{"line":293,"column":26},"end":{"line":327,"column":1}},"166":{"start":{"line":294,"column":2},"end":{"line":326,"column":3}},"167":{"start":{"line":295,"column":4},"end":{"line":297,"column":5}},"168":{"start":{"line":296,"column":6},"end":{"line":296,"column":null}},"169":{"start":{"line":299,"column":32},"end":{"line":299,"column":40}},"170":{"start":{"line":300,"column":4},"end":{"line":302,"column":5}},"171":{"start":{"line":301,"column":6},"end":{"line":301,"column":null}},"172":{"start":{"line":304,"column":28},"end":{"line":304,"column":47}},"173":{"start":{"line":305,"column":4},"end":{"line":307,"column":5}},"174":{"start":{"line":306,"column":6},"end":{"line":306,"column":null}},"175":{"start":{"line":309,"column":22},"end":{"line":315,"column":6}},"176":{"start":{"line":317,"column":18},"end":{"line":317,"column":52}},"177":{"start":{"line":318,"column":4},"end":{"line":322,"column":null}},"178":{"start":{"line":324,"column":4},"end":{"line":324,"column":null}},"179":{"start":{"line":325,"column":4},"end":{"line":325,"column":null}},"180":{"start":{"line":293,"column":13},"end":{"line":293,"column":26}},"181":{"start":{"line":329,"column":30},"end":{"line":346,"column":1}},"182":{"start":{"line":330,"column":2},"end":{"line":345,"column":3}},"183":{"start":{"line":331,"column":20},"end":{"line":331,"column":38}},"184":{"start":{"line":332,"column":4},"end":{"line":334,"column":5}},"185":{"start":{"line":333,"column":6},"end":{"line":333,"column":null}},"186":{"start":{"line":336,"column":17},"end":{"line":336,"column":44}},"187":{"start":{"line":337,"column":4},"end":{"line":339,"column":5}},"188":{"start":{"line":338,"column":6},"end":{"line":338,"column":null}},"189":{"start":{"line":341,"column":4},"end":{"line":341,"column":null}},"190":{"start":{"line":343,"column":4},"end":{"line":343,"column":null}},"191":{"start":{"line":344,"column":4},"end":{"line":344,"column":null}},"192":{"start":{"line":329,"column":13},"end":{"line":329,"column":30}}},"fnMap":{"0":{"name":"(anonymous_1)","decl":{"start":{"line":35,"column":17},"end":{"line":35,"column":18}},"loc":{"start":{"line":35,"column":44},"end":{"line":37,"column":1}}},"1":{"name":"(anonymous_2)","decl":{"start":{"line":39,"column":26},"end":{"line":39,"column":27}},"loc":{"start":{"line":39,"column":42},"end":{"line":49,"column":2}}},"2":{"name":"(anonymous_3)","decl":{"start":{"line":51,"column":20},"end":{"line":51,"column":21}},"loc":{"start":{"line":51,"column":61},"end":{"line":58,"column":1}}},"3":{"name":"(anonymous_4)","decl":{"start":{"line":60,"column":32},"end":{"line":60,"column":37}},"loc":{"start":{"line":60,"column":98},"end":{"line":85,"column":1}}},"4":{"name":"(anonymous_5)","decl":{"start":{"line":87,"column":28},"end":{"line":87,"column":33}},"loc":{"start":{"line":87,"column":67},"end":{"line":90,"column":1}}},"5":{"name":"(anonymous_6)","decl":{"start":{"line":92,"column":36},"end":{"line":92,"column":41}},"loc":{"start":{"line":92,"column":74},"end":{"line":131,"column":1}}},"6":{"name":"(anonymous_7)","decl":{"start":{"line":133,"column":24},"end":{"line":133,"column":29}},"loc":{"start":{"line":133,"column":62},"end":{"line":213,"column":1}}},"7":{"name":"(anonymous_8)","decl":{"start":{"line":215,"column":21},"end":{"line":215,"column":26}},"loc":{"start":{"line":215,"column":59},"end":{"line":270,"column":1}}},"8":{"name":"(anonymous_9)","decl":{"start":{"line":272,"column":26},"end":{"line":272,"column":31}},"loc":{"start":{"line":272,"column":64},"end":{"line":291,"column":1}}},"9":{"name":"(anonymous_10)","decl":{"start":{"line":293,"column":26},"end":{"line":293,"column":31}},"loc":{"start":{"line":293,"column":64},"end":{"line":327,"column":1}}},"10":{"name":"(anonymous_11)","decl":{"start":{"line":329,"column":30},"end":{"line":329,"column":35}},"loc":{"start":{"line":329,"column":68},"end":{"line":346,"column":1}}}},"branchMap":{"0":{"loc":{"start":{"line":21,"column":19},"end":{"line":21,"column":83}},"type":"binary-expr","locations":[{"start":{"line":21,"column":19},"end":{"line":21,"column":41}},{"start":{"line":21,"column":45},"end":{"line":21,"column":83}}]},"1":{"loc":{"start":{"line":22,"column":19},"end":{"line":22,"column":49}},"type":"binary-expr","locations":[{"start":{"line":22,"column":19},"end":{"line":22,"column":41}},{"start":{"line":22,"column":45},"end":{"line":22,"column":49}}]},"2":{"loc":{"start":{"line":25,"column":19},"end":{"line":25,"column":57}},"type":"binary-expr","locations":[{"start":{"line":25,"column":19},"end":{"line":25,"column":41}},{"start":{"line":25,"column":45},"end":{"line":25,"column":57}}]},"3":{"loc":{"start":{"line":26,"column":19},"end":{"line":26,"column":47}},"type":"binary-expr","locations":[{"start":{"line":26,"column":19},"end":{"line":26,"column":41}},{"start":{"line":26,"column":45},"end":{"line":26,"column":47}}]},"4":{"loc":{"start":{"line":27,"column":19},"end":{"line":27,"column":47}},"type":"binary-expr","locations":[{"start":{"line":27,"column":19},"end":{"line":27,"column":41}},{"start":{"line":27,"column":45},"end":{"line":27,"column":47}}]},"5":{"loc":{"start":{"line":44,"column":6},"end":{"line":44,"column":74}},"type":"cond-expr","locations":[{"start":{"line":44,"column":52},"end":{"line":44,"column":69}},{"start":{"line":44,"column":72},"end":{"line":44,"column":74}}]},"6":{"loc":{"start":{"line":44,"column":6},"end":{"line":44,"column":49}},"type":"binary-expr","locations":[{"start":{"line":44,"column":6},"end":{"line":44,"column":28}},{"start":{"line":44,"column":32},"end":{"line":44,"column":49}}]},"7":{"loc":{"start":{"line":45,"column":6},"end":{"line":45,"column":42}},"type":"cond-expr","locations":[{"start":{"line":45,"column":18},"end":{"line":45,"column":37}},{"start":{"line":45,"column":40},"end":{"line":45,"column":42}}]},"8":{"loc":{"start":{"line":46,"column":6},"end":{"line":46,"column":66}},"type":"cond-expr","locations":[{"start":{"line":46,"column":26},"end":{"line":46,"column":61}},{"start":{"line":46,"column":64},"end":{"line":46,"column":66}}]},"9":{"loc":{"start":{"line":52,"column":17},"end":{"line":52,"column":91}},"type":"binary-expr","locations":[{"start":{"line":52,"column":17},"end":{"line":52,"column":44}},{"start":{"line":52,"column":48},"end":{"line":52,"column":67}},{"start":{"line":52,"column":71},"end":{"line":52,"column":91}}]},"10":{"loc":{"start":{"line":53,"column":2},"end":{"line":56,"column":3}},"type":"if","locations":[{"start":{"line":53,"column":2},"end":{"line":56,"column":3}}]},"11":{"loc":{"start":{"line":62,"column":2},"end":{"line":64,"column":3}},"type":"if","locations":[{"start":{"line":62,"column":2},"end":{"line":64,"column":3}}]},"12":{"loc":{"start":{"line":66,"column":2},"end":{"line":69,"column":3}},"type":"if","locations":[{"start":{"line":66,"column":2},"end":{"line":69,"column":3}}]},"13":{"loc":{"start":{"line":74,"column":4},"end":{"line":78,"column":5}},"type":"if","locations":[{"start":{"line":74,"column":4},"end":{"line":78,"column":5}}]},"14":{"loc":{"start":{"line":94,"column":4},"end":{"line":94,"column":38}},"type":"if","locations":[{"start":{"line":94,"column":4},"end":{"line":94,"column":38}}]},"15":{"loc":{"start":{"line":97,"column":18},"end":{"line":97,"column":43}},"type":"binary-expr","locations":[{"start":{"line":97,"column":18},"end":{"line":97,"column":31}},{"start":{"line":97,"column":35},"end":{"line":97,"column":43}}]},"16":{"loc":{"start":{"line":98,"column":4},"end":{"line":100,"column":5}},"type":"if","locations":[{"start":{"line":98,"column":4},"end":{"line":100,"column":5}}]},"17":{"loc":{"start":{"line":98,"column":8},"end":{"line":98,"column":38}},"type":"binary-expr","locations":[{"start":{"line":98,"column":8},"end":{"line":98,"column":14}},{"start":{"line":98,"column":18},"end":{"line":98,"column":38}}]},"18":{"loc":{"start":{"line":102,"column":4},"end":{"line":104,"column":5}},"type":"if","locations":[{"start":{"line":102,"column":4},"end":{"line":104,"column":5}}]},"19":{"loc":{"start":{"line":102,"column":8},"end":{"line":102,"column":97}},"type":"binary-expr","locations":[{"start":{"line":102,"column":8},"end":{"line":102,"column":57}},{"start":{"line":102,"column":61},"end":{"line":102,"column":97}}]},"20":{"loc":{"start":{"line":120,"column":4},"end":{"line":123,"column":5}},"type":"if","locations":[{"start":{"line":120,"column":4},"end":{"line":123,"column":5}}]},"21":{"loc":{"start":{"line":135,"column":4},"end":{"line":135,"column":38}},"type":"if","locations":[{"start":{"line":135,"column":4},"end":{"line":135,"column":38}}]},"22":{"loc":{"start":{"line":137,"column":32},"end":{"line":137,"column":52}},"type":"binary-expr","locations":[{"start":{"line":137,"column":32},"end":{"line":137,"column":46}},{"start":{"line":137,"column":50},"end":{"line":137,"column":52}}]},"23":{"loc":{"start":{"line":138,"column":35},"end":{"line":138,"column":58}},"type":"binary-expr","locations":[{"start":{"line":138,"column":35},"end":{"line":138,"column":52}},{"start":{"line":138,"column":56},"end":{"line":138,"column":58}}]},"24":{"loc":{"start":{"line":145,"column":4},"end":{"line":147,"column":5}},"type":"if","locations":[{"start":{"line":145,"column":4},"end":{"line":147,"column":5}}]},"25":{"loc":{"start":{"line":145,"column":8},"end":{"line":145,"column":40}},"type":"binary-expr","locations":[{"start":{"line":145,"column":8},"end":{"line":145,"column":14}},{"start":{"line":145,"column":18},"end":{"line":145,"column":27}},{"start":{"line":145,"column":31},"end":{"line":145,"column":40}}]},"26":{"loc":{"start":{"line":149,"column":4},"end":{"line":151,"column":5}},"type":"if","locations":[{"start":{"line":149,"column":4},"end":{"line":151,"column":5}}]},"27":{"loc":{"start":{"line":153,"column":4},"end":{"line":155,"column":5}},"type":"if","locations":[{"start":{"line":153,"column":4},"end":{"line":155,"column":5}}]},"28":{"loc":{"start":{"line":158,"column":4},"end":{"line":160,"column":5}},"type":"if","locations":[{"start":{"line":158,"column":4},"end":{"line":160,"column":5}}]},"29":{"loc":{"start":{"line":163,"column":4},"end":{"line":165,"column":5}},"type":"if","locations":[{"start":{"line":163,"column":4},"end":{"line":165,"column":5}}]},"30":{"loc":{"start":{"line":163,"column":8},"end":{"line":163,"column":54}},"type":"binary-expr","locations":[{"start":{"line":163,"column":8},"end":{"line":163,"column":19}},{"start":{"line":163,"column":23},"end":{"line":163,"column":54}}]},"31":{"loc":{"start":{"line":168,"column":4},"end":{"line":170,"column":5}},"type":"if","locations":[{"start":{"line":168,"column":4},"end":{"line":170,"column":5}}]},"32":{"loc":{"start":{"line":173,"column":4},"end":{"line":175,"column":5}},"type":"if","locations":[{"start":{"line":173,"column":4},"end":{"line":175,"column":5}}]},"33":{"loc":{"start":{"line":177,"column":4},"end":{"line":179,"column":5}},"type":"if","locations":[{"start":{"line":177,"column":4},"end":{"line":179,"column":5}}]},"34":{"loc":{"start":{"line":177,"column":8},"end":{"line":177,"column":64}},"type":"binary-expr","locations":[{"start":{"line":177,"column":8},"end":{"line":177,"column":28}},{"start":{"line":177,"column":32},"end":{"line":177,"column":47}},{"start":{"line":177,"column":51},"end":{"line":177,"column":64}}]},"35":{"loc":{"start":{"line":181,"column":23},"end":{"line":181,"column":89}},"type":"cond-expr","locations":[{"start":{"line":181,"column":52},"end":{"line":181,"column":72}},{"start":{"line":181,"column":75},"end":{"line":181,"column":89}}]},"36":{"loc":{"start":{"line":182,"column":4},"end":{"line":184,"column":5}},"type":"if","locations":[{"start":{"line":182,"column":4},"end":{"line":184,"column":5}}]},"37":{"loc":{"start":{"line":182,"column":8},"end":{"line":182,"column":71}},"type":"binary-expr","locations":[{"start":{"line":182,"column":8},"end":{"line":182,"column":32}},{"start":{"line":182,"column":36},"end":{"line":182,"column":51}},{"start":{"line":182,"column":55},"end":{"line":182,"column":71}}]},"38":{"loc":{"start":{"line":186,"column":17},"end":{"line":186,"column":73}},"type":"cond-expr","locations":[{"start":{"line":186,"column":47},"end":{"line":186,"column":61}},{"start":{"line":186,"column":64},"end":{"line":186,"column":73}}]},"39":{"loc":{"start":{"line":187,"column":25},"end":{"line":187,"column":97}},"type":"cond-expr","locations":[{"start":{"line":187,"column":63},"end":{"line":187,"column":85}},{"start":{"line":187,"column":88},"end":{"line":187,"column":97}}]},"40":{"loc":{"start":{"line":195,"column":10},"end":{"line":195,"column":30}},"type":"cond-expr","locations":[{"start":{"line":195,"column":17},"end":{"line":195,"column":25}},{"start":{"line":195,"column":28},"end":{"line":195,"column":30}}]},"41":{"loc":{"start":{"line":196,"column":10},"end":{"line":196,"column":46}},"type":"cond-expr","locations":[{"start":{"line":196,"column":25},"end":{"line":196,"column":41}},{"start":{"line":196,"column":44},"end":{"line":196,"column":46}}]},"42":{"loc":{"start":{"line":217,"column":4},"end":{"line":217,"column":38}},"type":"if","locations":[{"start":{"line":217,"column":4},"end":{"line":217,"column":38}}]},"43":{"loc":{"start":{"line":220,"column":4},"end":{"line":222,"column":5}},"type":"if","locations":[{"start":{"line":22
[...]
,"/Users/everestode/Desktop/POMI/pomi-app/backend/src/utils/jwt.ts": {"path":"/Users/everestode/Desktop/POMI/pomi-app/backend/src/utils/jwt.ts","statementMap":{"0":{"start":{"line":1,"column":0},"end":{"line":1,"column":31}},"1":{"start":{"line":11,"column":19},"end":{"line":11,"column":62}},"2":{"start":{"line":12,"column":19},"end":{"line":12,"column":51}},"3":{"start":{"line":13,"column":27},"end":{"line":13,"column":69}},"4":{"start":{"line":18,"column":29},"end":{"line":22,"column":1}},"5":{"start":{"line":19,"column":2},"end":{"line":21,"column":5}},"6":{"start":{"line":18,"column":13},"end":{"line":18,"column":29}},"7":{"start":{"line":27,"column":35},"end":{"line":31,"column":1}},"8":{"start":{"line":28,"column":2},"end":{"line":30,"column":5}},"9":{"start":{"line":27,"column":13},"end":{"line":27,"column":35}},"10":{"start":{"line":36,"column":36},"end":{"line":40,"column":1}},"11":{"start":{"line":37,"column":2},"end":{"line":39,"column":5}},"12":{"start":{"line":36,"column":13},"end":{"line":36,"column":36}},"13":{"start":{"line":45,"column":27},"end":{"line":52,"column":1}},"14":{"start":{"line":46,"column":2},"end":{"line":51,"column":3}},"15":{"start":{"line":47,"column":20},"end":{"line":47,"column":49}},"16":{"start":{"line":48,"column":4},"end":{"line":48,"column":33}},"17":{"start":{"line":50,"column":4},"end":{"line":50,"column":16}},"18":{"start":{"line":45,"column":13},"end":{"line":45,"column":27}},"19":{"start":{"line":57,"column":33},"end":{"line":73,"column":1}},"20":{"start":{"line":63,"column":22},"end":{"line":68,"column":4}},"21":{"start":{"line":70,"column":23},"end":{"line":70,"column":51}},"22":{"start":{"line":72,"column":2},"end":{"line":72,"column":39}},"23":{"start":{"line":57,"column":13},"end":{"line":57,"column":33}}},"fnMap":{"0":{"name":"(anonymous_1)","decl":{"start":{"line":18,"column":29},"end":{"line":18,"column":30}},"loc":{"start":{"line":18,"column":56},"end":{"line":22,"column":1}}},"1":{"name":"(anonymous_2)","decl":{"start":{"line":27,"column":35},"end":{"line":27,"column":36}},"loc":{"start":{"line":27,"column":81},"end":{"line":31,"column":1}}},"2":{"name":"(anonymous_3)","decl":{"start":{"line":36,"column":36},"end":{"line":36,"column":37}},"loc":{"start":{"line":36,"column":63},"end":{"line":40,"column":1}}},"3":{"name":"(anonymous_4)","decl":{"start":{"line":45,"column":27},"end":{"line":45,"column":28}},"loc":{"start":{"line":45,"column":64},"end":{"line":52,"column":1}}},"4":{"name":"(anonymous_5)","decl":{"start":{"line":57,"column":33},"end":{"line":57,"column":null}},"loc":{"start":{"line":62,"column":51},"end":{"line":73,"column":1}}}},"branchMap":{"0":{"loc":{"start":{"line":11,"column":19},"end":{"line":11,"column":62}},"type":"binary-expr","locations":[{"start":{"line":11,"column":19},"end":{"line":11,"column":41}},{"start":{"line":11,"column":45},"end":{"line":11,"column":62}}]},"1":{"loc":{"start":{"line":12,"column":19},"end":{"line":12,"column":51}},"type":"binary-expr","locations":[{"start":{"line":12,"column":19},"end":{"line":12,"column":41}},{"start":{"line":12,"column":45},"end":{"line":12,"column":51}}]},"2":{"loc":{"start":{"line":13,"column":27},"end":{"line":13,"column":69}},"type":"binary-expr","locations":[{"start":{"line":13,"column":27},"end":{"line":13,"column":57}},{"start":{"line":13,"column":61},"end":{"line":13,"column":69}}]},"3":{"loc":{"start":{"line":61,"column":2},"end":{"line":61,"column":17}},"type":"default-arg","locations":[{"start":{"line":61,"column":12},"end":{"line":61,"column":17}}]}},"s":{"0":0,"1":0,"2":0,"3":0,"4":0,"5":0,"6":0,"7":0,"8":0,"9":0,"10":0,"11":0,"12":0,"13":0,"14":0,"15":0,"16":0,"17":0,"18":0,"19":0,"20":0,"21":0,"22":0,"23":0},"f":{"0":0,"1":0,"2":0,"3":0,"4":0},"b":{"0":[0,0],"1":[0,0],"2":[0,0],"3":[0]}}
,"/Users/everestode/Desktop/POMI/pomi-app/backend/src/utils/security.ts": {"path":"/Users/everestode/Desktop/POMI/pomi-app/backend/src/utils/security.ts","statementMap":{"0":{"start":{"line":15,"column":0},"end":{"line":15,"column":16}},"1":{"start":{"line":23,"column":0},"end":{"line":23,"column":16}},"2":{"start":{"line":27,"column":0},"end":{"line":27,"column":16}},"3":{"start":{"line":40,"column":0},"end":{"line":40,"column":16}},"4":{"start":{"line":44,"column":0},"end":{"line":44,"column":16}},"5":{"start":{"line":49,"column":0},"end":{"line":49,"column":16}},"6":{"start":{"line":59,"column":0},"end":{"line":59,"column":16}},"7":{"start":{"line":63,"column":0},"end":{"line":63,"column":16}},"8":{"start":{"line":67,"column":0},"end":{"line":67,"column":16}},"9":{"start":{"line":80,"column":0},"end":{"line":80,"column":16}},"10":{"start":{"line":86,"column":0},"end":{"line":86,"column":16}},"11":{"start":{"line":1,"column":0},"end":{"line":1,"column":27}},"12":{"start":{"line":3,"column":26},"end":{"line":3,"column":32}},"13":{"start":{"line":4,"column":23},"end":{"line":4,"column":25}},"14":{"start":{"line":5,"column":22},"end":{"line":5,"column":30}},"15":{"start":{"line":7,"column":26},"end":{"line":7,"column":35}},"16":{"start":{"line":8,"column":32},"end":{"line":8,"column":33}},"17":{"start":{"line":10,"column":23},"end":{"line":10,"column":50}},"18":{"start":{"line":11,"column":18},"end":{"line":11,"column":43}},"19":{"start":{"line":16,"column":15},"end":{"line":16,"column":53}},"20":{"start":{"line":17,"column":21},"end":{"line":19,"column":20}},"21":{"start":{"line":20,"column":2},"end":{"line":20,"column":null}},"22":{"start":{"line":24,"column":2},"end":{"line":24,"column":null}},"23":{"start":{"line":28,"column":2},"end":{"line":37,"column":3}},"24":{"start":{"line":29,"column":42},"end":{"line":29,"column":59}},"25":{"start":{"line":30,"column":23},"end":{"line":30,"column":50}},"26":{"start":{"line":31,"column":23},"end":{"line":33,"column":22}},"27":{"start":{"line":34,"column":4},"end":{"line":34,"column":null}},"28":{"start":{"line":36,"column":4},"end":{"line":36,"column":null}},"29":{"start":{"line":41,"column":2},"end":{"line":41,"column":null}},"30":{"start":{"line":45,"column":16},"end":{"line":45,"column":44}},"31":{"start":{"line":46,"column":2},"end":{"line":46,"column":null}},"32":{"start":{"line":50,"column":27},"end":{"line":50,"column":29}},"33":{"start":{"line":51,"column":2},"end":{"line":51,"column":null}},"34":{"start":{"line":51,"column":27},"end":{"line":51,"column":null}},"35":{"start":{"line":52,"column":2},"end":{"line":52,"column":null}},"36":{"start":{"line":52,"column":31},"end":{"line":52,"column":null}},"37":{"start":{"line":53,"column":2},"end":{"line":53,"column":null}},"38":{"start":{"line":53,"column":31},"end":{"line":53,"column":null}},"39":{"start":{"line":54,"column":2},"end":{"line":54,"column":null}},"40":{"start":{"line":54,"column":31},"end":{"line":54,"column":null}},"41":{"start":{"line":55,"column":2},"end":{"line":55,"column":null}},"42":{"start":{"line":55,"column":36},"end":{"line":55,"column":null}},"43":{"start":{"line":56,"column":2},"end":{"line":56,"column":null}},"44":{"start":{"line":60,"column":2},"end":{"line":60,"column":null}},"45":{"start":{"line":64,"column":2},"end":{"line":64,"column":null}},"46":{"start":{"line":68,"column":14},"end":{"line":68,"column":24}},"47":{"start":{"line":69,"column":19},"end":{"line":69,"column":55}},"48":{"start":{"line":70,"column":17},"end":{"line":70,"column":75}},"49":{"start":{"line":70,"column":48},"end":{"line":70,"column":74}},"50":{"start":{"line":71,"column":2},"end":{"line":74,"column":3}},"51":{"start":{"line":72,"column":4},"end":{"line":72,"column":null}},"52":{"start":{"line":73,"column":4},"end":{"line":73,"column":null}},"53":{"start":{"line":75,"column":2},"end":{"line":75,"column":null}},"54":{"start":{"line":76,"column":2},"end":{"line":76,"column":null}},"55":{"start":{"line":77,"column":2},"end":{"line":77,"column":null}},"56":{"start":{"line":81,"column":16},"end":{"line":81,"column":54}},"57":{"start":{"line":82,"column":2},"end":{"line":82,"column":null}},"58":{"start":{"line":83,"column":2},"end":{"line":83,"column":null}},"59":{"start":{"line":87,"column":2},"end":{"line":87,"column":null}},"60":{"start":{"line":87,"column":14},"end":{"line":87,"column":null}},"61":{"start":{"line":88,"column":20},"end":{"line":88,"column":40}},"62":{"start":{"line":89,"column":2},"end":{"line":89,"column":null}},"63":{"start":{"line":89,"column":18},"end":{"line":89,"column":null}},"64":{"start":{"line":90,"column":2},"end":{"line":93,"column":3}},"65":{"start":{"line":91,"column":4},"end":{"line":91,"column":null}},"66":{"start":{"line":92,"column":4},"end":{"line":92,"column":null}},"67":{"start":{"line":94,"column":2},"end":{"line":94,"column":null}}},"fnMap":{"0":{"name":"hashPasswordPBKDF2","decl":{"start":{"line":15,"column":16},"end":{"line":15,"column":34}},"loc":{"start":{"line":15,"column":51},"end":{"line":21,"column":1}}},"1":{"name":"isPBKDF2Hash","decl":{"start":{"line":23,"column":16},"end":{"line":23,"column":28}},"loc":{"start":{"line":23,"column":42},"end":{"line":25,"column":1}}},"2":{"name":"verifyPBKDF2","decl":{"start":{"line":27,"column":16},"end":{"line":27,"column":28}},"loc":{"start":{"line":27,"column":61},"end":{"line":38,"column":1}}},"3":{"name":"sanitizeInput","decl":{"start":{"line":40,"column":16},"end":{"line":40,"column":29}},"loc":{"start":{"line":40,"column":43},"end":{"line":42,"column":1}}},"4":{"name":"isValidEmail","decl":{"start":{"line":44,"column":16},"end":{"line":44,"column":28}},"loc":{"start":{"line":44,"column":42},"end":{"line":47,"column":1}}},"5":{"name":"validatePasswordStrength","decl":{"start":{"line":49,"column":16},"end":{"line":49,"column":40}},"loc":{"start":{"line":49,"column":57},"end":{"line":57,"column":1}}},"6":{"name":"generateVerificationCode","decl":{"start":{"line":59,"column":16},"end":{"line":59,"column":40}},"loc":{"start":{"line":59,"column":40},"end":{"line":61,"column":1}}},"7":{"name":"hashVerificationCode","decl":{"start":{"line":63,"column":16},"end":{"line":63,"column":36}},"loc":{"start":{"line":63,"column":49},"end":{"line":65,"column":1}}},"8":{"name":"isRateLimited","decl":{"start":{"line":67,"column":16},"end":{"line":67,"column":29}},"loc":{"start":{"line":67,"column":111},"end":{"line":78,"column":1}}},"9":{"name":"(anonymous_10)","decl":{"start":{"line":70,"column":33},"end":{"line":70,"column":34}},"loc":{"start":{"line":70,"column":48},"end":{"line":70,"column":74}}},"10":{"name":"issueCsrfToken","decl":{"start":{"line":80,"column":16},"end":{"line":80,"column":30}},"loc":{"start":{"line":80,"column":30},"end":{"line":84,"column":1}}},"11":{"name":"validateCsrfToken","decl":{"start":{"line":86,"column":16},"end":{"line":86,"column":33}},"loc":{"start":{"line":86,"column":55},"end":{"line":95,"column":1}}}},"branchMap":{"0":{"loc":{"start":{"line":32,"column":34},"end":{"line":32,"column":65}},"type":"binary-expr","locations":[{"start":{"line":32,"column":34},"end":{"line":32,"column":44}},{"start":{"line":32,"column":48},"end":{"line":32,"column":65}}]},"1":{"loc":{"start":{"line":46,"column":9},"end":{"line":46,"column":49}},"type":"binary-expr","locations":[{"start":{"line":46,"column":9},"end":{"line":46,"column":26}},{"start":{"line":46,"column":30},"end":{"line":46,"column":49}}]},"2":{"loc":{"start":{"line":51,"column":2},"end":{"line":51,"column":null}},"type":"if","locations":[{"start":{"line":51,"column":2},"end":{"line":51,"column":null}}]},"3":{"loc":{"start":{"line":52,"column":2},"end":{"line":52,"column":null}},"type":"if","locations":[{"start":{"line":52,"column":2},"end":{"line":52,"column":null}}]},"4":{"loc":{"start":{"line":53,"column":2},"end":{"line":53,"column":null}},"type":"if","locations":[{"start":{"line":53,"column":2},"end":{"line":53,"column":null}}]},"5":{"loc":{"start":{"line":54,"column":2},"end":{"line":54,"column":null}},"type":"if","locations":[{"start":{"line":54,"column":2},"end":{"line":54,"column":null}}]},"6":{"loc":{"start":{"line":55,"column":2},"end":{"line":55,"column":null}},"type":"if","locations":[{"start":{"line":55,"column":2},"end":{"line":55,"column":null}}]},"7":{"loc":{"start":{"line":67,"column":50},"end":{"line":67,"column":81}},"type":"default-arg","locations":[{"start":{"line":67,"column":58},"end":{"line":67,"column":81}}]},"8":{"loc":{"start":{"line":67,"column":83},"end":{"line":67,"column":111}},"type":"default-arg","locations":[{"start":{"line":67,"column":94},"end":{"line":67,"column":111}}]},"9":{"loc":{"start":{"line":69,"column":19},"end":{"line":69,"column":55}},"type":"binary-expr","locations":[{"start":{"line":69,"column":19},"end":{"line":69,"column":49}},{"start":{"line":69,"column":53},"end":{"line":69,"column":55}}]},"10":{"loc":{"start":{"line":71,"column":2},"end":{"line":74,"column":3}},"type":"if","locations":[{"start":{"line":71,"column":2},"end":{"line":74,"column":3}}]},"11":{"loc":{"start":{"line":87,"column":2},"end":{"line":87,"column":null}},"type":"if","locations":[{"start":{"line":87,"column":2},"end":{"line":87,"column":null}}]},"12":{"loc":{"start":{"line":89,"column":2},"end":{"line":89,"column":null}},"type":"if","locations":[{"start":{"line":89,"column":2},"end":{"line":89,"column":null}}]},"13":{"loc":{"start":{"line":90,"column":2},"end":{"line":93,"column":3}},"type":"if","locations":[{"start":{"line":90,"column":2},"end":{"line":93,"column":3}}]}},"s":{"0":1,"1":1,"2":1,"3":1,"4":1,"5":1,"6":1,"7":1,"8":1,"9":1,"10":1,"11":1,"12":1,"13":1,"14":1,"15":1,"16":1,"17":1,"18":1,"19":0,"20":0,"21":0,"22":0,"23":0,"24":0,"25":0,"26":0,"27":0,"28":0,"29":0,"30":0,"31":0,"32":0,"33":0,"34":0,"35":0,"36":0,"37":0,"38":0,"39":0,"40":0,"41":0,"42":0,"43":0,"44":0,"45":0,"46":0,"47":0,"48":0,"49":0,"50":0,"51":0,"52":0,"53":0,"54":0,"55":0,"56":0,"57":0,"58":0,"59":0,"60":0,"61":0,"62":0,"63":0,"64":0,"65":0,"66":0,"67":0},"f":{"0":0,"1":0,"2":0,"3":0,"4":0,"5":0,"6":0,"7":0,"8":0,"9":0,"10":0,"11":0},"b":{"0":[0,0],"1":[0,0],"2":[0],"3":[0],"4":[0],"5":[0],"6":[0],"7":[0],"8":[0],"9":[0,0],"10":[0],"11":[0],"12":[0],"13":[0]}}
,"/Users/everestode/Desktop/POMI/pomi-app/backend/src/validators/auth.ts": {"path":"/Users/everestode/Desktop/POMI/pomi-app/backend/src/validators/auth.ts","statementMap":{"0":{"start":{"line":4,"column":29},"end":{"line":7,"column":1}},"1":{"start":{"line":5,"column":21},"end":{"line":5,"column":49}},"2":{"start":{"line":6,"column":2},"end":{"line":6,"column":32}},"3":{"start":{"line":4,"column":13},"end":{"line":4,"column":29}},"4":{"start":{"line":12,"column":32},"end":{"line":34,"column":1}},"5":{"start":{"line":16,"column":27},"end":{"line":16,"column":29}},"6":{"start":{"line":18,"column":2},"end":{"line":20,"column":3}},"7":{"start":{"line":19,"column":4},"end":{"line":19,"column":58}},"8":{"start":{"line":22,"column":2},"end":{"line":24,"column":3}},"9":{"start":{"line":23,"column":4},"end":{"line":23,"column":58}},"10":{"start":{"line":26,"column":2},"end":{"line":28,"column":3}},"11":{"start":{"line":27,"column":4},"end":{"line":27,"column":88}},"12":{"start":{"line":30,"column":2},"end":{"line":33,"column":4}},"13":{"start":{"line":12,"column":13},"end":{"line":12,"column":32}},"14":{"start":{"line":39,"column":36},"end":{"line":70,"column":1}},"15":{"start":{"line":47,"column":27},"end":{"line":47,"column":29}},"16":{"start":{"line":49,"column":2},"end":{"line":51,"column":3}},"17":{"start":{"line":50,"column":4},"end":{"line":50,"column":43}},"18":{"start":{"line":53,"column":2},"end":{"line":60,"column":3}},"19":{"start":{"line":54,"column":4},"end":{"line":54,"column":40}},"20":{"start":{"line":56,"column":31},"end":{"line":56,"column":62}},"21":{"start":{"line":57,"column":4},"end":{"line":59,"column":5}},"22":{"start":{"line":58,"column":6},"end":{"line":58,"column":48}},"23":{"start":{"line":62,"column":2},"end":{"line":64,"column":3}},"24":{"start":{"line":63,"column":4},"end":{"line":63,"column":40}},"25":{"start":{"line":66,"column":2},"end":{"line":69,"column":4}},"26":{"start":{"line":39,"column":13},"end":{"line":39,"column":36}},"27":{"start":{"line":75,"column":29},"end":{"line":96,"column":1}},"28":{"start":{"line":82,"column":27},"end":{"line":82,"column":29}},"29":{"start":{"line":84,"column":2},"end":{"line":86,"column":3}},"30":{"start":{"line":85,"column":4},"end":{"line":85,"column":37}},"31":{"start":{"line":88,"column":2},"end":{"line":90,"column":3}},"32":{"start":{"line":89,"column":4},"end":{"line":89,"column":40}},"33":{"start":{"line":92,"column":2},"end":{"line":95,"column":4}},"34":{"start":{"line":75,"column":13},"end":{"line":75,"column":29}}},"fnMap":{"0":{"name":"(anonymous_0)","decl":{"start":{"line":4,"column":29},"end":{"line":4,"column":30}},"loc":{"start":{"line":4,"column":56},"end":{"line":7,"column":1}}},"1":{"name":"(anonymous_1)","decl":{"start":{"line":12,"column":32},"end":{"line":12,"column":33}},"loc":{"start":{"line":15,"column":4},"end":{"line":34,"column":1}}},"2":{"name":"(anonymous_2)","decl":{"start":{"line":39,"column":36},"end":{"line":39,"column":37}},"loc":{"start":{"line":46,"column":4},"end":{"line":70,"column":1}}},"3":{"name":"(anonymous_3)","decl":{"start":{"line":75,"column":29},"end":{"line":75,"column":30}},"loc":{"start":{"line":81,"column":4},"end":{"line":96,"column":1}}}},"branchMap":{"0":{"loc":{"start":{"line":18,"column":2},"end":{"line":20,"column":3}},"type":"if","locations":[{"start":{"line":18,"column":2},"end":{"line":20,"column":3}}]},"1":{"loc":{"start":{"line":22,"column":2},"end":{"line":24,"column":3}},"type":"if","locations":[{"start":{"line":22,"column":2},"end":{"line":24,"column":3}}]},"2":{"loc":{"start":{"line":26,"column":2},"end":{"line":28,"column":3}},"type":"if","locations":[{"start":{"line":26,"column":2},"end":{"line":28,"column":3}}]},"3":{"loc":{"start":{"line":49,"column":2},"end":{"line":51,"column":3}},"type":"if","locations":[{"start":{"line":49,"column":2},"end":{"line":51,"column":3}}]},"4":{"loc":{"start":{"line":49,"column":6},"end":{"line":49,"column":47}},"type":"binary-expr","locations":[{"start":{"line":49,"column":6},"end":{"line":49,"column":17}},{"start":{"line":49,"column":21},"end":{"line":49,"column":47}}]},"5":{"loc":{"start":{"line":53,"column":2},"end":{"line":60,"column":3}},"type":"if","locations":[{"start":{"line":53,"column":2},"end":{"line":60,"column":3}},{"start":{"line":55,"column":9},"end":{"line":60,"column":3}}]},"6":{"loc":{"start":{"line":57,"column":4},"end":{"line":59,"column":5}},"type":"if","locations":[{"start":{"line":57,"column":4},"end":{"line":59,"column":5}}]},"7":{"loc":{"start":{"line":62,"column":2},"end":{"line":64,"column":3}},"type":"if","locations":[{"start":{"line":62,"column":2},"end":{"line":64,"column":3}}]},"8":{"loc":{"start":{"line":84,"column":2},"end":{"line":86,"column":3}},"type":"if","locations":[{"start":{"line":84,"column":2},"end":{"line":86,"column":3}}]},"9":{"loc":{"start":{"line":88,"column":2},"end":{"line":90,"column":3}},"type":"if","locations":[{"start":{"line":88,"column":2},"end":{"line":90,"column":3}}]}},"s":{"0":0,"1":0,"2":0,"3":0,"4":0,"5":0,"6":0,"7":0,"8":0,"9":0,"10":0,"11":0,"12":0,"13":0,"14":0,"15":0,"16":0,"17":0,"18":0,"19":0,"20":0,"21":0,"22":0,"23":0,"24":0,"25":0,"26":0,"27":0,"28":0,"29":0,"30":0,"31":0,"32":0,"33":0,"34":0},"f":{"0":0,"1":0,"2":0,"3":0},"b":{"0":[0],"1":[0],"2":[0],"3":[0],"4":[0,0],"5":[0,0],"6":[0],"7":[0],"8":[0],"9":[0]}}
}
