TN:
SF:src/app.ts
FN:22,(anonymous_1)
FN:36,(anonymous_2)
FN:49,(anonymous_3)
FNF:3
FNH:0
FNDA:0,(anonymous_1)
FNDA:0,(anonymous_2)
FNDA:0,(anonymous_3)
DA:1,0
DA:2,0
DA:3,0
DA:4,0
DA:5,0
DA:6,0
DA:8,0
DA:9,0
DA:10,0
DA:13,0
DA:14,0
DA:18,0
DA:19,0
DA:22,0
DA:23,0
DA:24,0
DA:25,0
DA:27,0
DA:28,0
DA:33,0
DA:36,0
DA:37,0
DA:46,0
DA:49,0
DA:50,0
DA:51,0
DA:56,0
LF:27
LH:0
BRDA:9,0,0,0
BRDA:9,0,1,0
BRDA:10,1,0,0
BRDA:10,1,1,0
BRDA:15,2,0,0
BRDA:15,2,1,0
BRDA:41,3,0,0
BRDA:41,3,1,0
BRF:8
BRH:0
end_of_record
TN:
SF:src/config/s3.ts
FNF:0
FNH:0
DA:1,0
DA:4,0
DA:13,0
LF:3
LH:0
BRDA:6,0,0,0
BRDA:6,0,1,0
BRDA:7,1,0,0
BRDA:7,1,1,0
BRDA:8,2,0,0
BRDA:8,2,1,0
BRDA:9,3,0,0
BRDA:9,3,1,0
BRF:8
BRH:0
end_of_record
TN:
SF:src/controllers/admin.controller.ts
FN:7,(anonymous_1)
FN:48,(anonymous_2)
FN:55,(anonymous_3)
FN:72,(anonymous_4)
FN:88,(anonymous_5)
FN:94,(anonymous_6)
FN:121,(anonymous_7)
FNF:7
FNH:0
FNDA:0,(anonymous_1)
FNDA:0,(anonymous_2)
FNDA:0,(anonymous_3)
FNDA:0,(anonymous_4)
FNDA:0,(anonymous_5)
FNDA:0,(anonymous_6)
FNDA:0,(anonymous_7)
DA:3,0
DA:4,0
DA:5,0
DA:7,0
DA:8,0
DA:10,0
DA:31,0
DA:33,0
DA:43,0
DA:44,0
DA:48,0
DA:49,0
DA:50,0
DA:55,0
DA:72,0
DA:81,0
DA:83,0
DA:84,0
DA:88,0
DA:89,0
DA:90,0
DA:94,0
DA:114,0
DA:116,0
DA:117,0
DA:121,0
DA:125,0
DA:126,0
DA:127,0
DA:129,0
DA:131,0
DA:132,0
DA:135,0
DA:138,0
DA:139,0
DA:140,0
DA:143,0
DA:144,0
DA:145,0
DA:147,0
DA:148,0
DA:151,0
DA:155,0
DA:156,0
DA:157,0
DA:160,0
DA:178,0
DA:179,0
LF:48
LH:0
BRDA:31,0,0,0
BRDA:31,0,1,0
BRDA:62,1,0,0
BRDA:62,1,1,0
BRDA:71,2,0,0
BRDA:71,2,1,0
BRDA:72,3,0,0
BRDA:72,3,1,0
BRDA:103,4,0,0
BRDA:103,4,1,0
BRDA:131,5,0,0
BRDA:131,6,0,0
BRDA:131,6,1,0
BRDA:138,7,0,0
BRDA:138,8,0,0
BRDA:138,8,1,0
BRDA:144,9,0,0
BRDA:147,10,0,0
BRDA:155,11,0,0
BRDA:168,12,0,0
BRDA:168,12,1,0
BRF:21
BRH:0
end_of_record
TN:
SF:src/controllers/auth.controller.ts
FN:36,(anonymous_1)
FN:181,(anonymous_2)
FN:237,(anonymous_3)
FN:284,(anonymous_4)
FN:323,(anonymous_5)
FNF:5
FNH:0
FNDA:0,(anonymous_1)
FNDA:0,(anonymous_2)
FNDA:0,(anonymous_3)
FNDA:0,(anonymous_4)
FNDA:0,(anonymous_5)
DA:3,0
DA:4,0
DA:5,0
DA:10,0
DA:12,0
DA:30,0
DA:36,0
DA:40,0
DA:41,0
DA:42,0
DA:43,0
DA:44,0
DA:45,0
DA:48,0
DA:49,0
DA:50,0
DA:51,0
DA:55,0
DA:56,0
DA:57,0
DA:58,0
DA:61,0
DA:62,0
DA:63,0
DA:67,0
DA:68,0
DA:69,0
DA:70,0
DA:72,0
DA:73,0
DA:74,0
DA:77,0
DA:78,0
DA:79,0
DA:81,0
DA:82,0
DA:83,0
DA:84,0
DA:87,0
DA:88,0
DA:89,0
DA:91,0
DA:93,0
DA:94,0
DA:95,0
DA:96,0
DA:97,0
DA:99,0
DA:100,0
DA:101,0
DA:103,0
DA:107,0
DA:108,0
DA:109,0
DA:110,0
DA:114,0
DA:124,0
DA:130,0
DA:132,0
DA:139,0
DA:147,0
DA:155,0
DA:156,0
DA:158,0
DA:159,0
DA:161,0
DA:162,0
DA:164,0
DA:166,0
DA:172,0
DA:173,0
DA:181,0
DA:182,0
DA:183,0
DA:186,0
DA:187,0
DA:188,0
DA:189,0
DA:193,0
DA:194,0
DA:195,0
DA:196,0
DA:200,0
DA:201,0
DA:202,0
DA:203,0
DA:207,0
DA:214,0
DA:228,0
DA:229,0
DA:237,0
DA:241,0
DA:242,0
DA:244,0
DA:245,0
DA:246,0
DA:250,0
DA:251,0
DA:252,0
DA:253,0
DA:257,0
DA:258,0
DA:259,0
DA:260,0
DA:264,0
DA:271,0
DA:275,0
DA:276,0
DA:284,0
DA:288,0
DA:289,0
DA:290,0
DA:291,0
DA:295,0
DA:296,0
DA:297,0
DA:298,0
DA:301,0
DA:314,0
DA:315,0
DA:323,0
DA:324,0
DA:327,0
DA:329,0
DA:330,0
LF:125
LH:0
BRDA:49,0,0,0
BRDA:56,1,0,0
BRDA:61,2,0,0
BRDA:61,3,0,0
BRDA:61,3,1,0
BRDA:61,3,2,0
BRDA:67,4,0,0
BRDA:67,4,1,0
BRDA:68,5,0,0
BRDA:72,6,0,0
BRDA:72,7,0,0
BRDA:72,7,1,0
BRDA:77,8,0,0
BRDA:77,9,0,0
BRDA:77,9,1,0
BRDA:82,10,0,0
BRDA:87,11,0,0
BRDA:87,12,0,0
BRDA:87,12,1,0
BRDA:94,13,0,0
BRDA:95,14,0,0
BRDA:99,15,0,0
BRDA:108,16,0,0
BRDA:155,17,0,0
BRDA:155,18,0,0
BRDA:155,18,1,0
BRDA:158,19,0,0
BRDA:158,20,0,0
BRDA:158,20,1,0
BRDA:161,21,0,0
BRDA:161,22,0,0
BRDA:161,22,1,0
BRDA:187,23,0,0
BRDA:194,24,0,0
BRDA:201,25,0,0
BRDA:244,26,0,0
BRDA:251,27,0,0
BRDA:258,28,0,0
BRDA:289,29,0,0
BRDA:296,30,0,0
BRF:40
BRH:0
end_of_record
TN:
SF:src/controllers/authController.ts
FN:28,(anonymous_1)
FN:33,(anonymous_2)
FN:140,(anonymous_3)
FN:154,(anonymous_4)
FN:202,(anonymous_5)
FNF:5
FNH:0
FNDA:0,(anonymous_1)
FNDA:0,(anonymous_2)
FNDA:0,(anonymous_3)
FNDA:0,(anonymous_4)
FNDA:0,(anonymous_5)
DA:2,0
DA:3,0
DA:5,0
DA:6,0
DA:7,0
DA:9,0
DA:28,0
DA:29,0
DA:33,0
DA:34,0
DA:35,0
DA:36,0
DA:37,0
DA:38,0
DA:39,0
DA:42,0
DA:43,0
DA:47,0
DA:48,0
DA:49,0
DA:53,0
DA:54,0
DA:58,0
DA:59,0
DA:60,0
DA:64,0
DA:65,0
DA:69,0
DA:70,0
DA:71,0
DA:73,0
DA:74,0
DA:76,0
DA:78,0
DA:79,0
DA:81,0
DA:82,0
DA:83,0
DA:86,0
DA:87,0
DA:89,0
DA:91,0
DA:92,0
DA:93,0
DA:94,0
DA:96,0
DA:97,0
DA:99,0
DA:103,0
DA:113,0
DA:116,0
DA:119,0
DA:130,0
DA:136,0
DA:139,0
DA:140,0
DA:141,0
DA:145,0
DA:146,0
DA:149,0
DA:154,0
DA:155,0
DA:156,0
DA:159,0
DA:160,0
DA:164,0
DA:165,0
DA:166,0
DA:170,0
DA:171,0
DA:172,0
DA:176,0
DA:179,0
DA:190,0
DA:196,0
DA:197,0
DA:202,0
DA:203,0
DA:204,0
DA:206,0
DA:207,0
DA:210,0
DA:211,0
DA:212,0
DA:215,0
DA:228,0
DA:229,0
LF:87
LH:0
BRDA:5,0,0,0
BRDA:5,0,1,0
BRDA:6,1,0,0
BRDA:6,1,1,0
BRDA:42,2,0,0
BRDA:42,3,0,0
BRDA:42,3,1,0
BRDA:42,3,2,0
BRDA:48,4,0,0
BRDA:53,5,0,0
BRDA:59,6,0,0
BRDA:64,7,0,0
BRDA:64,8,0,0
BRDA:64,8,1,0
BRDA:64,8,2,0
BRDA:69,9,0,0
BRDA:69,9,1,0
BRDA:70,10,0,0
BRDA:73,11,0,0
BRDA:73,12,0,0
BRDA:73,12,1,0
BRDA:78,13,0,0
BRDA:78,14,0,0
BRDA:78,14,1,0
BRDA:82,15,0,0
BRDA:86,16,0,0
BRDA:86,17,0,0
BRDA:86,17,1,0
BRDA:92,18,0,0
BRDA:93,19,0,0
BRDA:96,20,0,0
BRDA:139,21,0,0
BRDA:145,22,0,0
BRDA:159,23,0,0
BRDA:159,24,0,0
BRDA:159,24,1,0
BRDA:165,25,0,0
BRDA:171,26,0,0
BRDA:184,27,0,0
BRDA:184,27,1,0
BRDA:184,28,0,0
BRDA:184,28,1,0
BRDA:185,29,0,0
BRDA:185,29,1,0
BRDA:186,30,0,0
BRDA:186,30,1,0
BRDA:206,31,0,0
BRDA:211,32,0,0
BRDA:221,33,0,0
BRDA:221,33,1,0
BRDA:221,34,0,0
BRDA:221,34,1,0
BRDA:222,35,0,0
BRDA:222,35,1,0
BRDA:223,36,0,0
BRDA:223,36,1,0
BRF:56
BRH:0
end_of_record
TN:
SF:src/controllers/business.controller.ts
FN:10,(anonymous_1)
FN:61,(anonymous_2)
FN:109,(anonymous_3)
FN:135,(anonymous_4)
FN:163,(anonymous_5)
FN:182,(anonymous_6)
FN:220,(anonymous_7)
FNF:7
FNH:0
FNDA:0,(anonymous_1)
FNDA:0,(anonymous_2)
FNDA:0,(anonymous_3)
FNDA:0,(anonymous_4)
FNDA:0,(anonymous_5)
FNDA:0,(anonymous_6)
FNDA:0,(anonymous_7)
DA:3,0
DA:4,0
DA:10,0
DA:14,0
DA:15,0
DA:17,0
DA:18,0
DA:19,0
DA:20,0
DA:23,0
DA:24,0
DA:25,0
DA:29,0
DA:30,0
DA:31,0
DA:32,0
DA:35,0
DA:48,0
DA:50,0
DA:52,0
DA:53,0
DA:61,0
DA:65,0
DA:66,0
DA:67,0
DA:68,0
DA:70,0
DA:72,0
DA:73,0
DA:76,0
DA:77,0
DA:80,0
DA:81,0
DA:84,0
DA:85,0
DA:91,0
DA:100,0
DA:101,0
DA:109,0
DA:113,0
DA:114,0
DA:116,0
DA:119,0
DA:120,0
DA:121,0
DA:124,0
DA:126,0
DA:127,0
DA:135,0
DA:139,0
DA:140,0
DA:142,0
DA:143,0
DA:144,0
DA:145,0
DA:148,0
DA:149,0
DA:150,0
DA:151,0
DA:155,0
DA:156,0
DA:157,0
DA:160,0
DA:161,0
DA:163,0
DA:164,0
DA:165,0
DA:169,0
DA:171,0
DA:173,0
DA:174,0
DA:182,0
DA:186,0
DA:187,0
DA:189,0
DA:190,0
DA:191,0
DA:192,0
DA:195,0
DA:196,0
DA:197,0
DA:198,0
DA:202,0
DA:203,0
DA:204,0
DA:207,0
DA:209,0
DA:211,0
DA:212,0
DA:220,0
DA:224,0
DA:225,0
DA:226,0
DA:227,0
DA:228,0
DA:231,0
DA:233,0
DA:242,0
DA:243,0
LF:99
LH:0
BRDA:18,0,0,0
BRDA:23,1,0,0
BRDA:23,2,0,0
BRDA:23,2,1,0
BRDA:30,3,0,0
BRDA:66,4,0,0
BRDA:66,5,0,0
BRDA:72,6,0,0
BRDA:76,7,0,0
BRDA:80,8,0,0
BRDA:119,9,0,0
BRDA:143,10,0,0
BRDA:149,11,0,0
BRDA:155,12,0,0
BRDA:164,13,0,0
BRDA:190,14,0,0
BRDA:196,15,0,0
BRDA:202,16,0,0
BRDA:226,17,0,0
BRDA:226,18,0,0
BRF:20
BRH:0
end_of_record
TN:
SF:src/controllers/community.controller.ts
FN:8,(anonymous_0)
FN:48,(anonymous_1)
FN:76,(anonymous_2)
FN:102,(anonymous_3)
FN:131,(anonymous_4)
FN:154,(anonymous_5)
FN:177,(anonymous_6)
FNF:7
FNH:0
FNDA:0,(anonymous_0)
FNDA:0,(anonymous_1)
FNDA:0,(anonymous_2)
FNDA:0,(anonymous_3)
FNDA:0,(anonymous_4)
FNDA:0,(anonymous_5)
FNDA:0,(anonymous_6)
DA:8,0
DA:12,0
DA:14,0
DA:16,0
DA:17,0
DA:18,0
DA:21,0
DA:22,0
DA:23,0
DA:26,0
DA:37,0
DA:39,0
DA:40,0
DA:48,0
DA:52,0
DA:54,0
DA:56,0
DA:58,0
DA:67,0
DA:68,0
DA:76,0
DA:80,0
DA:82,0
DA:84,0
DA:91,0
DA:93,0
DA:94,0
DA:102,0
DA:106,0
DA:107,0
DA:109,0
DA:110,0
DA:111,0
DA:114,0
DA:120,0
DA:122,0
DA:123,0
DA:131,0
DA:135,0
DA:136,0
DA:138,0
DA:139,0
DA:140,0
DA:143,0
DA:145,0
DA:146,0
DA:154,0
DA:158,0
DA:159,0
DA:161,0
DA:162,0
DA:163,0
DA:166,0
DA:168,0
DA:169,0
DA:177,0
DA:181,0
DA:182,0
DA:184,0
DA:185,0
DA:186,0
DA:189,0
DA:191,0
DA:192,0
LF:64
LH:0
BRDA:16,0,0,0
BRDA:21,1,0,0
BRDA:21,2,0,0
BRDA:21,2,1,0
BRDA:32,3,0,0
BRDA:32,3,1,0
BRDA:54,4,0,0
BRDA:54,5,0,0
BRDA:109,6,0,0
BRDA:138,7,0,0
BRDA:161,8,0,0
BRDA:184,9,0,0
BRF:12
BRH:0
end_of_record
TN:
SF:src/controllers/eventController.ts
FN:6,(anonymous_1)
FN:56,(anonymous_2)
FN:99,(anonymous_3)
FN:119,(anonymous_4)
FN:165,(anonymous_5)
FN:195,(anonymous_6)
FN:234,(anonymous_7)
FN:249,(anonymous_8)
FN:269,(anonymous_9)
FNF:9
FNH:0
FNDA:0,(anonymous_1)
FNDA:0,(anonymous_2)
FNDA:0,(anonymous_3)
FNDA:0,(anonymous_4)
FNDA:0,(anonymous_5)
FNDA:0,(anonymous_6)
FNDA:0,(anonymous_7)
FNDA:0,(anonymous_8)
FNDA:0,(anonymous_9)
DA:2,0
DA:3,0
DA:6,0
DA:7,0
DA:8,0
DA:9,0
DA:11,0
DA:12,0
DA:16,0
DA:17,0
DA:21,0
DA:22,0
DA:23,0
DA:27,0
DA:43,0
DA:45,0
DA:50,0
DA:51,0
DA:56,0
DA:57,0
DA:58,0
DA:60,0
DA:62,0
DA:63,0
DA:66,0
DA:67,0
DA:74,0
DA:81,0
DA:83,0
DA:93,0
DA:94,0
DA:99,0
DA:100,0
DA:101,0
DA:103,0
DA:107,0
DA:108,0
DA:111,0
DA:113,0
DA:114,0
DA:119,0
DA:120,0
DA:121,0
DA:122,0
DA:123,0
DA:125,0
DA:126,0
DA:129,0
DA:131,0
DA:132,0
DA:136,0
DA:137,0
DA:141,0
DA:142,0
DA:143,0
DA:144,0
DA:145,0
DA:146,0
DA:147,0
DA:148,0
DA:149,0
DA:150,0
DA:152,0
DA:154,0
DA:159,0
DA:160,0
DA:165,0
DA:166,0
DA:167,0
DA:168,0
DA:170,0
DA:171,0
DA:174,0
DA:176,0
DA:177,0
DA:181,0
DA:182,0
DA:185,0
DA:187,0
DA:189,0
DA:190,0
DA:195,0
DA:196,0
DA:197,0
DA:198,0
DA:200,0
DA:201,0
DA:204,0
DA:206,0
DA:207,0
DA:211,0
DA:212,0
DA:216,0
DA:217,0
DA:220,0
DA:221,0
DA:223,0
DA:228,0
DA:229,0
DA:234,0
DA:235,0
DA:236,0
DA:237,0
DA:239,0
DA:240,0
DA:243,0
DA:245,0
DA:246,0
DA:249,0
DA:251,0
DA:252,0
DA:255,0
DA:256,0
DA:258,0
DA:263,0
DA:264,0
DA:269,0
DA:270,0
DA:271,0
DA:273,0
DA:274,0
DA:277,0
DA:281,0
DA:283,0
DA:284,0
LF:125
LH:0
BRDA:11,0,0,0
BRDA:16,1,0,0
BRDA:16,2,0,0
BRDA:16,2,1,0
BRDA:16,2,2,0
BRDA:16,2,3,0
BRDA:16,2,4,0
BRDA:16,2,5,0
BRDA:22,3,0,0
BRDA:34,4,0,0
BRDA:34,4,1,0
BRDA:39,5,0,0
BRDA:39,5,1,0
BRDA:58,6,0,0
BRDA:58,7,0,0
BRDA:62,8,0,0
BRDA:66,9,0,0
BRDA:107,10,0,0
BRDA:125,11,0,0
BRDA:131,12,0,0
BRDA:136,13,0,0
BRDA:141,14,0,0
BRDA:142,15,0,0
BRDA:143,16,0,0
BRDA:144,17,0,0
BRDA:145,18,0,0
BRDA:146,19,0,0
BRDA:147,20,0,0
BRDA:148,21,0,0
BRDA:149,22,0,0
BRDA:150,23,0,0
BRDA:170,24,0,0
BRDA:176,25,0,0
BRDA:181,26,0,0
BRDA:200,27,0,0
BRDA:206,28,0,0
BRDA:211,29,0,0
BRDA:216,30,0,0
BRDA:216,31,0,0
BRDA:216,31,1,0
BRDA:239,32,0,0
BRDA:245,33,0,0
BRDA:251,34,0,0
BRDA:273,35,0,0
BRF:44
BRH:0
end_of_record
TN:
SF:src/controllers/events.controller.ts
FN:10,(anonymous_1)
FN:70,(anonymous_2)
FN:110,(anonymous_3)
FN:136,(anonymous_4)
FN:164,(anonymous_5)
FN:183,(anonymous_6)
FN:221,(anonymous_7)
FN:262,(anonymous_8)
FN:282,(anonymous_9)
FNF:9
FNH:0
FNDA:0,(anonymous_1)
FNDA:0,(anonymous_2)
FNDA:0,(anonymous_3)
FNDA:0,(anonymous_4)
FNDA:0,(anonymous_5)
FNDA:0,(anonymous_6)
FNDA:0,(anonymous_7)
FNDA:0,(anonymous_8)
FNDA:0,(anonymous_9)
DA:3,0
DA:4,0
DA:10,0
DA:14,0
DA:16,0
DA:18,0
DA:19,0
DA:20,0
DA:21,0
DA:25,0
DA:26,0
DA:29,0
DA:32,0
DA:33,0
DA:34,0
DA:38,0
DA:39,0
DA:40,0
DA:41,0
DA:44,0
DA:57,0
DA:59,0
DA:61,0
DA:62,0
DA:70,0
DA:74,0
DA:75,0
DA:76,0
DA:77,0
DA:79,0
DA:81,0
DA:82,0
DA:85,0
DA:86,0
DA:92,0
DA:101,0
DA:102,0
DA:110,0
DA:114,0
DA:115,0
DA:117,0
DA:120,0
DA:121,0
DA:122,0
DA:125,0
DA:127,0
DA:128,0
DA:136,0
DA:140,0
DA:141,0
DA:143,0
DA:144,0
DA:145,0
DA:146,0
DA:149,0
DA:150,0
DA:151,0
DA:152,0
DA:156,0
DA:157,0
DA:158,0
DA:161,0
DA:162,0
DA:164,0
DA:165,0
DA:166,0
DA:170,0
DA:172,0
DA:174,0
DA:175,0
DA:183,0
DA:187,0
DA:188,0
DA:190,0
DA:191,0
DA:192,0
DA:193,0
DA:196,0
DA:197,0
DA:198,0
DA:199,0
DA:203,0
DA:204,0
DA:205,0
DA:208,0
DA:210,0
DA:212,0
DA:213,0
DA:221,0
DA:225,0
DA:226,0
DA:228,0
DA:229,0
DA:230,0
DA:231,0
DA:234,0
DA:235,0
DA:236,0
DA:237,0
DA:241,0
DA:242,0
DA:243,0
DA:244,0
DA:248,0
DA:249,0
DA:251,0
DA:253,0
DA:254,0
DA:262,0
DA:266,0
DA:267,0
DA:269,0
DA:270,0
DA:271,0
DA:272,0
DA:275,0
DA:276,0
DA:277,0
DA:278,0
DA:282,0
DA:283,0
DA:285,0
DA:287,0
DA:289,0
DA:290,0
LF:125
LH:0
BRDA:19,0,0,0
BRDA:25,1,0,0
BRDA:25,2,0,0
BRDA:25,2,1,0
BRDA:25,2,2,0
BRDA:25,2,3,0
BRDA:32,3,0,0
BRDA:39,4,0,0
BRDA:75,5,0,0
BRDA:75,6,0,0
BRDA:81,7,0,0
BRDA:120,8,0,0
BRDA:144,9,0,0
BRDA:150,10,0,0
BRDA:156,11,0,0
BRDA:165,12,0,0
BRDA:191,13,0,0
BRDA:197,14,0,0
BRDA:203,15,0,0
BRDA:229,16,0,0
BRDA:235,17,0,0
BRDA:242,18,0,0
BRDA:270,19,0,0
BRDA:276,20,0,0
BRF:24
BRH:0
end_of_record
TN:
SF:src/controllers/forum.controller.ts
FN:11,(anonymous_1)
FN:64,(anonymous_2)
FN:108,(anonymous_3)
FN:138,(anonymous_4)
FN:166,(anonymous_5)
FN:185,(anonymous_6)
FN:223,(anonymous_7)
FN:281,(anonymous_8)
FNF:8
FNH:0
FNDA:0,(anonymous_1)
FNDA:0,(anonymous_2)
FNDA:0,(anonymous_3)
FNDA:0,(anonymous_4)
FNDA:0,(anonymous_5)
FNDA:0,(anonymous_6)
FNDA:0,(anonymous_7)
FNDA:0,(anonymous_8)
DA:3,0
DA:4,0
DA:5,0
DA:11,0
DA:15,0
DA:16,0
DA:18,0
DA:19,0
DA:20,0
DA:21,0
DA:24,0
DA:25,0
DA:26,0
DA:29,0
DA:30,0
DA:31,0
DA:35,0
DA:36,0
DA:37,0
DA:38,0
DA:41,0
DA:51,0
DA:53,0
DA:55,0
DA:56,0
DA:64,0
DA:68,0
DA:69,0
DA:70,0
DA:71,0
DA:73,0
DA:75,0
DA:76,0
DA:79,0
DA:80,0
DA:83,0
DA:84,0
DA:90,0
DA:99,0
DA:100,0
DA:108,0
DA:112,0
DA:113,0
DA:115,0
DA:118,0
DA:119,0
DA:120,0
DA:124,0
DA:125,0
DA:127,0
DA:129,0
DA:130,0
DA:138,0
DA:142,0
DA:143,0
DA:145,0
DA:146,0
DA:147,0
DA:148,0
DA:151,0
DA:152,0
DA:153,0
DA:154,0
DA:158,0
DA:159,0
DA:160,0
DA:163,0
DA:164,0
DA:166,0
DA:167,0
DA:168,0
DA:172,0
DA:174,0
DA:176,0
DA:177,0
DA:185,0
DA:189,0
DA:190,0
DA:192,0
DA:193,0
DA:194,0
DA:195,0
DA:198,0
DA:199,0
DA:200,0
DA:201,0
DA:205,0
DA:206,0
DA:207,0
DA:210,0
DA:212,0
DA:214,0
DA:215,0
DA:223,0
DA:227,0
DA:228,0
DA:229,0
DA:231,0
DA:232,0
DA:233,0
DA:234,0
DA:237,0
DA:238,0
DA:239,0
DA:243,0
DA:244,0
DA:245,0
DA:246,0
DA:250,0
DA:251,0
DA:252,0
DA:253,0
DA:256,0
DA:264,0
DA:267,0
DA:268,0
DA:270,0
DA:272,0
DA:273,0
DA:281,0
DA:285,0
DA:286,0
DA:287,0
DA:288,0
DA:289,0
DA:291,0
DA:293,0
DA:294,0
DA:300,0
DA:309,0
DA:310,0
LF:131
LH:0
BRDA:19,0,0,0
BRDA:24,1,0,0
BRDA:24,2,0,0
BRDA:24,2,1,0
BRDA:29,3,0,0
BRDA:36,4,0,0
BRDA:45,5,0,0
BRDA:45,5,1,0
BRDA:69,6,0,0
BRDA:69,7,0,0
BRDA:75,8,0,0
BRDA:79,9,0,0
BRDA:118,10,0,0
BRDA:124,11,0,0
BRDA:124,11,1,0
BRDA:146,12,0,0
BRDA:152,13,0,0
BRDA:158,14,0,0
BRDA:167,15,0,0
BRDA:193,16,0,0
BRDA:199,17,0,0
BRDA:205,18,0,0
BRDA:232,19,0,0
BRDA:237,20,0,0
BRDA:244,21,0,0
BRDA:251,22,0,0
BRDA:267,23,0,0
BRDA:267,23,1,0
BRDA:287,24,0,0
BRDA:287,25,0,0
BRF:30
BRH:0
end_of_record
TN:
SF:src/controllers/marketplace.controller.ts
FN:11,(anonymous_1)
FN:62,(anonymous_2)
FN:106,(anonymous_3)
FN:135,(anonymous_4)
FN:163,(anonymous_5)
FN:182,(anonymous_6)
FN:220,(anonymous_7)
FN:239,(anonymous_8)
FN:243,(anonymous_9)
FN:262,(anonymous_10)
FNF:10
FNH:0
FNDA:0,(anonymous_1)
FNDA:0,(anonymous_2)
FNDA:0,(anonymous_3)
FNDA:0,(anonymous_4)
FNDA:0,(anonymous_5)
FNDA:0,(anonymous_6)
FNDA:0,(anonymous_7)
FNDA:0,(anonymous_8)
FNDA:0,(anonymous_9)
FNDA:0,(anonymous_10)
DA:3,0
DA:4,0
DA:5,0
DA:11,0
DA:15,0
DA:16,0
DA:18,0
DA:19,0
DA:20,0
DA:21,0
DA:24,0
DA:25,0
DA:26,0
DA:30,0
DA:31,0
DA:32,0
DA:33,0
DA:36,0
DA:49,0
DA:51,0
DA:53,0
DA:54,0
DA:62,0
DA:66,0
DA:67,0
DA:68,0
DA:69,0
DA:71,0
DA:73,0
DA:74,0
DA:77,0
DA:78,0
DA:81,0
DA:82,0
DA:88,0
DA:97,0
DA:98,0
DA:106,0
DA:110,0
DA:111,0
DA:113,0
DA:119,0
DA:120,0
DA:121,0
DA:124,0
DA:126,0
DA:127,0
DA:135,0
DA:139,0
DA:140,0
DA:142,0
DA:143,0
DA:144,0
DA:145,0
DA:148,0
DA:149,0
DA:150,0
DA:151,0
DA:155,0
DA:156,0
DA:157,0
DA:160,0
DA:161,0
DA:163,0
DA:164,0
DA:165,0
DA:169,0
DA:171,0
DA:173,0
DA:174,0
DA:182,0
DA:186,0
DA:187,0
DA:189,0
DA:190,0
DA:191,0
DA:192,0
DA:195,0
DA:196,0
DA:197,0
DA:198,0
DA:202,0
DA:203,0
DA:204,0
DA:207,0
DA:209,0
DA:211,0
DA:212,0
DA:220,0
DA:224,0
DA:225,0
DA:227,0
DA:228,0
DA:229,0
DA:230,0
DA:233,0
DA:234,0
DA:235,0
DA:236,0
DA:239,0
DA:241,0
DA:243,0
DA:244,0
DA:245,0
DA:248,0
DA:249,0
DA:250,0
DA:253,0
DA:254,0
DA:262,0
DA:266,0
DA:267,0
DA:268,0
DA:269,0
DA:270,0
DA:273,0
DA:274,0
DA:275,0
DA:276,0
DA:280,0
DA:282,0
DA:287,0
DA:288,0
LF:123
LH:0
BRDA:19,0,0,0
BRDA:24,1,0,0
BRDA:24,2,0,0
BRDA:24,2,1,0
BRDA:24,2,2,0
BRDA:31,3,0,0
BRDA:45,4,0,0
BRDA:45,4,1,0
BRDA:67,5,0,0
BRDA:67,6,0,0
BRDA:67,7,0,0
BRDA:71,8,0,0
BRDA:71,8,1,0
BRDA:73,9,0,0
BRDA:77,10,0,0
BRDA:119,11,0,0
BRDA:143,12,0,0
BRDA:149,13,0,0
BRDA:155,14,0,0
BRDA:164,15,0,0
BRDA:190,16,0,0
BRDA:196,17,0,0
BRDA:202,18,0,0
BRDA:228,19,0,0
BRDA:234,20,0,0
BRDA:241,21,0,0
BRDA:241,21,1,0
BRDA:268,22,0,0
BRDA:274,23,0,0
BRDA:274,24,0,0
BRDA:274,24,1,0
BRDA:288,25,0,0
BRDA:288,25,1,0
BRF:33
BRH:0
end_of_record
TN:
SF:src/controllers/mentorship.controller.ts
FN:8,(anonymous_0)
FN:42,(anonymous_1)
FN:70,(anonymous_2)
FN:96,(anonymous_3)
FN:125,(anonymous_4)
FNF:5
FNH:0
FNDA:0,(anonymous_0)
FNDA:0,(anonymous_1)
FNDA:0,(anonymous_2)
FNDA:0,(anonymous_3)
FNDA:0,(anonymous_4)
DA:8,0
DA:12,0
DA:14,0
DA:16,0
DA:17,0
DA:18,0
DA:21,0
DA:31,0
DA:33,0
DA:34,0
DA:42,0
DA:46,0
DA:48,0
DA:50,0
DA:52,0
DA:61,0
DA:62,0
DA:70,0
DA:74,0
DA:76,0
DA:78,0
DA:85,0
DA:87,0
DA:88,0
DA:96,0
DA:100,0
DA:101,0
DA:103,0
DA:104,0
DA:105,0
DA:108,0
DA:114,0
DA:116,0
DA:117,0
DA:125,0
DA:129,0
DA:130,0
DA:132,0
DA:133,0
DA:134,0
DA:137,0
DA:139,0
DA:140,0
LF:43
LH:0
BRDA:16,0,0,0
BRDA:16,1,0,0
BRDA:16,1,1,0
BRDA:16,1,2,0
BRDA:48,2,0,0
BRDA:48,3,0,0
BRDA:103,4,0,0
BRDA:132,5,0,0
BRF:8
BRH:0
end_of_record
TN:
SF:src/middleware/auth.ts
FN:20,(anonymous_1)
FN:35,(anonymous_2)
FN:58,(anonymous_3)
FN:75,(anonymous_4)
FN:86,(anonymous_5)
FNF:5
FNH:0
FNDA:0,(anonymous_1)
FNDA:0,(anonymous_2)
FNDA:0,(anonymous_3)
FNDA:0,(anonymous_4)
FNDA:0,(anonymous_5)
DA:2,0
DA:20,0
DA:25,0
DA:26,0
DA:28,0
DA:29,0
DA:30,0
DA:33,0
DA:35,0
DA:36,0
DA:37,0
DA:38,0
DA:41,0
DA:42,0
DA:50,0
DA:58,0
DA:63,0
DA:64,0
DA:65,0
DA:68,0
DA:75,0
DA:80,0
DA:81,0
DA:83,0
DA:84,0
DA:86,0
DA:87,0
DA:88,0
DA:98,0
LF:29
LH:0
BRDA:26,0,0,0
BRDA:26,0,1,0
BRDA:28,1,0,0
BRDA:33,2,0,0
BRDA:33,2,1,0
BRDA:36,3,0,0
BRDA:41,4,0,0
BRDA:41,5,0,0
BRDA:41,5,1,0
BRDA:43,6,0,0
BRDA:43,6,1,0
BRDA:46,7,0,0
BRDA:46,7,1,0
BRDA:63,8,0,0
BRDA:81,9,0,0
BRDA:81,9,1,0
BRDA:83,10,0,0
BRDA:84,11,0,0
BRDA:84,11,1,0
BRDA:87,12,0,0
BRDA:87,13,0,0
BRDA:87,13,1,0
BRDA:87,13,2,0
BRDA:89,14,0,0
BRDA:89,14,1,0
BRDA:92,15,0,0
BRDA:92,15,1,0
BRF:27
BRH:0
end_of_record
TN:
SF:src/middleware/authMiddleware.ts
FN:13,(anonymous_1)
FN:35,(anonymous_2)
FN:51,(anonymous_3)
FNF:3
FNH:0
FNDA:0,(anonymous_1)
FNDA:0,(anonymous_2)
FNDA:0,(anonymous_3)
DA:2,0
DA:3,0
DA:5,0
DA:13,0
DA:14,0
DA:15,0
DA:17,0
DA:18,0
DA:21,0
DA:22,0
DA:23,0
DA:25,0
DA:26,0
DA:28,0
DA:29,0
DA:31,0
DA:35,0
DA:36,0
DA:37,0
DA:39,0
DA:40,0
DA:41,0
DA:44,0
DA:47,0
DA:51,0
DA:52,0
DA:53,0
DA:54,0
DA:55,0
DA:58,0
DA:59,0
DA:60,0
DA:63,0
DA:64,0
DA:65,0
DA:67,0
DA:68,0
LF:37
LH:0
BRDA:5,0,0,0
BRDA:5,0,1,0
BRDA:17,1,0,0
BRDA:25,2,0,0
BRDA:28,3,0,0
BRDA:39,4,0,0
BRDA:54,5,0,0
BRDA:59,6,0,0
BRDA:59,7,0,0
BRDA:59,7,1,0
BRF:10
BRH:0
end_of_record
TN:
SF:src/middleware/uploadMiddleware.ts
FN:8,(anonymous_1)
FNF:1
FNH:0
FNDA:0,(anonymous_1)
DA:1,0
DA:5,0
DA:8,0
DA:13,0
DA:14,0
DA:17,0
DA:18,0
DA:22,0
DA:23,0
DA:24,0
DA:27,0
DA:31,0
DA:41,0
DA:44,0
DA:46,0
LF:15
LH:0
BRDA:17,0,0,0
BRDA:23,1,0,0
BRF:2
BRH:0
end_of_record
TN:
SF:src/models/Business.ts
FNF:0
FNH:0
DA:1,0
DA:20,0
DA:103,0
DA:105,0
DA:107,0
LF:5
LH:0
BRF:0
BRH:0
end_of_record
TN:
SF:src/models/Event.ts
FN:44,(anonymous_9)
FNF:1
FNH:0
FNDA:0,(anonymous_9)
DA:1,0
DA:22,0
DA:44,0
DA:91,0
DA:92,0
DA:93,0
DA:95,0
DA:97,0
LF:8
LH:0
BRF:0
BRH:0
end_of_record
TN:
SF:src/models/ForumPost.ts
FNF:0
FNH:0
DA:1,0
DA:18,0
DA:93,0
DA:95,0
DA:97,0
LF:5
LH:0
BRF:0
BRH:0
end_of_record
TN:
SF:src/models/ForumReply.ts
FNF:0
FNH:0
DA:1,0
DA:14,0
DA:55,0
DA:57,0
LF:4
LH:0
BRF:0
BRH:0
end_of_record
TN:
SF:src/models/Listing.ts
FNF:0
FNH:0
DA:1,0
DA:21,0
DA:86,0
DA:87,0
DA:88,0
DA:89,0
DA:91,0
DA:93,0
LF:8
LH:0
BRF:0
BRH:0
end_of_record
TN:
SF:src/models/User.ts
FN:76,(anonymous_1)
FN:90,(anonymous_2)
FNF:2
FNH:0
FNDA:0,(anonymous_1)
FNDA:0,(anonymous_2)
DA:1,0
DA:2,0
DA:18,0
DA:76,0
DA:77,0
DA:79,0
DA:80,0
DA:81,0
DA:82,0
DA:83,0
DA:85,0
DA:90,0
DA:91,0
DA:94,0
DA:96,0
LF:15
LH:0
BRDA:77,0,0,0
BRF:1
BRH:0
end_of_record
TN:
SF:src/routes/admin.routes.ts
FNF:0
FNH:0
DA:1,0
DA:2,0
DA:3,0
DA:10,0
DA:12,0
DA:14,0
DA:15,0
DA:16,0
DA:17,0
DA:19,0
LF:10
LH:0
BRF:0
BRH:0
end_of_record
TN:
SF:src/routes/auth.routes.ts
FNF:0
FNH:0
DA:1,0
DA:2,0
DA:3,0
DA:5,0
DA:13,0
DA:21,0
DA:29,0
DA:31,0
LF:8
LH:0
BRF:0
BRH:0
end_of_record
TN:
SF:src/routes/business.routes.ts
FNF:0
FNH:0
DA:1,0
DA:2,0
DA:3,0
DA:12,0
DA:15,0
DA:16,0
DA:17,0
DA:20,0
DA:21,0
DA:22,0
DA:24,0
LF:11
LH:0
BRF:0
BRH:0
end_of_record
TN:
SF:src/routes/community.routes.ts
FNF:0
FNH:0
DA:1,0
DA:2,0
DA:3,0
DA:13,0
DA:16,0
DA:17,0
DA:19,0
DA:20,0
DA:21,0
DA:22,0
DA:23,0
DA:25,0
LF:12
LH:0
BRF:0
BRH:0
end_of_record
TN:
SF:src/routes/events.routes.ts
FNF:0
FNH:0
DA:1,0
DA:2,0
DA:3,0
DA:14,0
DA:22,0
DA:29,0
DA:37,0
DA:46,0
DA:55,0
DA:63,0
DA:71,0
DA:79,0
DA:81,0
LF:13
LH:0
BRF:0
BRH:0
end_of_record
TN:
SF:src/routes/forum.routes.ts
FNF:0
FNH:0
DA:1,0
DA:2,0
DA:3,0
DA:13,0
DA:16,0
DA:17,0
DA:18,0
DA:20,0
DA:21,0
DA:22,0
DA:23,0
DA:25,0
LF:12
LH:0
BRF:0
BRH:0
end_of_record
TN:
SF:src/routes/index.ts
FN:24,(anonymous_1)
FNF:1
FNH:0
FNDA:0,(anonymous_1)
DA:1,0
DA:2,0
DA:3,0
DA:4,0
DA:5,0
DA:6,0
DA:7,0
DA:8,0
DA:9,0
DA:11,0
DA:14,0
DA:15,0
DA:16,0
DA:17,0
DA:18,0
DA:19,0
DA:20,0
DA:21,0
DA:24,0
DA:25,0
DA:28,0
LF:21
LH:0
BRF:0
BRH:0
end_of_record
TN:
SF:src/routes/marketplace.routes.ts
FNF:0
FNH:0
DA:1,0
DA:2,0
DA:3,0
DA:4,0
DA:14,0
DA:17,0
DA:18,0
DA:21,0
DA:22,0
DA:23,0
DA:24,0
DA:27,0
DA:29,0
LF:13
LH:0
BRF:0
BRH:0
end_of_record
TN:
SF:src/routes/mentorship.routes.ts
FNF:0
FNH:0
DA:1,0
DA:2,0
DA:3,0
DA:11,0
DA:14,0
DA:15,0
DA:17,0
DA:18,0
DA:19,0
DA:21,0
LF:10
LH:0
BRF:0
BRH:0
end_of_record
TN:
SF:src/services/s3Service.ts
FN:19,(anonymous_1)
FN:49,(anonymous_2)
FN:91,(anonymous_3)
FN:110,(anonymous_4)
FN:132,(anonymous_5)
FNF:5
FNH:0
FNDA:0,(anonymous_1)
FNDA:0,(anonymous_2)
FNDA:0,(anonymous_3)
FNDA:0,(anonymous_4)
FNDA:0,(anonymous_5)
DA:1,0
DA:2,0
DA:3,0
DA:20,0
DA:21,0
DA:24,0
DA:32,0
DA:34,0
DA:35,0
DA:38,0
DA:55,0
DA:57,0
DA:58,0
DA:59,0
DA:60,0
DA:61,0
DA:62,0
DA:65,0
DA:73,0
DA:76,0
DA:80,0
DA:82,0
DA:83,0
DA:92,0
DA:93,0
DA:98,0
DA:100,0
DA:101,0
DA:111,0
DA:112,0
DA:117,0
DA:118,0
DA:120,0
DA:121,0
DA:139,0
DA:140,0
DA:141,0
DA:148,0
DA:149,0
DA:150,0
DA:151,0
DA:157,0
DA:161,0
LF:43
LH:0
BRDA:25,0,0,0
BRDA:25,0,1,0
BRDA:32,1,0,0
BRDA:53,2,0,0
BRDA:76,3,0,0
BRDA:76,3,1,0
BRDA:78,4,0,0
BRDA:78,4,1,0
BRDA:110,5,0,0
BRDA:135,6,0,0
BRDA:136,7,0,0
BRDA:140,8,0,0
BRDA:150,9,0,0
BRF:13
BRH:0
end_of_record
TN:
SF:src/services/storageService.ts
FN:33,(anonymous_1)
FN:46,(anonymous_2)
FN:47,(anonymous_3)
FN:49,(anonymous_4)
FN:75,(anonymous_5)
FN:101,(anonymous_6)
FN:155,(anonymous_7)
FN:196,(anonymous_8)
FN:201,(anonymous_9)
FN:213,(anonymous_10)
FN:234,(anonymous_11)
FN:236,(anonymous_12)
FNF:12
FNH:6
FNDA:3,(anonymous_1)
FNDA:2,(anonymous_2)
FNDA:2,(anonymous_3)
FNDA:1,(anonymous_4)
FNDA:0,(anonymous_5)
FNDA:2,(anonymous_6)
FNDA:2,(anonymous_7)
FNDA:0,(anonymous_8)
FNDA:0,(anonymous_9)
FNDA:0,(anonymous_10)
FNDA:0,(anonymous_11)
FNDA:0,(anonymous_12)
DA:1,2
DA:2,2
DA:3,2
DA:12,2
DA:14,2
DA:16,2
DA:23,2
DA:24,2
DA:25,2
DA:26,2
DA:29,2
DA:31,2
DA:33,2
DA:34,3
DA:35,3
DA:36,3
DA:37,3
DA:39,0
DA:40,0
DA:42,0
DA:43,0
DA:46,2
DA:47,2
DA:49,2
DA:50,1
DA:51,1
DA:52,1
DA:53,0
DA:55,1
DA:56,0
DA:57,0
DA:60,1
DA:64,1
DA:67,0
DA:68,0
DA:71,0
DA:72,0
DA:75,2
DA:76,0
DA:77,0
DA:78,0
DA:80,0
DA:81,0
DA:84,0
DA:85,0
DA:88,0
DA:90,0
DA:91,0
DA:92,0
DA:94,0
DA:101,2
DA:102,2
DA:103,2
DA:104,0
DA:106,2
DA:107,2
DA:108,2
DA:109,2
DA:112,2
DA:124,2
DA:131,2
DA:133,0
DA:134,0
DA:136,0
DA:137,0
DA:141,0
DA:142,0
DA:153,2
DA:155,2
DA:160,2
DA:161,2
DA:163,2
DA:164,2
DA:165,2
DA:168,2
DA:178,1
DA:180,1
DA:181,1
DA:183,1
DA:184,1
DA:185,1
DA:186,1
DA:188,0
DA:189,0
DA:196,2
DA:200,0
DA:201,0
DA:202,0
DA:203,0
DA:205,0
DA:206,0
DA:213,2
DA:214,0
DA:215,0
DA:217,0
DA:224,0
DA:226,0
DA:227,0
DA:234,2
DA:235,0
DA:236,0
DA:237,0
DA:239,0
DA:240,0
DA:244,2
LF:105
LH:56
BRDA:17,0,0,2
BRDA:17,0,1,0
BRDA:18,1,0,2
BRDA:18,1,1,0
BRDA:20,2,0,2
BRDA:20,2,1,0
BRDA:23,3,0,2
BRDA:23,4,0,2
BRDA:23,4,1,2
BRDA:31,5,0,2
BRDA:31,5,1,0
BRDA:34,6,0,0
BRDA:36,7,0,3
BRDA:39,8,0,0
BRDA:39,9,0,0
BRDA:39,9,1,0
BRDA:42,10,0,0
BRDA:42,10,1,0
BRDA:43,11,0,0
BRDA:43,11,1,0
BRDA:50,12,0,1
BRDA:52,13,0,0
BRDA:55,14,0,0
BRDA:60,15,0,0
BRDA:60,15,1,1
BRDA:60,16,0,1
BRDA:60,16,1,1
BRDA:67,17,0,0
BRDA:67,18,0,0
BRDA:67,18,1,0
BRDA:71,19,0,0
BRDA:71,19,1,0
BRDA:80,20,0,0
BRDA:84,21,0,0
BRDA:91,22,0,0
BRDA:106,23,0,2
BRDA:106,23,1,0
BRDA:133,24,0,0
BRDA:133,24,1,0
BRDA:133,25,0,0
BRDA:133,25,1,0
BRDA:157,26,0,0
BRDA:158,27,0,1
BRDA:163,28,0,2
BRDA:163,28,1,0
BRDA:164,29,0,2
BRDA:164,29,1,0
BRDA:183,30,0,1
BRDA:183,31,0,1
BRDA:183,31,1,1
BRDA:189,32,0,0
BRDA:189,32,1,0
BRDA:198,33,0,0
BRF:53
BRH:19
end_of_record
TN:
SF:src/utils/bcrypt.ts
FN:8,(anonymous_1)
FN:16,(anonymous_2)
FN:23,(anonymous_3)
FNF:3
FNH:0
FNDA:0,(anonymous_1)
FNDA:0,(anonymous_2)
FNDA:0,(anonymous_3)
DA:1,0
DA:3,0
DA:8,0
DA:9,0
DA:10,0
DA:16,0
DA:17,0
DA:23,0
DA:27,0
DA:29,0
DA:30,0
DA:33,0
DA:34,0
DA:37,0
DA:38,0
DA:41,0
DA:42,0
DA:45,0
DA:46,0
DA:49,0
LF:20
LH:0
BRDA:3,0,0,0
BRDA:3,0,1,0
BRDA:29,1,0,0
BRDA:33,2,0,0
BRDA:37,3,0,0
BRDA:41,4,0,0
BRDA:45,5,0,0
BRF:7
BRH:0
end_of_record
TN:
SF:src/utils/jwt.ts
FN:18,(anonymous_1)
FN:27,(anonymous_2)
FN:36,(anonymous_3)
FN:45,(anonymous_4)
FN:57,(anonymous_5)
FNF:5
FNH:0
FNDA:0,(anonymous_1)
FNDA:0,(anonymous_2)
FNDA:0,(anonymous_3)
FNDA:0,(anonymous_4)
FNDA:0,(anonymous_5)
DA:1,0
DA:11,0
DA:12,0
DA:13,0
DA:18,0
DA:19,0
DA:27,0
DA:28,0
DA:36,0
DA:37,0
DA:45,0
DA:46,0
DA:47,0
DA:48,0
DA:50,0
DA:57,0
DA:63,0
DA:70,0
DA:72,0
LF:19
LH:0
BRDA:11,0,0,0
BRDA:11,0,1,0
BRDA:12,1,0,0
BRDA:12,1,1,0
BRDA:13,2,0,0
BRDA:13,2,1,0
BRDA:61,3,0,0
BRF:7
BRH:0
end_of_record
TN:
SF:src/validators/auth.ts
FN:4,(anonymous_0)
FN:12,(anonymous_1)
FN:39,(anonymous_2)
FN:75,(anonymous_3)
FNF:4
FNH:0
FNDA:0,(anonymous_0)
FNDA:0,(anonymous_1)
FNDA:0,(anonymous_2)
FNDA:0,(anonymous_3)
DA:4,0
DA:5,0
DA:6,0
DA:12,0
DA:16,0
DA:18,0
DA:19,0
DA:22,0
DA:23,0
DA:26,0
DA:27,0
DA:30,0
DA:39,0
DA:47,0
DA:49,0
DA:50,0
DA:53,0
DA:54,0
DA:56,0
DA:57,0
DA:58,0
DA:62,0
DA:63,0
DA:66,0
DA:75,0
DA:82,0
DA:84,0
DA:85,0
DA:88,0
DA:89,0
DA:92,0
LF:31
LH:0
BRDA:18,0,0,0
BRDA:22,1,0,0
BRDA:26,2,0,0
BRDA:49,3,0,0
BRDA:49,4,0,0
BRDA:49,4,1,0
BRDA:53,5,0,0
BRDA:53,5,1,0
BRDA:57,6,0,0
BRDA:62,7,0,0
BRDA:84,8,0,0
BRDA:88,9,0,0
BRF:12
BRH:0
end_of_record
