TN:
SF:src/app.ts
FN:26,(anonymous_1)
FN:40,(anonymous_2)
FN:53,(anonymous_3)
FNF:3
FNH:0
FNDA:0,(anonymous_1)
FNDA:0,(anonymous_2)
FNDA:0,(anonymous_3)
DA:1,0
DA:2,0
DA:3,0
DA:4,0
DA:5,0
DA:6,0
DA:7,0
DA:9,0
DA:10,0
DA:11,0
DA:14,0
DA:15,0
DA:16,0
DA:20,0
DA:23,0
DA:26,0
DA:27,0
DA:28,0
DA:29,0
DA:31,0
DA:32,0
DA:37,0
DA:40,0
DA:41,0
DA:50,0
DA:53,0
DA:54,0
DA:55,0
DA:60,0
LF:29
LH:0
BRDA:10,0,0,0
BRDA:10,0,1,0
BRDA:11,1,0,0
BRDA:11,1,1,0
BRDA:17,2,0,0
BRDA:17,2,1,0
BRDA:45,3,0,0
BRDA:45,3,1,0
BRF:8
BRH:0
end_of_record
TN:
SF:src/config/s3.ts
FNF:0
FNH:0
DA:1,0
DA:4,0
DA:13,0
LF:3
LH:0
BRDA:6,0,0,0
BRDA:6,0,1,0
BRDA:6,0,2,0
BRDA:7,1,0,0
BRDA:7,1,1,0
BRDA:7,1,2,0
BRDA:8,2,0,0
BRDA:8,2,1,0
BRDA:9,3,0,0
BRDA:9,3,1,0
BRF:10
BRH:0
end_of_record
TN:
SF:src/controllers/admin.controller.ts
FN:10,(anonymous_1)
FN:63,(anonymous_2)
FN:71,(anonymous_3)
FN:98,(anonymous_4)
FN:124,(anonymous_5)
FN:130,(anonymous_6)
FN:157,(anonymous_7)
FN:219,(anonymous_8)
FN:226,(anonymous_9)
FN:262,(anonymous_10)
FN:306,(anonymous_11)
FN:360,(anonymous_12)
FN:385,(anonymous_13)
FN:414,(anonymous_14)
FN:464,(anonymous_15)
FN:494,(anonymous_16)
FN:517,(anonymous_17)
FN:544,(anonymous_18)
FN:579,(anonymous_19)
FNF:19
FNH:0
FNDA:0,(anonymous_1)
FNDA:0,(anonymous_2)
FNDA:0,(anonymous_3)
FNDA:0,(anonymous_4)
FNDA:0,(anonymous_5)
FNDA:0,(anonymous_6)
FNDA:0,(anonymous_7)
FNDA:0,(anonymous_8)
FNDA:0,(anonymous_9)
FNDA:0,(anonymous_10)
FNDA:0,(anonymous_11)
FNDA:0,(anonymous_12)
FNDA:0,(anonymous_13)
FNDA:0,(anonymous_14)
FNDA:0,(anonymous_15)
FNDA:0,(anonymous_16)
FNDA:0,(anonymous_17)
FNDA:0,(anonymous_18)
FNDA:0,(anonymous_19)
DA:2,0
DA:4,0
DA:5,0
DA:6,0
DA:7,0
DA:8,0
DA:10,0
DA:11,0
DA:21,0
DA:44,0
DA:46,0
DA:58,0
DA:59,0
DA:63,0
DA:64,0
DA:65,0
DA:71,0
DA:98,0
DA:117,0
DA:119,0
DA:120,0
DA:124,0
DA:125,0
DA:126,0
DA:130,0
DA:150,0
DA:152,0
DA:153,0
DA:157,0
DA:161,0
DA:162,0
DA:163,0
DA:165,0
DA:167,0
DA:168,0
DA:171,0
DA:174,0
DA:175,0
DA:176,0
DA:179,0
DA:180,0
DA:181,0
DA:183,0
DA:184,0
DA:187,0
DA:191,0
DA:192,0
DA:193,0
DA:196,0
DA:214,0
DA:215,0
DA:219,0
DA:220,0
DA:221,0
DA:226,0
DA:255,0
DA:257,0
DA:258,0
DA:262,0
DA:263,0
DA:264,0
DA:265,0
DA:267,0
DA:268,0
DA:269,0
DA:272,0
DA:285,0
DA:286,0
DA:287,0
DA:290,0
DA:301,0
DA:302,0
DA:306,0
DA:307,0
DA:308,0
DA:309,0
DA:311,0
DA:312,0
DA:313,0
DA:316,0
DA:325,0
DA:326,0
DA:329,0
DA:330,0
DA:333,0
DA:338,0
DA:339,0
DA:340,0
DA:343,0
DA:355,0
DA:356,0
DA:360,0
DA:361,0
DA:362,0
DA:363,0
DA:364,0
DA:366,0
DA:369,0
DA:370,0
DA:376,0
DA:385,0
DA:396,0
DA:405,0
DA:406,0
DA:414,0
DA:415,0
DA:416,0
DA:419,0
DA:420,0
DA:421,0
DA:422,0
DA:425,0
DA:427,0
DA:428,0
DA:429,0
DA:433,0
DA:434,0
DA:435,0
DA:436,0
DA:440,0
DA:450,0
DA:455,0
DA:456,0
DA:464,0
DA:465,0
DA:466,0
DA:469,0
DA:470,0
DA:471,0
DA:472,0
DA:476,0
DA:481,0
DA:485,0
DA:486,0
DA:494,0
DA:495,0
DA:496,0
DA:499,0
DA:500,0
DA:501,0
DA:502,0
DA:505,0
DA:507,0
DA:508,0
DA:509,0
DA:513,0
DA:516,0
DA:518,0
DA:530,0
DA:535,0
DA:536,0
DA:544,0
DA:545,0
DA:546,0
DA:549,0
DA:550,0
DA:551,0
DA:552,0
DA:556,0
DA:565,0
DA:570,0
DA:571,0
DA:579,0
DA:580,0
DA:581,0
DA:582,0
DA:585,0
DA:586,0
DA:587,0
DA:588,0
DA:592,0
DA:593,0
DA:594,0
DA:595,0
DA:599,0
DA:609,0
DA:620,0
DA:625,0
DA:626,0
LF:179
LH:0
BRDA:44,0,0,0
BRDA:44,0,1,0
BRDA:80,1,0,0
BRDA:80,1,1,0
BRDA:81,2,0,0
BRDA:81,2,1,0
BRDA:82,3,0,0
BRDA:82,3,1,0
BRDA:85,4,0,0
BRDA:85,4,1,0
BRDA:94,5,0,0
BRDA:94,5,1,0
BRDA:95,6,0,0
BRDA:95,6,1,0
BRDA:96,7,0,0
BRDA:96,7,1,0
BRDA:97,8,0,0
BRDA:97,8,1,0
BRDA:98,9,0,0
BRDA:98,9,1,0
BRDA:105,10,0,0
BRDA:105,10,1,0
BRDA:106,11,0,0
BRDA:106,11,1,0
BRDA:108,12,0,0
BRDA:108,12,1,0
BRDA:139,13,0,0
BRDA:139,13,1,0
BRDA:167,14,0,0
BRDA:167,15,0,0
BRDA:167,15,1,0
BRDA:174,16,0,0
BRDA:174,17,0,0
BRDA:174,17,1,0
BRDA:180,18,0,0
BRDA:183,19,0,0
BRDA:191,20,0,0
BRDA:204,21,0,0
BRDA:204,21,1,0
BRDA:233,22,0,0
BRDA:233,22,1,0
BRDA:234,23,0,0
BRDA:234,23,1,0
BRDA:236,24,0,0
BRDA:236,24,1,0
BRDA:245,25,0,0
BRDA:245,25,1,0
BRDA:267,26,0,0
BRDA:276,27,0,0
BRDA:276,27,1,0
BRDA:280,28,0,0
BRDA:280,28,1,0
BRDA:280,29,0,0
BRDA:280,29,1,0
BRDA:285,30,0,0
BRDA:311,31,0,0
BRDA:318,32,0,0
BRDA:318,32,1,0
BRDA:322,33,0,0
BRDA:322,33,1,0
BRDA:322,34,0,0
BRDA:322,34,1,0
BRDA:325,35,0,0
BRDA:329,36,0,0
BRDA:338,37,0,0
BRDA:362,38,0,0
BRDA:362,39,0,0
BRDA:363,40,0,0
BRDA:363,40,1,0
BRDA:364,41,0,0
BRDA:364,41,1,0
BRDA:369,42,0,0
BRDA:420,43,0,0
BRDA:420,44,0,0
BRDA:420,44,1,0
BRDA:427,45,0,0
BRDA:427,46,0,0
BRDA:427,46,1,0
BRDA:434,47,0,0
BRDA:470,48,0,0
BRDA:470,49,0,0
BRDA:470,49,1,0
BRDA:500,50,0,0
BRDA:500,51,0,0
BRDA:500,51,1,0
BRDA:507,52,0,0
BRDA:550,53,0,0
BRDA:550,54,0,0
BRDA:550,54,1,0
BRDA:586,55,0,0
BRDA:586,56,0,0
BRDA:586,56,1,0
BRDA:593,57,0,0
BRF:93
BRH:0
end_of_record
TN:
SF:src/controllers/auth.controller.ts
FN:19,(anonymous_1)
FN:147,(anonymous_2)
FN:167,(anonymous_3)
FN:239,(anonymous_4)
FN:286,(anonymous_5)
FN:325,(anonymous_6)
FNF:6
FNH:0
FNDA:0,(anonymous_1)
FNDA:0,(anonymous_2)
FNDA:0,(anonymous_3)
FNDA:0,(anonymous_4)
FNDA:0,(anonymous_5)
FNDA:0,(anonymous_6)
DA:3,0
DA:4,0
DA:5,0
DA:10,0
DA:11,0
DA:13,0
DA:19,0
DA:23,0
DA:24,0
DA:25,0
DA:26,0
DA:27,0
DA:28,0
DA:31,0
DA:32,0
DA:33,0
DA:34,0
DA:38,0
DA:39,0
DA:40,0
DA:41,0
DA:44,0
DA:45,0
DA:46,0
DA:50,0
DA:51,0
DA:52,0
DA:53,0
DA:55,0
DA:56,0
DA:57,0
DA:61,0
DA:63,0
DA:67,0
DA:68,0
DA:69,0
DA:70,0
DA:71,0
DA:73,0
DA:74,0
DA:75,0
DA:77,0
DA:81,0
DA:82,0
DA:83,0
DA:84,0
DA:88,0
DA:98,0
DA:106,0
DA:108,0
DA:117,0
DA:125,0
DA:134,0
DA:135,0
DA:137,0
DA:138,0
DA:140,0
DA:141,0
DA:144,0
DA:147,0
DA:148,0
DA:152,0
DA:158,0
DA:159,0
DA:167,0
DA:168,0
DA:169,0
DA:172,0
DA:173,0
DA:174,0
DA:175,0
DA:179,0
DA:180,0
DA:181,0
DA:182,0
DA:186,0
DA:187,0
DA:188,0
DA:189,0
DA:193,0
DA:201,0
DA:202,0
DA:205,0
DA:209,0
DA:216,0
DA:230,0
DA:231,0
DA:239,0
DA:243,0
DA:244,0
DA:246,0
DA:247,0
DA:248,0
DA:252,0
DA:253,0
DA:254,0
DA:255,0
DA:259,0
DA:260,0
DA:261,0
DA:262,0
DA:266,0
DA:273,0
DA:277,0
DA:278,0
DA:286,0
DA:290,0
DA:291,0
DA:292,0
DA:293,0
DA:297,0
DA:298,0
DA:299,0
DA:300,0
DA:303,0
DA:316,0
DA:317,0
DA:325,0
DA:326,0
DA:329,0
DA:331,0
DA:332,0
LF:122
LH:0
BRDA:32,0,0,0
BRDA:39,1,0,0
BRDA:44,2,0,0
BRDA:44,3,0,0
BRDA:44,3,1,0
BRDA:44,3,2,0
BRDA:50,4,0,0
BRDA:50,4,1,0
BRDA:51,5,0,0
BRDA:55,6,0,0
BRDA:55,7,0,0
BRDA:55,7,1,0
BRDA:61,8,0,0
BRDA:61,8,1,0
BRDA:61,9,0,0
BRDA:61,9,1,0
BRDA:63,10,0,0
BRDA:63,10,1,0
BRDA:63,11,0,0
BRDA:63,11,1,0
BRDA:68,12,0,0
BRDA:69,13,0,0
BRDA:73,14,0,0
BRDA:82,15,0,0
BRDA:93,16,0,0
BRDA:93,16,1,0
BRDA:94,17,0,0
BRDA:94,17,1,0
BRDA:134,18,0,0
BRDA:134,19,0,0
BRDA:134,19,1,0
BRDA:137,20,0,0
BRDA:137,21,0,0
BRDA:137,21,1,0
BRDA:140,22,0,0
BRDA:140,23,0,0
BRDA:140,23,1,0
BRDA:173,24,0,0
BRDA:180,25,0,0
BRDA:187,26,0,0
BRDA:201,27,0,0
BRDA:246,28,0,0
BRDA:253,29,0,0
BRDA:260,30,0,0
BRDA:291,31,0,0
BRDA:298,32,0,0
BRF:46
BRH:0
end_of_record
TN:
SF:src/controllers/authController.ts
FN:35,(anonymous_1)
FN:39,(anonymous_2)
FN:51,(anonymous_3)
FN:60,(anonymous_4)
FN:87,(anonymous_5)
FN:92,(anonymous_6)
FN:133,(anonymous_7)
FN:215,(anonymous_8)
FN:272,(anonymous_9)
FN:293,(anonymous_10)
FN:329,(anonymous_11)
FNF:11
FNH:0
FNDA:0,(anonymous_1)
FNDA:0,(anonymous_2)
FNDA:0,(anonymous_3)
FNDA:0,(anonymous_4)
FNDA:0,(anonymous_5)
FNDA:0,(anonymous_6)
FNDA:0,(anonymous_7)
FNDA:0,(anonymous_8)
FNDA:0,(anonymous_9)
FNDA:0,(anonymous_10)
FNDA:0,(anonymous_11)
DA:2,0
DA:3,0
DA:4,0
DA:5,0
DA:6,0
DA:7,0
DA:8,0
DA:21,0
DA:22,0
DA:23,0
DA:24,0
DA:25,0
DA:26,0
DA:27,0
DA:29,0
DA:30,0
DA:31,0
DA:33,0
DA:35,0
DA:36,0
DA:39,0
DA:51,0
DA:52,0
DA:53,0
DA:54,0
DA:55,0
DA:57,0
DA:60,0
DA:61,0
DA:62,0
DA:63,0
DA:66,0
DA:67,0
DA:68,0
DA:71,0
DA:72,0
DA:73,0
DA:74,0
DA:75,0
DA:76,0
DA:77,0
DA:80,0
DA:83,0
DA:84,0
DA:87,0
DA:88,0
DA:89,0
DA:92,0
DA:93,0
DA:94,0
DA:96,0
DA:97,0
DA:98,0
DA:99,0
DA:102,0
DA:103,0
DA:106,0
DA:107,0
DA:108,0
DA:110,0
DA:120,0
DA:121,0
DA:122,0
DA:125,0
DA:126,0
DA:128,0
DA:129,0
DA:133,0
DA:134,0
DA:135,0
DA:137,0
DA:138,0
DA:139,0
DA:140,0
DA:141,0
DA:142,0
DA:143,0
DA:145,0
DA:146,0
DA:149,0
DA:150,0
DA:153,0
DA:154,0
DA:157,0
DA:158,0
DA:159,0
DA:162,0
DA:163,0
DA:164,0
DA:167,0
DA:168,0
DA:169,0
DA:172,0
DA:173,0
DA:174,0
DA:177,0
DA:178,0
DA:181,0
DA:182,0
DA:183,0
DA:186,0
DA:187,0
DA:189,0
DA:190,0
DA:201,0
DA:203,0
DA:204,0
DA:210,0
DA:211,0
DA:215,0
DA:216,0
DA:217,0
DA:219,0
DA:220,0
DA:221,0
DA:224,0
DA:225,0
DA:226,0
DA:229,0
DA:230,0
DA:233,0
DA:234,0
DA:235,0
DA:238,0
DA:239,0
DA:240,0
DA:245,0
DA:246,0
DA:247,0
DA:248,0
DA:249,0
DA:251,0
DA:252,0
DA:255,0
DA:256,0
DA:257,0
DA:258,0
DA:260,0
DA:261,0
DA:267,0
DA:268,0
DA:272,0
DA:273,0
DA:274,0
DA:276,0
DA:277,0
DA:278,0
DA:279,0
DA:280,0
DA:282,0
DA:283,0
DA:284,0
DA:286,0
DA:288,0
DA:289,0
DA:293,0
DA:294,0
DA:295,0
DA:296,0
DA:299,0
DA:300,0
DA:301,0
DA:304,0
DA:305,0
DA:306,0
DA:309,0
DA:317,0
DA:318,0
DA:324,0
DA:325,0
DA:329,0
DA:330,0
DA:331,0
DA:332,0
DA:333,0
DA:336,0
DA:337,0
DA:338,0
DA:341,0
DA:343,0
DA:344,0
LF:181
LH:0
BRDA:21,0,0,0
BRDA:21,0,1,0
BRDA:22,1,0,0
BRDA:22,1,1,0
BRDA:25,2,0,0
BRDA:25,2,1,0
BRDA:26,3,0,0
BRDA:26,3,1,0
BRDA:27,4,0,0
BRDA:27,4,1,0
BRDA:44,5,0,0
BRDA:44,5,1,0
BRDA:44,6,0,0
BRDA:44,6,1,0
BRDA:45,7,0,0
BRDA:45,7,1,0
BRDA:46,8,0,0
BRDA:46,8,1,0
BRDA:52,9,0,0
BRDA:52,9,1,0
BRDA:52,9,2,0
BRDA:53,10,0,0
BRDA:62,11,0,0
BRDA:66,12,0,0
BRDA:74,13,0,0
BRDA:94,14,0,0
BRDA:97,15,0,0
BRDA:97,15,1,0
BRDA:98,16,0,0
BRDA:98,17,0,0
BRDA:98,17,1,0
BRDA:102,18,0,0
BRDA:102,19,0,0
BRDA:102,19,1,0
BRDA:120,20,0,0
BRDA:135,21,0,0
BRDA:137,22,0,0
BRDA:137,22,1,0
BRDA:138,23,0,0
BRDA:138,23,1,0
BRDA:145,24,0,0
BRDA:145,25,0,0
BRDA:145,25,1,0
BRDA:145,25,2,0
BRDA:149,26,0,0
BRDA:153,27,0,0
BRDA:158,28,0,0
BRDA:163,29,0,0
BRDA:163,30,0,0
BRDA:163,30,1,0
BRDA:168,31,0,0
BRDA:173,32,0,0
BRDA:177,33,0,0
BRDA:177,34,0,0
BRDA:177,34,1,0
BRDA:177,34,2,0
BRDA:181,35,0,0
BRDA:181,35,1,0
BRDA:182,36,0,0
BRDA:182,37,0,0
BRDA:182,37,1,0
BRDA:182,37,2,0
BRDA:186,38,0,0
BRDA:186,38,1,0
BRDA:187,39,0,0
BRDA:187,39,1,0
BRDA:195,40,0,0
BRDA:195,40,1,0
BRDA:196,41,0,0
BRDA:196,41,1,0
BRDA:217,42,0,0
BRDA:220,43,0,0
BRDA:220,44,0,0
BRDA:220,44,1,0
BRDA:225,45,0,0
BRDA:225,46,0,0
BRDA:225,46,1,0
BRDA:229,47,0,0
BRDA:234,48,0,0
BRDA:238,49,0,0
BRDA:238,50,0,0
BRDA:238,50,1,0
BRDA:246,51,0,0
BRDA:247,52,0,0
BRDA:247,52,1,0
BRDA:248,53,0,0
BRDA:274,54,0,0
BRDA:278,55,0,0
BRDA:278,55,1,0
BRDA:279,56,0,0
BRDA:279,57,0,0
BRDA:279,57,1,0
BRDA:283,58,0,0
BRDA:295,59,0,0
BRDA:295,60,0,0
BRDA:295,60,1,0
BRDA:300,61,0,0
BRDA:300,62,0,0
BRDA:300,62,1,0
BRDA:305,63,0,0
BRDA:305,64,0,0
BRDA:305,64,1,0
BRDA:332,65,0,0
BRDA:337,66,0,0
BRF:104
BRH:0
end_of_record
TN:
SF:src/controllers/business.controller.ts
FN:11,(anonymous_1)
FN:62,(anonymous_2)
FN:110,(anonymous_3)
FN:136,(anonymous_4)
FN:164,(anonymous_5)
FN:183,(anonymous_6)
FN:221,(anonymous_7)
FN:252,(anonymous_8)
FNF:8
FNH:0
FNDA:0,(anonymous_1)
FNDA:0,(anonymous_2)
FNDA:0,(anonymous_3)
FNDA:0,(anonymous_4)
FNDA:0,(anonymous_5)
FNDA:0,(anonymous_6)
FNDA:0,(anonymous_7)
FNDA:0,(anonymous_8)
DA:3,0
DA:4,0
DA:5,0
DA:11,0
DA:15,0
DA:16,0
DA:18,0
DA:19,0
DA:20,0
DA:21,0
DA:24,0
DA:25,0
DA:26,0
DA:30,0
DA:31,0
DA:32,0
DA:33,0
DA:36,0
DA:49,0
DA:51,0
DA:53,0
DA:54,0
DA:62,0
DA:66,0
DA:67,0
DA:68,0
DA:69,0
DA:71,0
DA:73,0
DA:74,0
DA:77,0
DA:78,0
DA:81,0
DA:82,0
DA:85,0
DA:86,0
DA:92,0
DA:101,0
DA:102,0
DA:110,0
DA:114,0
DA:115,0
DA:117,0
DA:120,0
DA:121,0
DA:122,0
DA:125,0
DA:127,0
DA:128,0
DA:136,0
DA:140,0
DA:141,0
DA:143,0
DA:144,0
DA:145,0
DA:146,0
DA:149,0
DA:150,0
DA:151,0
DA:152,0
DA:156,0
DA:157,0
DA:158,0
DA:161,0
DA:162,0
DA:164,0
DA:165,0
DA:166,0
DA:170,0
DA:172,0
DA:174,0
DA:175,0
DA:183,0
DA:187,0
DA:188,0
DA:190,0
DA:191,0
DA:192,0
DA:193,0
DA:196,0
DA:197,0
DA:198,0
DA:199,0
DA:203,0
DA:204,0
DA:205,0
DA:208,0
DA:210,0
DA:212,0
DA:213,0
DA:221,0
DA:225,0
DA:226,0
DA:227,0
DA:228,0
DA:229,0
DA:232,0
DA:234,0
DA:243,0
DA:244,0
DA:252,0
DA:256,0
DA:257,0
DA:258,0
DA:260,0
DA:261,0
DA:262,0
DA:263,0
DA:266,0
DA:267,0
DA:268,0
DA:269,0
DA:273,0
DA:274,0
DA:275,0
DA:276,0
DA:280,0
DA:281,0
DA:282,0
DA:283,0
DA:287,0
DA:288,0
DA:289,0
DA:290,0
DA:294,0
DA:297,0
DA:298,0
DA:299,0
DA:300,0
DA:303,0
DA:305,0
DA:310,0
DA:311,0
LF:133
LH:0
BRDA:19,0,0,0
BRDA:24,1,0,0
BRDA:24,2,0,0
BRDA:24,2,1,0
BRDA:31,3,0,0
BRDA:67,4,0,0
BRDA:67,5,0,0
BRDA:73,6,0,0
BRDA:77,7,0,0
BRDA:81,8,0,0
BRDA:120,9,0,0
BRDA:144,10,0,0
BRDA:150,11,0,0
BRDA:156,12,0,0
BRDA:165,13,0,0
BRDA:191,14,0,0
BRDA:197,15,0,0
BRDA:203,16,0,0
BRDA:227,17,0,0
BRDA:227,18,0,0
BRDA:261,19,0,0
BRDA:267,20,0,0
BRDA:274,21,0,0
BRDA:274,22,0,0
BRDA:274,22,1,0
BRDA:281,23,0,0
BRDA:281,24,0,0
BRDA:281,24,1,0
BRDA:288,25,0,0
BRDA:288,26,0,0
BRDA:288,26,1,0
BRDA:294,27,0,0
BRDA:294,27,1,0
BRDA:297,28,0,0
BRDA:297,28,1,0
BRDA:297,29,0,0
BRDA:297,29,1,0
BRDA:299,30,0,0
BRDA:299,31,0,0
BRDA:299,31,1,0
BRF:40
BRH:0
end_of_record
TN:
SF:src/controllers/community.controller.ts
FN:8,(anonymous_0)
FN:48,(anonymous_1)
FN:76,(anonymous_2)
FN:102,(anonymous_3)
FN:131,(anonymous_4)
FN:154,(anonymous_5)
FN:177,(anonymous_6)
FNF:7
FNH:0
FNDA:0,(anonymous_0)
FNDA:0,(anonymous_1)
FNDA:0,(anonymous_2)
FNDA:0,(anonymous_3)
FNDA:0,(anonymous_4)
FNDA:0,(anonymous_5)
FNDA:0,(anonymous_6)
DA:8,0
DA:12,0
DA:14,0
DA:16,0
DA:17,0
DA:18,0
DA:21,0
DA:22,0
DA:23,0
DA:26,0
DA:37,0
DA:39,0
DA:40,0
DA:48,0
DA:52,0
DA:54,0
DA:56,0
DA:58,0
DA:67,0
DA:68,0
DA:76,0
DA:80,0
DA:82,0
DA:84,0
DA:91,0
DA:93,0
DA:94,0
DA:102,0
DA:106,0
DA:107,0
DA:109,0
DA:110,0
DA:111,0
DA:114,0
DA:120,0
DA:122,0
DA:123,0
DA:131,0
DA:135,0
DA:136,0
DA:138,0
DA:139,0
DA:140,0
DA:143,0
DA:145,0
DA:146,0
DA:154,0
DA:158,0
DA:159,0
DA:161,0
DA:162,0
DA:163,0
DA:166,0
DA:168,0
DA:169,0
DA:177,0
DA:181,0
DA:182,0
DA:184,0
DA:185,0
DA:186,0
DA:189,0
DA:191,0
DA:192,0
LF:64
LH:0
BRDA:16,0,0,0
BRDA:21,1,0,0
BRDA:21,2,0,0
BRDA:21,2,1,0
BRDA:32,3,0,0
BRDA:32,3,1,0
BRDA:54,4,0,0
BRDA:54,5,0,0
BRDA:109,6,0,0
BRDA:138,7,0,0
BRDA:161,8,0,0
BRDA:184,9,0,0
BRF:12
BRH:0
end_of_record
TN:
SF:src/controllers/eventController.ts
FN:7,(anonymous_1)
FN:64,(anonymous_2)
FN:83,(anonymous_3)
FN:137,(anonymous_4)
FN:157,(anonymous_5)
FN:203,(anonymous_6)
FN:233,(anonymous_7)
FN:273,(anonymous_8)
FN:288,(anonymous_9)
FN:309,(anonymous_10)
FN:329,(anonymous_11)
FN:369,(anonymous_12)
FN:407,(anonymous_13)
FNF:13
FNH:0
FNDA:0,(anonymous_1)
FNDA:0,(anonymous_2)
FNDA:0,(anonymous_3)
FNDA:0,(anonymous_4)
FNDA:0,(anonymous_5)
FNDA:0,(anonymous_6)
FNDA:0,(anonymous_7)
FNDA:0,(anonymous_8)
FNDA:0,(anonymous_9)
FNDA:0,(anonymous_10)
FNDA:0,(anonymous_11)
FNDA:0,(anonymous_12)
FNDA:0,(anonymous_13)
DA:2,0
DA:3,0
DA:4,0
DA:7,0
DA:8,0
DA:9,0
DA:10,0
DA:12,0
DA:13,0
DA:17,0
DA:18,0
DA:22,0
DA:23,0
DA:24,0
DA:28,0
DA:31,0
DA:32,0
DA:55,0
DA:58,0
DA:59,0
DA:65,0
DA:70,0
DA:77,0
DA:78,0
DA:83,0
DA:84,0
DA:85,0
DA:86,0
DA:87,0
DA:88,0
DA:90,0
DA:93,0
DA:94,0
DA:97,0
DA:98,0
DA:101,0
DA:102,0
DA:109,0
DA:121,0
DA:131,0
DA:132,0
DA:137,0
DA:138,0
DA:139,0
DA:141,0
DA:145,0
DA:146,0
DA:149,0
DA:151,0
DA:152,0
DA:157,0
DA:158,0
DA:159,0
DA:160,0
DA:161,0
DA:163,0
DA:164,0
DA:167,0
DA:169,0
DA:170,0
DA:174,0
DA:175,0
DA:179,0
DA:180,0
DA:181,0
DA:182,0
DA:183,0
DA:184,0
DA:185,0
DA:186,0
DA:187,0
DA:188,0
DA:190,0
DA:192,0
DA:197,0
DA:198,0
DA:203,0
DA:204,0
DA:205,0
DA:206,0
DA:208,0
DA:209,0
DA:212,0
DA:214,0
DA:215,0
DA:219,0
DA:220,0
DA:223,0
DA:225,0
DA:227,0
DA:228,0
DA:233,0
DA:234,0
DA:235,0
DA:236,0
DA:238,0
DA:239,0
DA:242,0
DA:244,0
DA:245,0
DA:249,0
DA:250,0
DA:254,0
DA:255,0
DA:258,0
DA:259,0
DA:261,0
DA:267,0
DA:268,0
DA:273,0
DA:274,0
DA:275,0
DA:276,0
DA:278,0
DA:279,0
DA:282,0
DA:284,0
DA:285,0
DA:288,0
DA:290,0
DA:291,0
DA:294,0
DA:295,0
DA:297,0
DA:303,0
DA:304,0
DA:309,0
DA:310,0
DA:311,0
DA:313,0
DA:314,0
DA:317,0
DA:321,0
DA:323,0
DA:324,0
DA:329,0
DA:330,0
DA:331,0
DA:333,0
DA:334,0
DA:338,0
DA:339,0
DA:340,0
DA:343,0
DA:345,0
DA:351,0
DA:353,0
DA:363,0
DA:364,0
DA:369,0
DA:370,0
DA:371,0
DA:372,0
DA:374,0
DA:375,0
DA:379,0
DA:380,0
DA:381,0
DA:384,0
DA:385,0
DA:386,0
DA:389,0
DA:390,0
DA:391,0
DA:392,0
DA:394,0
DA:396,0
DA:401,0
DA:402,0
DA:407,0
DA:408,0
DA:409,0
DA:410,0
DA:411,0
DA:413,0
DA:414,0
DA:418,0
DA:419,0
DA:420,0
DA:423,0
DA:424,0
DA:425,0
DA:428,0
DA:429,0
DA:430,0
DA:431,0
DA:433,0
DA:435,0
DA:440,0
DA:441,0
LF:190
LH:0
BRDA:12,0,0,0
BRDA:17,1,0,0
BRDA:17,2,0,0
BRDA:17,2,1,0
BRDA:17,2,2,0
BRDA:17,2,3,0
BRDA:17,2,4,0
BRDA:17,2,5,0
BRDA:17,2,6,0
BRDA:23,3,0,0
BRDA:31,4,0,0
BRDA:31,4,1,0
BRDA:39,5,0,0
BRDA:39,5,1,0
BRDA:44,6,0,0
BRDA:44,6,1,0
BRDA:50,7,0,0
BRDA:50,7,1,0
BRDA:51,8,0,0
BRDA:51,8,1,0
BRDA:52,9,0,0
BRDA:52,9,1,0
BRDA:58,10,0,0
BRDA:71,11,0,0
BRDA:71,11,1,0
BRDA:85,12,0,0
BRDA:85,13,0,0
BRDA:87,14,0,0
BRDA:87,14,1,0
BRDA:93,15,0,0
BRDA:97,16,0,0
BRDA:101,17,0,0
BRDA:145,18,0,0
BRDA:163,19,0,0
BRDA:169,20,0,0
BRDA:174,21,0,0
BRDA:179,22,0,0
BRDA:180,23,0,0
BRDA:181,24,0,0
BRDA:182,25,0,0
BRDA:183,26,0,0
BRDA:184,27,0,0
BRDA:185,28,0,0
BRDA:186,29,0,0
BRDA:187,30,0,0
BRDA:188,31,0,0
BRDA:208,32,0,0
BRDA:214,33,0,0
BRDA:219,34,0,0
BRDA:238,35,0,0
BRDA:244,36,0,0
BRDA:249,37,0,0
BRDA:254,38,0,0
BRDA:254,39,0,0
BRDA:254,39,1,0
BRDA:278,40,0,0
BRDA:284,41,0,0
BRDA:290,42,0,0
BRDA:313,43,0,0
BRDA:333,44,0,0
BRDA:339,45,0,0
BRDA:339,46,0,0
BRDA:339,46,1,0
BRDA:343,47,0,0
BRDA:343,48,0,0
BRDA:374,49,0,0
BRDA:380,50,0,0
BRDA:380,51,0,0
BRDA:380,51,1,0
BRDA:385,52,0,0
BRDA:413,53,0,0
BRDA:419,54,0,0
BRDA:419,55,0,0
BRDA:419,55,1,0
BRDA:424,56,0,0
BRDA:431,57,0,0
BRDA:431,57,1,0
BRF:77
BRH:0
end_of_record
TN:
SF:src/controllers/events.controller.ts
FN:11,(anonymous_1)
FN:82,(anonymous_2)
FN:131,(anonymous_3)
FN:174,(anonymous_4)
FN:203,(anonymous_5)
FN:242,(anonymous_6)
FN:281,(anonymous_7)
FN:322,(anonymous_8)
FN:342,(anonymous_9)
FNF:9
FNH:0
FNDA:0,(anonymous_1)
FNDA:0,(anonymous_2)
FNDA:0,(anonymous_3)
FNDA:0,(anonymous_4)
FNDA:0,(anonymous_5)
FNDA:0,(anonymous_6)
FNDA:0,(anonymous_7)
FNDA:0,(anonymous_8)
FNDA:0,(anonymous_9)
DA:2,0
DA:4,0
DA:5,0
DA:11,0
DA:15,0
DA:17,0
DA:19,0
DA:20,0
DA:21,0
DA:22,0
DA:26,0
DA:27,0
DA:30,0
DA:33,0
DA:34,0
DA:35,0
DA:39,0
DA:40,0
DA:41,0
DA:42,0
DA:45,0
DA:47,0
DA:64,0
DA:66,0
DA:73,0
DA:74,0
DA:82,0
DA:86,0
DA:87,0
DA:88,0
DA:89,0
DA:91,0
DA:93,0
DA:94,0
DA:97,0
DA:98,0
DA:100,0
DA:106,0
DA:107,0
DA:113,0
DA:122,0
DA:123,0
DA:131,0
DA:135,0
DA:136,0
DA:138,0
DA:141,0
DA:142,0
DA:143,0
DA:146,0
DA:147,0
DA:149,0
DA:153,0
DA:159,0
DA:160,0
DA:163,0
DA:165,0
DA:166,0
DA:174,0
DA:178,0
DA:179,0
DA:181,0
DA:182,0
DA:183,0
DA:184,0
DA:187,0
DA:188,0
DA:189,0
DA:190,0
DA:193,0
DA:194,0
DA:195,0
DA:197,0
DA:198,0
DA:199,0
DA:202,0
DA:203,0
DA:204,0
DA:205,0
DA:209,0
DA:210,0
DA:211,0
DA:212,0
DA:213,0
DA:215,0
DA:216,0
DA:219,0
DA:220,0
DA:222,0
DA:223,0
DA:224,0
DA:225,0
DA:226,0
DA:229,0
DA:231,0
DA:233,0
DA:234,0
DA:242,0
DA:246,0
DA:247,0
DA:249,0
DA:250,0
DA:251,0
DA:252,0
DA:255,0
DA:256,0
DA:257,0
DA:258,0
DA:262,0
DA:263,0
DA:264,0
DA:265,0
DA:268,0
DA:270,0
DA:272,0
DA:273,0
DA:281,0
DA:285,0
DA:286,0
DA:288,0
DA:289,0
DA:290,0
DA:291,0
DA:294,0
DA:295,0
DA:296,0
DA:297,0
DA:301,0
DA:302,0
DA:303,0
DA:304,0
DA:308,0
DA:309,0
DA:311,0
DA:313,0
DA:314,0
DA:322,0
DA:326,0
DA:327,0
DA:329,0
DA:330,0
DA:331,0
DA:332,0
DA:335,0
DA:336,0
DA:337,0
DA:338,0
DA:342,0
DA:343,0
DA:345,0
DA:347,0
DA:349,0
DA:350,0
LF:153
LH:0
BRDA:20,0,0,0
BRDA:26,1,0,0
BRDA:26,2,0,0
BRDA:26,2,1,0
BRDA:26,2,2,0
BRDA:26,2,3,0
BRDA:33,3,0,0
BRDA:40,4,0,0
BRDA:58,5,0,0
BRDA:58,5,1,0
BRDA:59,6,0,0
BRDA:59,6,1,0
BRDA:60,7,0,0
BRDA:60,7,1,0
BRDA:67,8,0,0
BRDA:67,8,1,0
BRDA:87,9,0,0
BRDA:87,10,0,0
BRDA:93,11,0,0
BRDA:97,12,0,0
BRDA:97,12,1,0
BRDA:141,13,0,0
BRDA:146,14,0,0
BRDA:146,14,1,0
BRDA:149,15,0,0
BRDA:149,15,1,0
BRDA:149,16,0,0
BRDA:149,16,1,0
BRDA:153,17,0,0
BRDA:154,18,0,0
BRDA:154,18,1,0
BRDA:154,18,2,0
BRDA:154,18,3,0
BRDA:182,19,0,0
BRDA:188,20,0,0
BRDA:194,21,0,0
BRDA:194,21,1,0
BRDA:197,22,0,0
BRDA:197,23,0,0
BRDA:197,23,1,0
BRDA:204,24,0,0
BRDA:209,25,0,0
BRDA:209,25,1,0
BRDA:209,26,0,0
BRDA:209,26,1,0
BRDA:211,27,0,0
BRDA:216,28,0,0
BRDA:216,28,1,0
BRDA:218,29,0,0
BRDA:218,29,1,0
BRDA:221,30,0,0
BRDA:221,30,1,0
BRDA:221,31,0,0
BRDA:221,31,1,0
BRDA:222,32,0,0
BRDA:250,33,0,0
BRDA:256,34,0,0
BRDA:263,35,0,0
BRDA:263,36,0,0
BRDA:263,36,1,0
BRDA:289,37,0,0
BRDA:295,38,0,0
BRDA:302,39,0,0
BRDA:330,40,0,0
BRDA:336,41,0,0
BRF:65
BRH:0
end_of_record
TN:
SF:src/controllers/forum.controller.ts
FN:11,(anonymous_1)
FN:64,(anonymous_2)
FN:108,(anonymous_3)
FN:138,(anonymous_4)
FN:166,(anonymous_5)
FN:185,(anonymous_6)
FN:223,(anonymous_7)
FN:281,(anonymous_8)
FNF:8
FNH:0
FNDA:0,(anonymous_1)
FNDA:0,(anonymous_2)
FNDA:0,(anonymous_3)
FNDA:0,(anonymous_4)
FNDA:0,(anonymous_5)
FNDA:0,(anonymous_6)
FNDA:0,(anonymous_7)
FNDA:0,(anonymous_8)
DA:3,0
DA:4,0
DA:5,0
DA:11,0
DA:15,0
DA:16,0
DA:18,0
DA:19,0
DA:20,0
DA:21,0
DA:24,0
DA:25,0
DA:26,0
DA:29,0
DA:30,0
DA:31,0
DA:35,0
DA:36,0
DA:37,0
DA:38,0
DA:41,0
DA:51,0
DA:53,0
DA:55,0
DA:56,0
DA:64,0
DA:68,0
DA:69,0
DA:70,0
DA:71,0
DA:73,0
DA:75,0
DA:76,0
DA:79,0
DA:80,0
DA:83,0
DA:84,0
DA:90,0
DA:99,0
DA:100,0
DA:108,0
DA:112,0
DA:113,0
DA:115,0
DA:118,0
DA:119,0
DA:120,0
DA:124,0
DA:125,0
DA:127,0
DA:129,0
DA:130,0
DA:138,0
DA:142,0
DA:143,0
DA:145,0
DA:146,0
DA:147,0
DA:148,0
DA:151,0
DA:152,0
DA:153,0
DA:154,0
DA:158,0
DA:159,0
DA:160,0
DA:163,0
DA:164,0
DA:166,0
DA:167,0
DA:168,0
DA:172,0
DA:174,0
DA:176,0
DA:177,0
DA:185,0
DA:189,0
DA:190,0
DA:192,0
DA:193,0
DA:194,0
DA:195,0
DA:198,0
DA:199,0
DA:200,0
DA:201,0
DA:205,0
DA:206,0
DA:207,0
DA:210,0
DA:212,0
DA:214,0
DA:215,0
DA:223,0
DA:227,0
DA:228,0
DA:229,0
DA:231,0
DA:232,0
DA:233,0
DA:234,0
DA:237,0
DA:238,0
DA:239,0
DA:243,0
DA:244,0
DA:245,0
DA:246,0
DA:250,0
DA:251,0
DA:252,0
DA:253,0
DA:256,0
DA:264,0
DA:267,0
DA:268,0
DA:270,0
DA:272,0
DA:273,0
DA:281,0
DA:285,0
DA:286,0
DA:287,0
DA:288,0
DA:289,0
DA:291,0
DA:293,0
DA:294,0
DA:300,0
DA:309,0
DA:310,0
LF:131
LH:0
BRDA:19,0,0,0
BRDA:24,1,0,0
BRDA:24,2,0,0
BRDA:24,2,1,0
BRDA:29,3,0,0
BRDA:36,4,0,0
BRDA:45,5,0,0
BRDA:45,5,1,0
BRDA:69,6,0,0
BRDA:69,7,0,0
BRDA:75,8,0,0
BRDA:79,9,0,0
BRDA:118,10,0,0
BRDA:124,11,0,0
BRDA:124,11,1,0
BRDA:146,12,0,0
BRDA:152,13,0,0
BRDA:158,14,0,0
BRDA:167,15,0,0
BRDA:193,16,0,0
BRDA:199,17,0,0
BRDA:205,18,0,0
BRDA:232,19,0,0
BRDA:237,20,0,0
BRDA:244,21,0,0
BRDA:251,22,0,0
BRDA:267,23,0,0
BRDA:267,23,1,0
BRDA:287,24,0,0
BRDA:287,25,0,0
BRF:30
BRH:0
end_of_record
TN:
SF:src/controllers/marketplace.controller.ts
FN:13,(anonymous_1)
FN:65,(anonymous_2)
FN:87,(anonymous_3)
FN:140,(anonymous_4)
FN:185,(anonymous_5)
FN:215,(anonymous_6)
FN:261,(anonymous_7)
FN:302,(anonymous_8)
FN:326,(anonymous_9)
FN:330,(anonymous_10)
FN:349,(anonymous_11)
FNF:11
FNH:1
FNDA:0,(anonymous_1)
FNDA:0,(anonymous_2)
FNDA:0,(anonymous_3)
FNDA:0,(anonymous_4)
FNDA:0,(anonymous_5)
FNDA:0,(anonymous_6)
FNDA:0,(anonymous_7)
FNDA:0,(anonymous_8)
FNDA:0,(anonymous_9)
FNDA:0,(anonymous_10)
FNDA:1,(anonymous_11)
DA:2,1
DA:4,1
DA:5,1
DA:6,1
DA:7,1
DA:13,1
DA:17,0
DA:18,0
DA:20,0
DA:21,0
DA:22,0
DA:23,0
DA:26,0
DA:27,0
DA:28,0
DA:32,0
DA:33,0
DA:34,0
DA:35,0
DA:38,0
DA:39,0
DA:56,0
DA:59,0
DA:60,0
DA:66,0
DA:71,0
DA:78,0
DA:79,0
DA:87,1
DA:91,0
DA:92,0
DA:93,0
DA:94,0
DA:96,0
DA:98,0
DA:99,0
DA:102,0
DA:103,0
DA:106,0
DA:107,0
DA:109,0
DA:115,0
DA:116,0
DA:122,0
DA:131,0
DA:132,0
DA:140,1
DA:144,0
DA:145,0
DA:147,0
DA:153,0
DA:154,0
DA:155,0
DA:158,0
DA:159,0
DA:160,0
DA:164,0
DA:170,0
DA:171,0
DA:174,0
DA:176,0
DA:177,0
DA:185,1
DA:189,0
DA:190,0
DA:192,0
DA:193,0
DA:194,0
DA:195,0
DA:198,0
DA:202,0
DA:203,0
DA:204,0
DA:206,0
DA:207,0
DA:209,0
DA:210,0
DA:211,0
DA:214,0
DA:215,0
DA:216,0
DA:217,0
DA:221,0
DA:222,0
DA:223,0
DA:224,0
DA:225,0
DA:227,0
DA:228,0
DA:231,0
DA:232,0
DA:234,0
DA:235,0
DA:237,0
DA:238,0
DA:240,0
DA:241,0
DA:242,0
DA:243,0
DA:244,0
DA:245,0
DA:248,0
DA:250,0
DA:252,0
DA:253,0
DA:261,1
DA:265,0
DA:266,0
DA:268,0
DA:269,0
DA:270,0
DA:271,0
DA:274,0
DA:278,0
DA:279,0
DA:280,0
DA:283,0
DA:284,0
DA:285,0
DA:286,0
DA:289,0
DA:291,0
DA:293,0
DA:294,0
DA:302,1
DA:306,0
DA:307,0
DA:309,0
DA:310,0
DA:311,0
DA:312,0
DA:315,0
DA:316,0
DA:317,0
DA:318,0
DA:321,0
DA:322,0
DA:323,0
DA:326,0
DA:328,0
DA:330,0
DA:331,0
DA:332,0
DA:335,0
DA:336,0
DA:337,0
DA:340,0
DA:341,0
DA:349,1
DA:353,1
DA:354,1
DA:355,1
DA:356,0
DA:357,0
DA:360,1
DA:361,1
DA:362,0
DA:363,0
DA:367,1
DA:369,1
DA:374,0
DA:375,0
LF:162
LH:19
BRDA:21,0,0,0
BRDA:26,1,0,0
BRDA:26,2,0,0
BRDA:26,2,1,0
BRDA:26,2,2,0
BRDA:33,3,0,0
BRDA:48,4,0,0
BRDA:48,4,1,0
BRDA:49,5,0,0
BRDA:49,5,1,0
BRDA:50,6,0,0
BRDA:50,6,1,0
BRDA:51,7,0,0
BRDA:51,7,1,0
BRDA:52,8,0,0
BRDA:52,8,1,0
BRDA:59,9,0,0
BRDA:72,10,0,0
BRDA:72,10,1,0
BRDA:92,11,0,0
BRDA:92,12,0,0
BRDA:92,13,0,0
BRDA:96,14,0,0
BRDA:96,14,1,0
BRDA:98,15,0,0
BRDA:102,16,0,0
BRDA:106,17,0,0
BRDA:106,17,1,0
BRDA:153,18,0,0
BRDA:158,19,0,0
BRDA:158,19,1,0
BRDA:160,20,0,0
BRDA:160,20,1,0
BRDA:160,21,0,0
BRDA:160,21,1,0
BRDA:164,22,0,0
BRDA:165,23,0,0
BRDA:165,23,1,0
BRDA:165,23,2,0
BRDA:165,23,3,0
BRDA:193,24,0,0
BRDA:202,25,0,0
BRDA:209,26,0,0
BRDA:209,27,0,0
BRDA:209,27,1,0
BRDA:216,28,0,0
BRDA:221,29,0,0
BRDA:221,29,1,0
BRDA:221,30,0,0
BRDA:221,30,1,0
BRDA:223,31,0,0
BRDA:228,32,0,0
BRDA:228,32,1,0
BRDA:230,33,0,0
BRDA:230,33,1,0
BRDA:233,34,0,0
BRDA:233,34,1,0
BRDA:233,35,0,0
BRDA:233,35,1,0
BRDA:234,36,0,0
BRDA:234,37,0,0
BRDA:234,37,1,0
BRDA:237,38,0,0
BRDA:240,39,0,0
BRDA:269,40,0,0
BRDA:278,41,0,0
BRDA:284,42,0,0
BRDA:284,43,0,0
BRDA:284,43,1,0
BRDA:310,44,0,0
BRDA:316,45,0,0
BRDA:321,46,0,0
BRDA:321,47,0,0
BRDA:321,47,1,0
BRDA:328,48,0,0
BRDA:328,48,1,0
BRDA:354,49,0,1
BRDA:354,49,1,0
BRDA:355,50,0,0
BRDA:361,51,0,0
BRDA:361,52,0,1
BRDA:361,52,1,1
BRDA:375,53,0,0
BRDA:375,53,1,0
BRF:84
BRH:3
end_of_record
TN:
SF:src/controllers/mentorship.controller.ts
FN:8,(anonymous_0)
FN:42,(anonymous_1)
FN:70,(anonymous_2)
FN:96,(anonymous_3)
FN:125,(anonymous_4)
FNF:5
FNH:0
FNDA:0,(anonymous_0)
FNDA:0,(anonymous_1)
FNDA:0,(anonymous_2)
FNDA:0,(anonymous_3)
FNDA:0,(anonymous_4)
DA:8,0
DA:12,0
DA:14,0
DA:16,0
DA:17,0
DA:18,0
DA:21,0
DA:31,0
DA:33,0
DA:34,0
DA:42,0
DA:46,0
DA:48,0
DA:50,0
DA:52,0
DA:61,0
DA:62,0
DA:70,0
DA:74,0
DA:76,0
DA:78,0
DA:85,0
DA:87,0
DA:88,0
DA:96,0
DA:100,0
DA:101,0
DA:103,0
DA:104,0
DA:105,0
DA:108,0
DA:114,0
DA:116,0
DA:117,0
DA:125,0
DA:129,0
DA:130,0
DA:132,0
DA:133,0
DA:134,0
DA:137,0
DA:139,0
DA:140,0
LF:43
LH:0
BRDA:16,0,0,0
BRDA:16,1,0,0
BRDA:16,1,1,0
BRDA:16,1,2,0
BRDA:48,2,0,0
BRDA:48,3,0,0
BRDA:103,4,0,0
BRDA:132,5,0,0
BRF:8
BRH:0
end_of_record
TN:
SF:src/controllers/messageController.ts
FN:10,(anonymous_1)
FN:19,(anonymous_2)
FN:87,(anonymous_3)
FN:92,(anonymous_4)
FN:168,(anonymous_5)
FN:240,(anonymous_6)
FN:259,(anonymous_7)
FN:401,(anonymous_8)
FN:413,(anonymous_9)
FN:446,(anonymous_10)
FN:491,(anonymous_11)
FN:514,(anonymous_12)
FN:536,(anonymous_13)
FN:540,(anonymous_14)
FN:566,(anonymous_15)
FNF:15
FNH:0
FNDA:0,(anonymous_1)
FNDA:0,(anonymous_2)
FNDA:0,(anonymous_3)
FNDA:0,(anonymous_4)
FNDA:0,(anonymous_5)
FNDA:0,(anonymous_6)
FNDA:0,(anonymous_7)
FNDA:0,(anonymous_8)
FNDA:0,(anonymous_9)
FNDA:0,(anonymous_10)
FNDA:0,(anonymous_11)
FNDA:0,(anonymous_12)
FNDA:0,(anonymous_13)
FNDA:0,(anonymous_14)
FNDA:0,(anonymous_15)
DA:2,0
DA:5,0
DA:6,0
DA:7,0
DA:8,0
DA:10,0
DA:11,0
DA:12,0
DA:19,0
DA:23,0
DA:24,0
DA:25,0
DA:27,0
DA:28,0
DA:29,0
DA:32,0
DA:33,0
DA:34,0
DA:37,0
DA:38,0
DA:39,0
DA:42,0
DA:43,0
DA:44,0
DA:47,0
DA:48,0
DA:49,0
DA:53,0
DA:58,0
DA:59,0
DA:60,0
DA:63,0
DA:64,0
DA:65,0
DA:68,0
DA:69,0
DA:70,0
DA:74,0
DA:85,0
DA:87,0
DA:88,0
DA:89,0
DA:92,0
DA:93,0
DA:96,0
DA:98,0
DA:99,0
DA:102,0
DA:103,0
DA:113,0
DA:123,0
DA:128,0
DA:129,0
DA:130,0
DA:141,0
DA:142,0
DA:152,0
DA:154,0
DA:159,0
DA:160,0
DA:168,0
DA:172,0
DA:173,0
DA:174,0
DA:175,0
DA:177,0
DA:178,0
DA:179,0
DA:182,0
DA:183,0
DA:184,0
DA:187,0
DA:188,0
DA:191,0
DA:202,0
DA:210,0
DA:221,0
DA:231,0
DA:232,0
DA:240,0
DA:244,0
DA:245,0
DA:247,0
DA:248,0
DA:249,0
DA:252,0
DA:253,0
DA:254,0
DA:257,0
DA:259,0
DA:275,0
DA:325,0
DA:382,0
DA:384,0
DA:385,0
DA:387,0
DA:390,0
DA:391,0
DA:392,0
DA:394,0
DA:395,0
DA:396,0
DA:400,0
DA:401,0
DA:404,0
DA:405,0
DA:413,0
DA:417,0
DA:418,0
DA:420,0
DA:421,0
DA:422,0
DA:425,0
DA:426,0
DA:427,0
DA:430,0
DA:435,0
DA:437,0
DA:438,0
DA:446,0
DA:450,0
DA:451,0
DA:452,0
DA:454,0
DA:455,0
DA:456,0
DA:459,0
DA:460,0
DA:461,0
DA:464,0
DA:466,0
DA:467,0
DA:468,0
DA:471,0
DA:472,0
DA:473,0
DA:476,0
DA:477,0
DA:478,0
DA:480,0
DA:482,0
DA:483,0
DA:491,0
DA:495,0
DA:496,0
DA:498,0
DA:499,0
DA:500,0
DA:503,0
DA:504,0
DA:505,0
DA:508,0
DA:509,0
DA:510,0
DA:511,0
DA:514,0
DA:517,0
DA:528,0
DA:537,0
DA:540,0
DA:552,0
DA:557,0
DA:558,0
DA:566,0
DA:570,0
DA:571,0
DA:572,0
DA:574,0
DA:575,0
DA:576,0
DA:579,0
DA:580,0
DA:581,0
DA:585,0
DA:586,0
DA:587,0
DA:588,0
DA:592,0
DA:593,0
DA:594,0
DA:595,0
DA:599,0
DA:609,0
DA:614,0
DA:615,0
LF:185
LH:0
BRDA:11,0,0,0
BRDA:27,1,0,0
BRDA:32,2,0,0
BRDA:32,3,0,0
BRDA:32,3,1,0
BRDA:37,4,0,0
BRDA:42,5,0,0
BRDA:42,6,0,0
BRDA:42,6,1,0
BRDA:47,7,0,0
BRDA:58,8,0,0
BRDA:63,9,0,0
BRDA:68,10,0,0
BRDA:79,11,0,0
BRDA:79,11,1,0
BRDA:80,12,0,0
BRDA:80,12,1,0
BRDA:88,13,0,0
BRDA:98,14,0,0
BRDA:102,15,0,0
BRDA:104,16,0,0
BRDA:104,16,1,0
BRDA:106,17,0,0
BRDA:106,17,1,0
BRDA:108,18,0,0
BRDA:108,18,1,0
BRDA:118,19,0,0
BRDA:118,19,1,0
BRDA:119,20,0,0
BRDA:119,20,1,0
BRDA:120,21,0,0
BRDA:120,21,1,0
BRDA:129,22,0,0
BRDA:135,23,0,0
BRDA:135,23,1,0
BRDA:137,24,0,0
BRDA:137,24,1,0
BRDA:147,25,0,0
BRDA:147,25,1,0
BRDA:148,26,0,0
BRDA:148,26,1,0
BRDA:174,27,0,0
BRDA:174,28,0,0
BRDA:177,29,0,0
BRDA:182,30,0,0
BRDA:187,31,0,0
BRDA:187,31,1,0
BRDA:188,32,0,0
BRDA:188,32,1,0
BRDA:247,33,0,0
BRDA:252,34,0,0
BRDA:259,35,0,0
BRDA:261,36,0,0
BRDA:261,36,1,0
BRDA:261,37,0,0
BRDA:261,37,1,0
BRDA:267,38,0,0
BRDA:267,38,1,0
BRDA:268,39,0,0
BRDA:268,39,1,0
BRDA:270,40,0,0
BRDA:270,40,1,0
BRDA:270,41,0,0
BRDA:270,41,1,0
BRDA:270,41,2,0
BRDA:390,42,0,0
BRDA:420,43,0,0
BRDA:425,44,0,0
BRDA:454,45,0,0
BRDA:459,46,0,0
BRDA:466,47,0,0
BRDA:471,48,0,0
BRDA:498,49,0,0
BRDA:503,50,0,0
BRDA:509,51,0,0
BRDA:574,52,0,0
BRDA:579,53,0,0
BRDA:579,54,0,0
BRDA:579,54,1,0
BRDA:586,55,0,0
BRDA:593,56,0,0
BRF:81
BRH:0
end_of_record
TN:
SF:src/middleware/auth.ts
FN:16,(anonymous_1)
FN:35,(anonymous_2)
FN:50,(anonymous_3)
FN:65,(anonymous_4)
FN:82,(anonymous_5)
FN:93,(anonymous_6)
FNF:6
FNH:0
FNDA:0,(anonymous_1)
FNDA:0,(anonymous_2)
FNDA:0,(anonymous_3)
FNDA:0,(anonymous_4)
FNDA:0,(anonymous_5)
FNDA:0,(anonymous_6)
DA:2,0
DA:16,0
DA:17,0
DA:18,0
DA:21,0
DA:22,0
DA:23,0
DA:35,0
DA:40,0
DA:41,0
DA:43,0
DA:44,0
DA:45,0
DA:48,0
DA:50,0
DA:51,0
DA:52,0
DA:53,0
DA:56,0
DA:57,0
DA:65,0
DA:70,0
DA:71,0
DA:72,0
DA:75,0
DA:82,0
DA:87,0
DA:88,0
DA:90,0
DA:91,0
DA:93,0
DA:94,0
DA:95,0
DA:100,0
LF:34
LH:0
BRDA:17,0,0,0
BRDA:17,1,0,0
BRDA:17,1,1,0
BRDA:21,2,0,0
BRDA:21,2,1,0
BRDA:21,2,2,0
BRDA:27,3,0,0
BRDA:27,3,1,0
BRDA:41,4,0,0
BRDA:41,4,1,0
BRDA:43,5,0,0
BRDA:48,6,0,0
BRDA:48,6,1,0
BRDA:51,7,0,0
BRDA:70,8,0,0
BRDA:88,9,0,0
BRDA:88,9,1,0
BRDA:90,10,0,0
BRDA:91,11,0,0
BRDA:91,11,1,0
BRDA:94,12,0,0
BRF:21
BRH:0
end_of_record
TN:
SF:src/middleware/authMiddleware.ts
FN:13,(anonymous_1)
FN:35,(anonymous_2)
FN:51,(anonymous_3)
FNF:3
FNH:0
FNDA:0,(anonymous_1)
FNDA:0,(anonymous_2)
FNDA:0,(anonymous_3)
DA:2,0
DA:3,0
DA:5,0
DA:13,0
DA:14,0
DA:15,0
DA:17,0
DA:18,0
DA:21,0
DA:22,0
DA:23,0
DA:25,0
DA:26,0
DA:28,0
DA:29,0
DA:31,0
DA:35,0
DA:36,0
DA:37,0
DA:39,0
DA:40,0
DA:41,0
DA:44,0
DA:47,0
DA:51,0
DA:52,0
DA:53,0
DA:54,0
DA:55,0
DA:58,0
DA:59,0
DA:60,0
DA:63,0
DA:64,0
DA:65,0
DA:67,0
DA:68,0
LF:37
LH:0
BRDA:5,0,0,0
BRDA:5,0,1,0
BRDA:17,1,0,0
BRDA:25,2,0,0
BRDA:28,3,0,0
BRDA:39,4,0,0
BRDA:54,5,0,0
BRDA:59,6,0,0
BRDA:59,7,0,0
BRDA:59,7,1,0
BRF:10
BRH:0
end_of_record
TN:
SF:src/middleware/securityHeaders.ts
FN:14,(anonymous_0)
FNF:1
FNH:0
FNDA:0,(anonymous_0)
DA:3,0
DA:5,0
DA:14,0
DA:15,0
DA:16,0
DA:17,0
DA:18,0
DA:19,0
DA:20,0
DA:21,0
DA:24,0
DA:25,0
DA:26,0
DA:28,0
DA:29,0
DA:32,0
LF:16
LH:0
BRDA:3,0,0,0
BRDA:3,0,1,0
BRDA:21,1,0,0
BRDA:21,1,1,0
BRDA:21,2,0,0
BRDA:21,2,1,0
BRDA:28,3,0,0
BRF:7
BRH:0
end_of_record
TN:
SF:src/middleware/uploadMiddleware.ts
FN:8,(anonymous_1)
FNF:1
FNH:0
FNDA:0,(anonymous_1)
DA:1,0
DA:5,0
DA:8,0
DA:13,0
DA:14,0
DA:17,0
DA:18,0
DA:22,0
DA:23,0
DA:24,0
DA:27,0
DA:31,0
DA:41,0
DA:44,0
DA:46,0
LF:15
LH:0
BRDA:17,0,0,0
BRDA:23,1,0,0
BRF:2
BRH:0
end_of_record
TN:
SF:src/models/Business.ts
FNF:0
FNH:0
DA:1,0
DA:22,0
DA:113,0
DA:115,0
DA:117,0
LF:5
LH:0
BRF:0
BRH:0
end_of_record
TN:
SF:src/models/Event.ts
FN:53,(anonymous_9)
FN:106,(anonymous_10)
FN:121,(anonymous_11)
FNF:3
FNH:0
FNDA:0,(anonymous_9)
FNDA:0,(anonymous_10)
FNDA:0,(anonymous_11)
DA:1,0
DA:31,0
DA:53,0
DA:107,0
DA:108,0
DA:109,0
DA:110,0
DA:112,0
DA:122,0
DA:123,0
DA:124,0
DA:125,0
DA:127,0
DA:160,0
DA:161,0
DA:162,0
DA:163,0
DA:164,0
DA:166,0
DA:168,0
LF:20
LH:0
BRDA:107,0,0,0
BRDA:122,1,0,0
BRF:2
BRH:0
end_of_record
TN:
SF:src/models/ForumPost.ts
FNF:0
FNH:0
DA:1,0
DA:18,0
DA:93,0
DA:95,0
DA:97,0
LF:5
LH:0
BRF:0
BRH:0
end_of_record
TN:
SF:src/models/ForumReply.ts
FNF:0
FNH:0
DA:1,0
DA:14,0
DA:55,0
DA:57,0
LF:4
LH:0
BRF:0
BRH:0
end_of_record
TN:
SF:src/models/Listing.ts
FNF:0
FNH:0
DA:1,1
DA:25,1
DA:110,1
DA:111,1
DA:112,1
DA:113,1
DA:115,1
DA:117,1
LF:8
LH:8
BRF:0
BRH:0
end_of_record
TN:
SF:src/models/Message.ts
FNF:0
FNH:0
DA:1,0
DA:19,0
DA:77,0
DA:78,0
DA:79,0
DA:80,0
DA:82,0
DA:84,0
LF:8
LH:0
BRF:0
BRH:0
end_of_record
TN:
SF:src/models/User.ts
FN:81,(anonymous_1)
FN:96,(anonymous_2)
FNF:2
FNH:0
FNDA:0,(anonymous_1)
FNDA:0,(anonymous_2)
DA:1,1
DA:2,1
DA:3,1
DA:23,1
DA:81,1
DA:82,0
DA:84,0
DA:85,0
DA:86,0
DA:88,0
DA:89,0
DA:91,0
DA:96,1
DA:97,0
DA:98,0
DA:100,0
DA:101,0
DA:103,0
DA:106,1
DA:108,1
LF:20
LH:8
BRDA:82,0,0,0
BRDA:85,1,0,0
BRDA:85,2,0,0
BRDA:85,2,1,0
BRDA:97,3,0,0
BRDA:100,4,0,0
BRF:6
BRH:0
end_of_record
TN:
SF:src/models/VerificationToken.ts
FNF:0
FNH:0
DA:1,0
DA:13,0
DA:29,0
DA:32,0
LF:4
LH:0
BRDA:29,0,0,0
BRDA:29,0,1,0
BRF:2
BRH:0
end_of_record
TN:
SF:src/routes/admin.routes.ts
FNF:0
FNH:0
DA:1,0
DA:2,0
DA:3,0
DA:19,0
DA:21,0
DA:23,0
DA:24,0
DA:25,0
DA:26,0
DA:27,0
DA:28,0
DA:29,0
DA:30,0
DA:33,0
DA:34,0
DA:35,0
DA:36,0
DA:37,0
DA:39,0
LF:19
LH:0
BRF:0
BRH:0
end_of_record
TN:
SF:src/routes/auth.routes.ts
FNF:0
FNH:0
DA:1,0
DA:2,0
DA:11,0
DA:13,0
DA:15,0
DA:16,0
DA:17,0
DA:25,0
DA:33,0
DA:34,0
DA:42,0
DA:44,0
LF:12
LH:0
BRF:0
BRH:0
end_of_record
TN:
SF:src/routes/business.routes.ts
FNF:0
FNH:0
DA:1,0
DA:2,0
DA:3,0
DA:4,0
DA:14,0
DA:17,0
DA:18,0
DA:19,0
DA:22,0
DA:23,0
DA:24,0
DA:25,0
DA:27,0
LF:13
LH:0
BRF:0
BRH:0
end_of_record
TN:
SF:src/routes/community.routes.ts
FNF:0
FNH:0
DA:1,0
DA:2,0
DA:3,0
DA:13,0
DA:16,0
DA:17,0
DA:19,0
DA:20,0
DA:21,0
DA:22,0
DA:23,0
DA:25,0
LF:12
LH:0
BRF:0
BRH:0
end_of_record
TN:
SF:src/routes/events.routes.ts
FNF:0
FNH:0
DA:1,0
DA:2,0
DA:3,0
DA:17,0
DA:25,0
DA:32,0
DA:40,0
DA:49,0
DA:58,0
DA:66,0
DA:74,0
DA:82,0
DA:90,0
DA:98,0
DA:107,0
DA:109,0
LF:16
LH:0
BRF:0
BRH:0
end_of_record
TN:
SF:src/routes/forum.routes.ts
FNF:0
FNH:0
DA:1,0
DA:2,0
DA:3,0
DA:13,0
DA:16,0
DA:17,0
DA:18,0
DA:20,0
DA:21,0
DA:22,0
DA:23,0
DA:25,0
LF:12
LH:0
BRF:0
BRH:0
end_of_record
TN:
SF:src/routes/index.ts
FN:26,(anonymous_1)
FNF:1
FNH:0
FNDA:0,(anonymous_1)
DA:1,0
DA:2,0
DA:3,0
DA:4,0
DA:5,0
DA:6,0
DA:7,0
DA:8,0
DA:9,0
DA:10,0
DA:12,0
DA:15,0
DA:16,0
DA:17,0
DA:18,0
DA:19,0
DA:20,0
DA:21,0
DA:22,0
DA:23,0
DA:26,0
DA:27,0
DA:30,0
LF:23
LH:0
BRF:0
BRH:0
end_of_record
TN:
SF:src/routes/marketplace.routes.ts
FNF:0
FNH:0
DA:1,0
DA:2,0
DA:3,0
DA:4,0
DA:14,0
DA:17,0
DA:18,0
DA:21,0
DA:22,0
DA:23,0
DA:24,0
DA:27,0
DA:29,0
LF:13
LH:0
BRF:0
BRH:0
end_of_record
TN:
SF:src/routes/mentorship.routes.ts
FNF:0
FNH:0
DA:1,0
DA:2,0
DA:3,0
DA:11,0
DA:14,0
DA:15,0
DA:17,0
DA:18,0
DA:19,0
DA:21,0
LF:10
LH:0
BRF:0
BRH:0
end_of_record
TN:
SF:src/routes/message.routes.ts
FNF:0
FNH:0
DA:1,0
DA:2,0
DA:3,0
DA:13,0
DA:16,0
DA:19,0
DA:20,0
DA:23,0
DA:26,0
DA:29,0
DA:32,0
DA:35,0
DA:37,0
LF:13
LH:0
BRF:0
BRH:0
end_of_record
TN:
SF:src/services/adminAccount.ts
FN:11,(anonymous_1)
FNF:1
FNH:1
FNDA:2,(anonymous_1)
DA:1,2
DA:11,2
DA:18,2
DA:20,2
DA:21,1
DA:31,1
DA:33,1
DA:34,1
DA:35,1
DA:38,1
DA:39,1
DA:40,1
DA:43,1
DA:44,1
DA:45,1
DA:48,1
DA:49,1
DA:50,1
DA:53,1
DA:54,1
DA:55,1
DA:56,1
DA:59,1
DA:60,1
DA:63,1
DA:66,2
LF:26
LH:26
BRDA:20,0,0,1
BRDA:33,1,0,1
BRDA:38,2,0,1
BRDA:43,3,0,1
BRDA:43,4,0,1
BRDA:43,4,1,1
BRDA:48,5,0,1
BRDA:48,6,0,1
BRDA:48,6,1,1
BRDA:54,7,0,1
BRDA:59,8,0,1
BRF:11
BRH:11
end_of_record
TN:
SF:src/services/emailService.ts
FN:35,(anonymous_1)
FN:43,(anonymous_2)
FN:49,(anonymous_3)
FN:63,(anonymous_4)
FN:92,(anonymous_5)
FN:189,(anonymous_6)
FN:254,(anonymous_7)
FN:306,(anonymous_8)
FN:358,(anonymous_9)
FN:407,(anonymous_10)
FNF:10
FNH:0
FNDA:0,(anonymous_1)
FNDA:0,(anonymous_2)
FNDA:0,(anonymous_3)
FNDA:0,(anonymous_4)
FNDA:0,(anonymous_5)
FNDA:0,(anonymous_6)
FNDA:0,(anonymous_7)
FNDA:0,(anonymous_8)
FNDA:0,(anonymous_9)
FNDA:0,(anonymous_10)
DA:1,1
DA:3,1
DA:4,1
DA:5,1
DA:7,1
DA:11,1
DA:12,0
DA:14,1
DA:35,1
DA:36,0
DA:43,1
DA:44,0
DA:45,0
DA:46,0
DA:49,1
DA:50,0
DA:51,0
DA:53,0
DA:63,1
DA:64,0
DA:65,0
DA:66,0
DA:69,0
DA:70,0
DA:80,0
DA:81,0
DA:83,0
DA:84,0
DA:85,0
DA:92,1
DA:95,0
DA:96,0
DA:99,0
DA:100,0
DA:102,0
DA:106,0
DA:133,0
DA:179,0
DA:189,1
DA:193,0
DA:244,0
DA:254,1
DA:260,0
DA:296,0
DA:306,1
DA:312,0
DA:348,0
DA:358,1
DA:364,0
DA:400,0
DA:407,1
DA:412,0
DA:417,0
DA:419,0
DA:443,0
DA:450,1
LF:56
LH:18
BRDA:4,0,0,1
BRDA:4,0,1,1
BRDA:5,1,0,1
BRDA:5,1,1,1
BRDA:7,2,0,1
BRDA:7,2,1,1
BRDA:7,2,2,1
BRDA:11,3,0,0
BRDA:11,3,1,1
BRDA:44,4,0,0
BRDA:50,5,0,0
BRDA:64,6,0,0
BRDA:73,7,0,0
BRDA:73,7,1,0
BRDA:83,8,0,0
BRDA:83,8,1,0
BRDA:84,9,0,0
BRDA:84,9,1,0
BRDA:84,9,2,0
BRDA:95,10,0,0
BRDA:102,11,0,0
BRDA:102,11,1,0
BRDA:106,12,0,0
BRDA:106,12,1,0
BRDA:106,13,0,0
BRDA:106,13,1,0
BRDA:106,13,2,0
BRDA:111,14,0,0
BRDA:111,14,1,0
BRDA:118,15,0,0
BRDA:118,15,1,0
BRDA:123,16,0,0
BRDA:123,16,1,0
BRDA:154,17,0,0
BRDA:154,17,1,0
BRDA:410,18,0,0
BRDA:417,19,0,0
BRDA:417,19,1,0
BRF:38
BRH:8
end_of_record
TN:
SF:src/services/s3Service.ts
FN:19,(anonymous_1)
FN:49,(anonymous_2)
FN:91,(anonymous_3)
FN:110,(anonymous_4)
FN:132,(anonymous_5)
FNF:5
FNH:0
FNDA:0,(anonymous_1)
FNDA:0,(anonymous_2)
FNDA:0,(anonymous_3)
FNDA:0,(anonymous_4)
FNDA:0,(anonymous_5)
DA:1,0
DA:2,0
DA:3,0
DA:20,0
DA:21,0
DA:24,0
DA:32,0
DA:34,0
DA:35,0
DA:38,0
DA:55,0
DA:57,0
DA:58,0
DA:59,0
DA:60,0
DA:61,0
DA:62,0
DA:65,0
DA:73,0
DA:76,0
DA:80,0
DA:82,0
DA:83,0
DA:92,0
DA:93,0
DA:98,0
DA:100,0
DA:101,0
DA:111,0
DA:112,0
DA:117,0
DA:118,0
DA:120,0
DA:121,0
DA:139,0
DA:140,0
DA:141,0
DA:148,0
DA:149,0
DA:150,0
DA:151,0
DA:157,0
DA:161,0
LF:43
LH:0
BRDA:25,0,0,0
BRDA:25,0,1,0
BRDA:32,1,0,0
BRDA:53,2,0,0
BRDA:76,3,0,0
BRDA:76,3,1,0
BRDA:78,4,0,0
BRDA:78,4,1,0
BRDA:110,5,0,0
BRDA:135,6,0,0
BRDA:136,7,0,0
BRDA:140,8,0,0
BRDA:150,9,0,0
BRF:13
BRH:0
end_of_record
TN:
SF:src/services/storageService.ts
FN:40,(anonymous_1)
FN:53,(anonymous_2)
FN:54,(anonymous_3)
FN:56,(anonymous_4)
FN:82,(anonymous_5)
FN:108,(anonymous_6)
FN:164,(anonymous_7)
FN:171,(anonymous_8)
FN:183,(anonymous_9)
FN:228,(anonymous_10)
FN:266,(anonymous_11)
FN:271,(anonymous_12)
FN:284,(anonymous_13)
FN:288,(anonymous_14)
FN:300,(anonymous_15)
FN:321,(anonymous_16)
FN:323,(anonymous_17)
FNF:17
FNH:7
FNDA:3,(anonymous_1)
FNDA:2,(anonymous_2)
FNDA:2,(anonymous_3)
FNDA:1,(anonymous_4)
FNDA:0,(anonymous_5)
FNDA:2,(anonymous_6)
FNDA:2,(anonymous_7)
FNDA:0,(anonymous_8)
FNDA:2,(anonymous_9)
FNDA:0,(anonymous_10)
FNDA:0,(anonymous_11)
FNDA:0,(anonymous_12)
FNDA:0,(anonymous_13)
FNDA:0,(anonymous_14)
FNDA:0,(anonymous_15)
FNDA:0,(anonymous_16)
FNDA:0,(anonymous_17)
DA:1,2
DA:2,2
DA:3,2
DA:14,2
DA:16,2
DA:18,2
DA:25,2
DA:26,2
DA:27,2
DA:28,2
DA:31,2
DA:33,2
DA:35,2
DA:38,2
DA:40,2
DA:41,3
DA:42,3
DA:43,3
DA:44,3
DA:46,0
DA:47,0
DA:49,0
DA:50,0
DA:53,2
DA:54,2
DA:56,2
DA:57,1
DA:58,1
DA:59,1
DA:60,0
DA:62,1
DA:63,0
DA:64,0
DA:67,1
DA:71,1
DA:74,0
DA:75,0
DA:78,0
DA:79,0
DA:82,2
DA:83,0
DA:84,0
DA:85,0
DA:87,0
DA:88,0
DA:91,0
DA:92,0
DA:95,0
DA:97,0
DA:98,0
DA:99,0
DA:101,0
DA:108,2
DA:109,2
DA:110,2
DA:111,0
DA:113,2
DA:115,2
DA:116,0
DA:117,0
DA:121,2
DA:122,2
DA:123,2
DA:126,2
DA:138,2
DA:145,2
DA:147,0
DA:148,0
DA:150,0
DA:151,0
DA:155,0
DA:156,0
DA:164,2
DA:165,2
DA:171,2
DA:172,0
DA:181,2
DA:183,2
DA:188,2
DA:189,2
DA:191,2
DA:192,2
DA:193,2
DA:196,2
DA:206,1
DA:208,1
DA:209,1
DA:211,1
DA:212,1
DA:213,1
DA:214,1
DA:216,0
DA:217,0
DA:228,2
DA:232,0
DA:234,0
DA:235,0
DA:238,0
DA:248,0
DA:250,0
DA:251,0
DA:253,0
DA:254,0
DA:255,0
DA:256,0
DA:258,0
DA:259,0
DA:266,2
DA:270,0
DA:271,0
DA:272,0
DA:273,0
DA:275,0
DA:276,0
DA:284,2
DA:287,0
DA:288,0
DA:289,0
DA:290,0
DA:292,0
DA:293,0
DA:300,2
DA:301,0
DA:302,0
DA:304,0
DA:311,0
DA:313,0
DA:314,0
DA:321,2
DA:322,0
DA:323,0
DA:324,0
DA:326,0
DA:327,0
DA:331,2
LF:135
LH:64
BRDA:19,0,0,2
BRDA:19,0,1,2
BRDA:19,0,2,0
BRDA:20,1,0,2
BRDA:20,1,1,2
BRDA:20,1,2,0
BRDA:22,2,0,2
BRDA:22,2,1,0
BRDA:25,3,0,2
BRDA:25,4,0,2
BRDA:25,4,1,2
BRDA:33,5,0,2
BRDA:33,5,1,0
BRDA:38,6,0,2
BRDA:38,6,1,0
BRDA:41,7,0,0
BRDA:43,8,0,3
BRDA:46,9,0,0
BRDA:46,10,0,0
BRDA:46,10,1,0
BRDA:49,11,0,0
BRDA:49,11,1,0
BRDA:50,12,0,0
BRDA:50,12,1,0
BRDA:56,13,0,1
BRDA:57,14,0,1
BRDA:59,15,0,0
BRDA:62,16,0,0
BRDA:67,17,0,0
BRDA:67,17,1,1
BRDA:67,18,0,1
BRDA:67,18,1,1
BRDA:74,19,0,0
BRDA:74,20,0,0
BRDA:74,20,1,0
BRDA:78,21,0,0
BRDA:78,21,1,0
BRDA:87,22,0,0
BRDA:91,23,0,0
BRDA:98,24,0,0
BRDA:113,25,0,2
BRDA:113,25,1,0
BRDA:115,26,0,0
BRDA:147,27,0,0
BRDA:147,27,1,0
BRDA:147,28,0,0
BRDA:147,28,1,0
BRDA:185,29,0,0
BRDA:186,30,0,1
BRDA:191,31,0,2
BRDA:191,31,1,0
BRDA:192,32,0,2
BRDA:192,32,1,0
BRDA:211,33,0,1
BRDA:211,34,0,1
BRDA:211,34,1,1
BRDA:217,35,0,0
BRDA:217,35,1,0
BRDA:230,36,0,0
BRDA:234,37,0,0
BRDA:234,37,1,0
BRDA:253,38,0,0
BRDA:253,39,0,0
BRDA:253,39,1,0
BRDA:259,40,0,0
BRDA:259,40,1,0
BRDA:268,41,0,0
BRF:67
BRH:23
end_of_record
TN:
SF:src/utils/bcrypt.ts
FN:8,(anonymous_1)
FN:16,(anonymous_2)
FN:23,(anonymous_3)
FNF:3
FNH:0
FNDA:0,(anonymous_1)
FNDA:0,(anonymous_2)
FNDA:0,(anonymous_3)
DA:1,0
DA:3,0
DA:8,0
DA:9,0
DA:10,0
DA:16,0
DA:17,0
DA:23,0
DA:27,0
DA:29,0
DA:30,0
DA:33,0
DA:34,0
DA:37,0
DA:38,0
DA:41,0
DA:42,0
DA:45,0
DA:46,0
DA:49,0
LF:20
LH:0
BRDA:3,0,0,0
BRDA:3,0,1,0
BRDA:29,1,0,0
BRDA:33,2,0,0
BRDA:37,3,0,0
BRDA:41,4,0,0
BRDA:45,5,0,0
BRF:7
BRH:0
end_of_record
TN:
SF:src/utils/jwt.ts
FN:18,(anonymous_1)
FN:27,(anonymous_2)
FN:36,(anonymous_3)
FN:45,(anonymous_4)
FN:57,(anonymous_5)
FNF:5
FNH:0
FNDA:0,(anonymous_1)
FNDA:0,(anonymous_2)
FNDA:0,(anonymous_3)
FNDA:0,(anonymous_4)
FNDA:0,(anonymous_5)
DA:1,0
DA:11,0
DA:12,0
DA:13,0
DA:18,0
DA:19,0
DA:27,0
DA:28,0
DA:36,0
DA:37,0
DA:45,0
DA:46,0
DA:47,0
DA:48,0
DA:50,0
DA:57,0
DA:63,0
DA:70,0
DA:72,0
LF:19
LH:0
BRDA:11,0,0,0
BRDA:11,0,1,0
BRDA:12,1,0,0
BRDA:12,1,1,0
BRDA:13,2,0,0
BRDA:13,2,1,0
BRDA:61,3,0,0
BRF:7
BRH:0
end_of_record
TN:
SF:src/utils/security.ts
FN:15,hashPasswordPBKDF2
FN:23,isPBKDF2Hash
FN:27,verifyPBKDF2
FN:40,sanitizeInput
FN:44,isValidEmail
FN:49,validatePasswordStrength
FN:59,generateVerificationCode
FN:63,hashVerificationCode
FN:67,isRateLimited
FN:70,(anonymous_10)
FN:80,issueCsrfToken
FN:86,validateCsrfToken
FNF:12
FNH:0
FNDA:0,hashPasswordPBKDF2
FNDA:0,isPBKDF2Hash
FNDA:0,verifyPBKDF2
FNDA:0,sanitizeInput
FNDA:0,isValidEmail
FNDA:0,validatePasswordStrength
FNDA:0,generateVerificationCode
FNDA:0,hashVerificationCode
FNDA:0,isRateLimited
FNDA:0,(anonymous_10)
FNDA:0,issueCsrfToken
FNDA:0,validateCsrfToken
DA:1,1
DA:3,1
DA:4,1
DA:5,1
DA:7,1
DA:8,1
DA:10,1
DA:11,1
DA:15,1
DA:16,0
DA:17,0
DA:20,0
DA:23,1
DA:24,0
DA:27,1
DA:28,0
DA:29,0
DA:30,0
DA:31,0
DA:34,0
DA:36,0
DA:40,1
DA:41,0
DA:44,1
DA:45,0
DA:46,0
DA:49,1
DA:50,0
DA:51,0
DA:52,0
DA:53,0
DA:54,0
DA:55,0
DA:56,0
DA:59,1
DA:60,0
DA:63,1
DA:64,0
DA:67,1
DA:68,0
DA:69,0
DA:70,0
DA:71,0
DA:72,0
DA:73,0
DA:75,0
DA:76,0
DA:77,0
DA:80,1
DA:81,0
DA:82,0
DA:83,0
DA:86,1
DA:87,0
DA:88,0
DA:89,0
DA:90,0
DA:91,0
DA:92,0
DA:94,0
LF:60
LH:19
BRDA:32,0,0,0
BRDA:32,0,1,0
BRDA:46,1,0,0
BRDA:46,1,1,0
BRDA:51,2,0,0
BRDA:52,3,0,0
BRDA:53,4,0,0
BRDA:54,5,0,0
BRDA:55,6,0,0
BRDA:67,7,0,0
BRDA:67,8,0,0
BRDA:69,9,0,0
BRDA:69,9,1,0
BRDA:71,10,0,0
BRDA:87,11,0,0
BRDA:89,12,0,0
BRDA:90,13,0,0
BRF:17
BRH:0
end_of_record
TN:
SF:src/validators/auth.ts
FN:4,(anonymous_0)
FN:12,(anonymous_1)
FN:39,(anonymous_2)
FN:75,(anonymous_3)
FNF:4
FNH:0
FNDA:0,(anonymous_0)
FNDA:0,(anonymous_1)
FNDA:0,(anonymous_2)
FNDA:0,(anonymous_3)
DA:4,0
DA:5,0
DA:6,0
DA:12,0
DA:16,0
DA:18,0
DA:19,0
DA:22,0
DA:23,0
DA:26,0
DA:27,0
DA:30,0
DA:39,0
DA:47,0
DA:49,0
DA:50,0
DA:53,0
DA:54,0
DA:56,0
DA:57,0
DA:58,0
DA:62,0
DA:63,0
DA:66,0
DA:75,0
DA:82,0
DA:84,0
DA:85,0
DA:88,0
DA:89,0
DA:92,0
LF:31
LH:0
BRDA:18,0,0,0
BRDA:22,1,0,0
BRDA:26,2,0,0
BRDA:49,3,0,0
BRDA:49,4,0,0
BRDA:49,4,1,0
BRDA:53,5,0,0
BRDA:53,5,1,0
BRDA:57,6,0,0
BRDA:62,7,0,0
BRDA:84,8,0,0
BRDA:88,9,0,0
BRF:12
BRH:0
end_of_record
